22:43:35 **** Build of configuration Debug for project Clase03TN ****
make all 
Building file: ../src/EjercicioSearchAndReplaceCharacters.cpp
Invoking: GCC C++ Compiler
g++ -O0 -g3 -Wall -c -fmessage-length=0 -MMD -MP -MF"src/EjercicioSearchAndReplaceCharacters.d" -MT"src/EjercicioSearchAndReplaceCharacters.o" -o "src/EjercicioSearchAndReplaceCharacters.o" "../src/EjercicioSearchAndReplaceCharacters.cpp"
Finished building: ../src/EjercicioSearchAndReplaceCharacters.cpp
 
Building target: Clase03TN
Invoking: GCC C++ Linker
g++  -o "Clase03TN" ./src/EjercicioSearchAndReplaceCharacters.o   
Finished building target: Clase03TN
 
18:42:08 **** Incremental Build of configuration Debug for project Clase03TN ****
make all 
Building file: ../src/EjercicioSearchAndReplaceCharacters.cpp
Invoking: GCC C++ Compiler
g++ -O0 -g3 -Wall -c -fmessage-length=0 -MMD -MP -MF"src/EjercicioSearchAndReplaceCharacters.d" -MT"src/EjercicioSearchAndReplaceCharacters.o" -o "src/EjercicioSearchAndReplaceCharacters.o" "../src/EjercicioSearchAndReplaceCharacters.cpp"
../src/EjercicioSearchAndReplaceCharacters.cpp: In function ‘int main()’:
../src/EjercicioSearchAndReplaceCharacters.cpp:28:9: error: expected primary-expression before ‘return’
   28 |         return 0;
      |         ^~~~~~
../src/EjercicioSearchAndReplaceCharacters.cpp: In function ‘bool ContieneSubTexto(char*, char*)’:
../src/EjercicioSearchAndReplaceCharacters.cpp:36:1: warning: no return statement in function returning non-void [-Wreturn-type]
   36 | }
      | ^
../src/EjercicioSearchAndReplaceCharacters.cpp: In function ‘bool BuscarCaracter(char*, char)’:
../src/EjercicioSearchAndReplaceCharacters.cpp:42:27: warning: comparison of integer expressions of different signedness: ‘int’ and ‘size_t’ {aka ‘long unsigned int’} [-Wsign-compare]
   42 |         for(pos = 0 ; pos < strlen(texto); pos++){
      |                       ~~~~^~~~~~~~~~~~~~~
../src/EjercicioSearchAndReplaceCharacters.cpp:43:42: error: expected primary-expression before ‘return’
   43 |                 texto[pos] == caracter ? return true : return false
      |                                          ^~~~~~
../src/EjercicioSearchAndReplaceCharacters.cpp:43:41: error: expected ‘:’ before ‘return’
   43 |                 texto[pos] == caracter ? return true : return false
      |                                         ^~~~~~~
      |                                         :
../src/EjercicioSearchAndReplaceCharacters.cpp:43:42: error: expected primary-expression before ‘return’
   43 |                 texto[pos] == caracter ? return true : return false
      |                                          ^~~~~~
../src/EjercicioSearchAndReplaceCharacters.cpp:46:1: warning: no return statement in function returning non-void [-Wreturn-type]
   46 | }
      | ^
make: *** [src/subdir.mk:20: src/EjercicioSearchAndReplaceCharacters.o] Error 1
"make all" terminated with exit code 2. Build might be incomplete.
18:42:21 **** Incremental Build of configuration Debug for project Clase03TN ****
make all 
Building file: ../src/EjercicioSearchAndReplaceCharacters.cpp
Invoking: GCC C++ Compiler
g++ -O0 -g3 -Wall -c -fmessage-length=0 -MMD -MP -MF"src/EjercicioSearchAndReplaceCharacters.d" -MT"src/EjercicioSearchAndReplaceCharacters.o" -o "src/EjercicioSearchAndReplaceCharacters.o" "../src/EjercicioSearchAndReplaceCharacters.cpp"
../src/EjercicioSearchAndReplaceCharacters.cpp: In function ‘int main()’:
../src/EjercicioSearchAndReplaceCharacters.cpp:28:9: error: expected primary-expression before ‘return’
   28 |         return 0;
      |         ^~~~~~
../src/EjercicioSearchAndReplaceCharacters.cpp: In function ‘bool ContieneSubTexto(char*, char*)’:
../src/EjercicioSearchAndReplaceCharacters.cpp:36:1: warning: no return statement in function returning non-void [-Wreturn-type]
   36 | }
      | ^
../src/EjercicioSearchAndReplaceCharacters.cpp: In function ‘bool BuscarCaracter(char*, char)’:
../src/EjercicioSearchAndReplaceCharacters.cpp:42:27: warning: comparison of integer expressions of different signedness: ‘int’ and ‘size_t’ {aka ‘long unsigned int’} [-Wsign-compare]
   42 |         for(pos = 0 ; pos < strlen(texto); pos++){
      |                       ~~~~^~~~~~~~~~~~~~~
../src/EjercicioSearchAndReplaceCharacters.cpp:43:42: error: expected primary-expression before ‘return’
   43 |                 texto[pos] == caracter ? return true : return false ;
      |                                          ^~~~~~
../src/EjercicioSearchAndReplaceCharacters.cpp:43:41: error: expected ‘:’ before ‘return’
   43 |                 texto[pos] == caracter ? return true : return false ;
      |                                         ^~~~~~~
      |                                         :
../src/EjercicioSearchAndReplaceCharacters.cpp:43:42: error: expected primary-expression before ‘return’
   43 |                 texto[pos] == caracter ? return true : return false ;
      |                                          ^~~~~~
../src/EjercicioSearchAndReplaceCharacters.cpp:46:1: warning: no return statement in function returning non-void [-Wreturn-type]
   46 | }
      | ^
make: *** [src/subdir.mk:20: src/EjercicioSearchAndReplaceCharacters.o] Error 1
"make all" terminated with exit code 2. Build might be incomplete.
18:43:46 **** Incremental Build of configuration Debug for project Clase03TN ****
make all 
Building file: ../src/EjercicioSearchAndReplaceCharacters.cpp
Invoking: GCC C++ Compiler
g++ -O0 -g3 -Wall -c -fmessage-length=0 -MMD -MP -MF"src/EjercicioSearchAndReplaceCharacters.d" -MT"src/EjercicioSearchAndReplaceCharacters.o" -o "src/EjercicioSearchAndReplaceCharacters.o" "../src/EjercicioSearchAndReplaceCharacters.cpp"
../src/EjercicioSearchAndReplaceCharacters.cpp: In function ‘int main()’:
../src/EjercicioSearchAndReplaceCharacters.cpp:28:9: error: expected primary-expression before ‘return’
   28 |         return 0;
      |         ^~~~~~
../src/EjercicioSearchAndReplaceCharacters.cpp: In function ‘bool ContieneSubTexto(char*, char*)’:
../src/EjercicioSearchAndReplaceCharacters.cpp:36:1: warning: no return statement in function returning non-void [-Wreturn-type]
   36 | }
      | ^
../src/EjercicioSearchAndReplaceCharacters.cpp: In function ‘bool BuscarCaracter(char*, char)’:
../src/EjercicioSearchAndReplaceCharacters.cpp:51:1: warning: control reaches end of non-void function [-Wreturn-type]
   51 | }
      | ^
make: *** [src/subdir.mk:20: src/EjercicioSearchAndReplaceCharacters.o] Error 1
"make all" terminated with exit code 2. Build might be incomplete.
18:44:07 **** Incremental Build of configuration Debug for project Clase03TN ****
make all 
Building file: ../src/EjercicioSearchAndReplaceCharacters.cpp
Invoking: GCC C++ Compiler
g++ -O0 -g3 -Wall -c -fmessage-length=0 -MMD -MP -MF"src/EjercicioSearchAndReplaceCharacters.d" -MT"src/EjercicioSearchAndReplaceCharacters.o" -o "src/EjercicioSearchAndReplaceCharacters.o" "../src/EjercicioSearchAndReplaceCharacters.cpp"
../src/EjercicioSearchAndReplaceCharacters.cpp: In function ‘bool ContieneSubTexto(char*, char*)’:
../src/EjercicioSearchAndReplaceCharacters.cpp:36:1: warning: no return statement in function returning non-void [-Wreturn-type]
   36 | }
      | ^
../src/EjercicioSearchAndReplaceCharacters.cpp: In function ‘bool BuscarCaracter(char*, char)’:
../src/EjercicioSearchAndReplaceCharacters.cpp:51:1: warning: control reaches end of non-void function [-Wreturn-type]
   51 | }
      | ^
Finished building: ../src/EjercicioSearchAndReplaceCharacters.cpp
 
Building target: Clase03TN
Invoking: GCC C++ Linker
g++  -o "Clase03TN" ./src/EjercicioSearchAndReplaceCharacters.o   
Finished building target: Clase03TN
 
18:45:39 **** Incremental Build of configuration Debug for project Clase03TN ****
make all 
make: Nothing to be done for 'all'.
18:47:09 **** Incremental Build of configuration Debug for project Clase03TN ****
make all 
Building file: ../src/EjercicioSearchAndReplaceCharacters.cpp
Invoking: GCC C++ Compiler
g++ -O0 -g3 -Wall -c -fmessage-length=0 -MMD -MP -MF"src/EjercicioSearchAndReplaceCharacters.d" -MT"src/EjercicioSearchAndReplaceCharacters.o" -o "src/EjercicioSearchAndReplaceCharacters.o" "../src/EjercicioSearchAndReplaceCharacters.cpp"
../src/EjercicioSearchAndReplaceCharacters.cpp: In function ‘int main()’:
../src/EjercicioSearchAndReplaceCharacters.cpp:30:32: error: cannot convert ‘std::string’ {aka ‘std::__cxx11::basic_string<char>’} to ‘char*’
   30 |         cout << BuscarCaracter(nombre,letra);
      |                                ^~~~~~
      |                                |
      |                                std::string {aka std::__cxx11::basic_string<char>}
../src/EjercicioSearchAndReplaceCharacters.cpp:24:26: note:   initializing argument 1 of ‘bool BuscarCaracter(char*, char)’
   24 | bool BuscarCaracter(char texto[], char caracter);
      |                     ~~~~~^~~~~~~
../src/EjercicioSearchAndReplaceCharacters.cpp: In function ‘bool ContieneSubTexto(char*, char*)’:
../src/EjercicioSearchAndReplaceCharacters.cpp:40:1: warning: no return statement in function returning non-void [-Wreturn-type]
   40 | }
      | ^
../src/EjercicioSearchAndReplaceCharacters.cpp: In function ‘bool BuscarCaracter(char*, char)’:
../src/EjercicioSearchAndReplaceCharacters.cpp:55:1: warning: control reaches end of non-void function [-Wreturn-type]
   55 | }
      | ^
make: *** [src/subdir.mk:20: src/EjercicioSearchAndReplaceCharacters.o] Error 1
"make all" terminated with exit code 2. Build might be incomplete.
18:47:50 **** Incremental Build of configuration Debug for project Clase03TN ****
make all 
Building file: ../src/EjercicioSearchAndReplaceCharacters.cpp
Invoking: GCC C++ Compiler
g++ -O0 -g3 -Wall -c -fmessage-length=0 -MMD -MP -MF"src/EjercicioSearchAndReplaceCharacters.d" -MT"src/EjercicioSearchAndReplaceCharacters.o" -o "src/EjercicioSearchAndReplaceCharacters.o" "../src/EjercicioSearchAndReplaceCharacters.cpp"
../src/EjercicioSearchAndReplaceCharacters.cpp: In function ‘bool ContieneSubTexto(char*, char*)’:
../src/EjercicioSearchAndReplaceCharacters.cpp:40:1: warning: no return statement in function returning non-void [-Wreturn-type]
   40 | }
      | ^
../src/EjercicioSearchAndReplaceCharacters.cpp: In function ‘bool BuscarCaracter(char*, char)’:
../src/EjercicioSearchAndReplaceCharacters.cpp:55:1: warning: control reaches end of non-void function [-Wreturn-type]
   55 | }
      | ^
Finished building: ../src/EjercicioSearchAndReplaceCharacters.cpp
 
Building target: Clase03TN
Invoking: GCC C++ Linker
g++  -o "Clase03TN" ./src/EjercicioSearchAndReplaceCharacters.o   
Finished building target: Clase03TN
 
18:49:31 **** Incremental Build of configuration Debug for project Clase03TN ****
make all 
make: Nothing to be done for 'all'.
18:50:22 **** Incremental Build of configuration Debug for project Clase03TN ****
make all 
Building file: ../src/EjercicioSearchAndReplaceCharacters.cpp
Invoking: GCC C++ Compiler
g++ -O0 -g3 -Wall -c -fmessage-length=0 -MMD -MP -MF"src/EjercicioSearchAndReplaceCharacters.d" -MT"src/EjercicioSearchAndReplaceCharacters.o" -o "src/EjercicioSearchAndReplaceCharacters.o" "../src/EjercicioSearchAndReplaceCharacters.cpp"
../src/EjercicioSearchAndReplaceCharacters.cpp: In function ‘bool ContieneSubTexto(char*, char*)’:
../src/EjercicioSearchAndReplaceCharacters.cpp:40:1: warning: no return statement in function returning non-void [-Wreturn-type]
   40 | }
      | ^
../src/EjercicioSearchAndReplaceCharacters.cpp: In function ‘bool BuscarCaracter(char*, char)’:
../src/EjercicioSearchAndReplaceCharacters.cpp:55:1: warning: control reaches end of non-void function [-Wreturn-type]
   55 | }
      | ^
Finished building: ../src/EjercicioSearchAndReplaceCharacters.cpp
 
Building target: Clase03TN
Invoking: GCC C++ Linker
g++  -o "Clase03TN" ./src/EjercicioSearchAndReplaceCharacters.o   
Finished building target: Clase03TN
 
18:50:25 **** Incremental Build of configuration Debug for project Clase03TN ****
make all 
make: Nothing to be done for 'all'.
18:51:23 **** Incremental Build of configuration Debug for project Clase03TN ****
make all 
Building file: ../src/EjercicioSearchAndReplaceCharacters.cpp
Invoking: GCC C++ Compiler
g++ -O0 -g3 -Wall -c -fmessage-length=0 -MMD -MP -MF"src/EjercicioSearchAndReplaceCharacters.d" -MT"src/EjercicioSearchAndReplaceCharacters.o" -o "src/EjercicioSearchAndReplaceCharacters.o" "../src/EjercicioSearchAndReplaceCharacters.cpp"
../src/EjercicioSearchAndReplaceCharacters.cpp: In function ‘bool ContieneSubTexto(char*, char*)’:
../src/EjercicioSearchAndReplaceCharacters.cpp:40:1: warning: no return statement in function returning non-void [-Wreturn-type]
   40 | }
      | ^
../src/EjercicioSearchAndReplaceCharacters.cpp: In function ‘bool BuscarCaracter(char*, char)’:
../src/EjercicioSearchAndReplaceCharacters.cpp:55:1: warning: control reaches end of non-void function [-Wreturn-type]
   55 | }
      | ^
Finished building: ../src/EjercicioSearchAndReplaceCharacters.cpp
 
Building target: Clase03TN
Invoking: GCC C++ Linker
g++  -o "Clase03TN" ./src/EjercicioSearchAndReplaceCharacters.o   
Finished building target: Clase03TN
 
18:51:25 **** Incremental Build of configuration Debug for project Clase03TN ****
make all 
make: Nothing to be done for 'all'.
18:51:34 **** Incremental Build of configuration Debug for project Clase03TN ****
make all 
Building file: ../src/EjercicioSearchAndReplaceCharacters.cpp
Invoking: GCC C++ Compiler
g++ -O0 -g3 -Wall -c -fmessage-length=0 -MMD -MP -MF"src/EjercicioSearchAndReplaceCharacters.d" -MT"src/EjercicioSearchAndReplaceCharacters.o" -o "src/EjercicioSearchAndReplaceCharacters.o" "../src/EjercicioSearchAndReplaceCharacters.cpp"
../src/EjercicioSearchAndReplaceCharacters.cpp: In function ‘bool ContieneSubTexto(char*, char*)’:
../src/EjercicioSearchAndReplaceCharacters.cpp:40:1: warning: no return statement in function returning non-void [-Wreturn-type]
   40 | }
      | ^
../src/EjercicioSearchAndReplaceCharacters.cpp: In function ‘bool BuscarCaracter(char*, char)’:
../src/EjercicioSearchAndReplaceCharacters.cpp:55:1: warning: control reaches end of non-void function [-Wreturn-type]
   55 | }
      | ^
Finished building: ../src/EjercicioSearchAndReplaceCharacters.cpp
 
Building target: Clase03TN
Invoking: GCC C++ Linker
g++  -o "Clase03TN" ./src/EjercicioSearchAndReplaceCharacters.o   
Finished building target: Clase03TN
 
18:51:36 **** Incremental Build of configuration Debug for project Clase03TN ****
make all 
make: Nothing to be done for 'all'.
18:52:03 **** Incremental Build of configuration Debug for project Clase03TN ****
make all 
Building file: ../src/EjercicioSearchAndReplaceCharacters.cpp
Invoking: GCC C++ Compiler
g++ -O0 -g3 -Wall -c -fmessage-length=0 -MMD -MP -MF"src/EjercicioSearchAndReplaceCharacters.d" -MT"src/EjercicioSearchAndReplaceCharacters.o" -o "src/EjercicioSearchAndReplaceCharacters.o" "../src/EjercicioSearchAndReplaceCharacters.cpp"
../src/EjercicioSearchAndReplaceCharacters.cpp: In function ‘bool ContieneSubTexto(char*, char*)’:
../src/EjercicioSearchAndReplaceCharacters.cpp:40:1: warning: no return statement in function returning non-void [-Wreturn-type]
   40 | }
      | ^
../src/EjercicioSearchAndReplaceCharacters.cpp: In function ‘bool BuscarCaracter(char*, char)’:
../src/EjercicioSearchAndReplaceCharacters.cpp:55:1: warning: control reaches end of non-void function [-Wreturn-type]
   55 | }
      | ^
Finished building: ../src/EjercicioSearchAndReplaceCharacters.cpp
 
Building target: Clase03TN
Invoking: GCC C++ Linker
g++  -o "Clase03TN" ./src/EjercicioSearchAndReplaceCharacters.o   
Finished building target: Clase03TN
 
18:52:05 **** Incremental Build of configuration Debug for project Clase03TN ****
make all 
make: Nothing to be done for 'all'.
18:52:47 **** Incremental Build of configuration Debug for project Clase03TN ****
make all 
Building file: ../src/EjercicioSearchAndReplaceCharacters.cpp
Invoking: GCC C++ Compiler
g++ -O0 -g3 -Wall -c -fmessage-length=0 -MMD -MP -MF"src/EjercicioSearchAndReplaceCharacters.d" -MT"src/EjercicioSearchAndReplaceCharacters.o" -o "src/EjercicioSearchAndReplaceCharacters.o" "../src/EjercicioSearchAndReplaceCharacters.cpp"
../src/EjercicioSearchAndReplaceCharacters.cpp: In function ‘int main()’:
../src/EjercicioSearchAndReplaceCharacters.cpp:28:14: warning: unused variable ‘nombre’ [-Wunused-variable]
   28 |         char nombre[] =  {'s','s','a'};
      |              ^~~~~~
../src/EjercicioSearchAndReplaceCharacters.cpp:29:14: warning: unused variable ‘letra’ [-Wunused-variable]
   29 |         char letra = 'a';
      |              ^~~~~
../src/EjercicioSearchAndReplaceCharacters.cpp: In function ‘bool ContieneSubTexto(char*, char*)’:
../src/EjercicioSearchAndReplaceCharacters.cpp:40:1: warning: no return statement in function returning non-void [-Wreturn-type]
   40 | }
      | ^
../src/EjercicioSearchAndReplaceCharacters.cpp: In function ‘bool BuscarCaracter(char*, char)’:
../src/EjercicioSearchAndReplaceCharacters.cpp:55:1: warning: control reaches end of non-void function [-Wreturn-type]
   55 | }
      | ^
Finished building: ../src/EjercicioSearchAndReplaceCharacters.cpp
 
Building target: Clase03TN
Invoking: GCC C++ Linker
g++  -o "Clase03TN" ./src/EjercicioSearchAndReplaceCharacters.o   
Finished building target: Clase03TN
 
18:52:48 **** Incremental Build of configuration Debug for project Clase03TN ****
make all 
make: Nothing to be done for 'all'.
18:52:50 **** Incremental Build of configuration Debug for project Clase03TN ****
make all 
make: Nothing to be done for 'all'.
18:52:52 **** Incremental Build of configuration Debug for project Clase03TN ****
make all 
make: Nothing to be done for 'all'.
18:52:58 **** Incremental Build of configuration Debug for project Clase03TN ****
make all 
make: Nothing to be done for 'all'.
18:53:00 **** Incremental Build of configuration Debug for project Clase03TN ****
make all 
make: Nothing to be done for 'all'.
18:53:14 **** Incremental Build of configuration Debug for project Clase03TN ****
make all 
make: Nothing to be done for 'all'.
18:53:18 **** Incremental Build of configuration Debug for project Clase03TN ****
make all 
Building file: ../src/EjercicioSearchAndReplaceCharacters.cpp
Invoking: GCC C++ Compiler
g++ -O0 -g3 -Wall -c -fmessage-length=0 -MMD -MP -MF"src/EjercicioSearchAndReplaceCharacters.d" -MT"src/EjercicioSearchAndReplaceCharacters.o" -o "src/EjercicioSearchAndReplaceCharacters.o" "../src/EjercicioSearchAndReplaceCharacters.cpp"
../src/EjercicioSearchAndReplaceCharacters.cpp: In function ‘bool ContieneSubTexto(char*, char*)’:
../src/EjercicioSearchAndReplaceCharacters.cpp:40:1: warning: no return statement in function returning non-void [-Wreturn-type]
   40 | }
      | ^
../src/EjercicioSearchAndReplaceCharacters.cpp: In function ‘bool BuscarCaracter(char*, char)’:
../src/EjercicioSearchAndReplaceCharacters.cpp:55:1: warning: control reaches end of non-void function [-Wreturn-type]
   55 | }
      | ^
Finished building: ../src/EjercicioSearchAndReplaceCharacters.cpp
 
Building target: Clase03TN
Invoking: GCC C++ Linker
g++  -o "Clase03TN" ./src/EjercicioSearchAndReplaceCharacters.o   
Finished building target: Clase03TN
 
18:54:07 **** Incremental Build of configuration Debug for project Clase03TN ****
make all 
Building file: ../src/EjercicioSearchAndReplaceCharacters.cpp
Invoking: GCC C++ Compiler
g++ -O0 -g3 -Wall -c -fmessage-length=0 -MMD -MP -MF"src/EjercicioSearchAndReplaceCharacters.d" -MT"src/EjercicioSearchAndReplaceCharacters.o" -o "src/EjercicioSearchAndReplaceCharacters.o" "../src/EjercicioSearchAndReplaceCharacters.cpp"
../src/EjercicioSearchAndReplaceCharacters.cpp: In function ‘bool ContieneSubTexto(char*, char*)’:
../src/EjercicioSearchAndReplaceCharacters.cpp:40:1: warning: no return statement in function returning non-void [-Wreturn-type]
   40 | }
      | ^
../src/EjercicioSearchAndReplaceCharacters.cpp: In function ‘bool BuscarCaracter(char*, char)’:
../src/EjercicioSearchAndReplaceCharacters.cpp:55:1: warning: control reaches end of non-void function [-Wreturn-type]
   55 | }
      | ^
Finished building: ../src/EjercicioSearchAndReplaceCharacters.cpp
 
Building target: Clase03TN
Invoking: GCC C++ Linker
g++  -o "Clase03TN" ./src/EjercicioSearchAndReplaceCharacters.o   
Finished building target: Clase03TN
 
18:54:16 **** Incremental Build of configuration Debug for project Clase03TN ****
make all 
Building file: ../src/EjercicioSearchAndReplaceCharacters.cpp
Invoking: GCC C++ Compiler
g++ -O0 -g3 -Wall -c -fmessage-length=0 -MMD -MP -MF"src/EjercicioSearchAndReplaceCharacters.d" -MT"src/EjercicioSearchAndReplaceCharacters.o" -o "src/EjercicioSearchAndReplaceCharacters.o" "../src/EjercicioSearchAndReplaceCharacters.cpp"
../src/EjercicioSearchAndReplaceCharacters.cpp: In function ‘bool ContieneSubTexto(char*, char*)’:
../src/EjercicioSearchAndReplaceCharacters.cpp:40:1: warning: no return statement in function returning non-void [-Wreturn-type]
   40 | }
      | ^
../src/EjercicioSearchAndReplaceCharacters.cpp: In function ‘bool BuscarCaracter(char*, char)’:
../src/EjercicioSearchAndReplaceCharacters.cpp:55:1: warning: control reaches end of non-void function [-Wreturn-type]
   55 | }
      | ^
Finished building: ../src/EjercicioSearchAndReplaceCharacters.cpp
 
Building target: Clase03TN
Invoking: GCC C++ Linker
g++  -o "Clase03TN" ./src/EjercicioSearchAndReplaceCharacters.o   
Finished building target: Clase03TN
 
18:54:21 **** Incremental Build of configuration Debug for project Clase03TN ****
make all 
make: Nothing to be done for 'all'.
18:54:23 **** Incremental Build of configuration Debug for project Clase03TN ****
make all 
make: Nothing to be done for 'all'.
18:57:38 **** Incremental Build of configuration Debug for project Clase03TN ****
make all 
Building file: ../src/EjercicioSearchAndReplaceCharacters.cpp
Invoking: GCC C++ Compiler
g++ -O0 -g3 -Wall -c -fmessage-length=0 -MMD -MP -MF"src/EjercicioSearchAndReplaceCharacters.d" -MT"src/EjercicioSearchAndReplaceCharacters.o" -o "src/EjercicioSearchAndReplaceCharacters.o" "../src/EjercicioSearchAndReplaceCharacters.cpp"
../src/EjercicioSearchAndReplaceCharacters.cpp: In function ‘bool ContieneSubTexto(char*, char*)’:
../src/EjercicioSearchAndReplaceCharacters.cpp:40:1: warning: no return statement in function returning non-void [-Wreturn-type]
   40 | }
      | ^
../src/EjercicioSearchAndReplaceCharacters.cpp: In function ‘bool BuscarCaracter(char*, char)’:
../src/EjercicioSearchAndReplaceCharacters.cpp:49:35: error: expected primary-expression before ‘return’
   49 |         pos == strlen(texto) -1 ? return false : return true;
      |                                   ^~~~~~
../src/EjercicioSearchAndReplaceCharacters.cpp:49:34: error: expected ‘:’ before ‘return’
   49 |         pos == strlen(texto) -1 ? return false : return true;
      |                                  ^~~~~~~
      |                                  :
../src/EjercicioSearchAndReplaceCharacters.cpp:49:35: error: expected primary-expression before ‘return’
   49 |         pos == strlen(texto) -1 ? return false : return true;
      |                                   ^~~~~~
../src/EjercicioSearchAndReplaceCharacters.cpp:50:1: warning: no return statement in function returning non-void [-Wreturn-type]
   50 | }
      | ^
make: *** [src/subdir.mk:20: src/EjercicioSearchAndReplaceCharacters.o] Error 1
"make all" terminated with exit code 2. Build might be incomplete.
18:57:43 **** Incremental Build of configuration Debug for project Clase03TN ****
make all 
Building file: ../src/EjercicioSearchAndReplaceCharacters.cpp
Invoking: GCC C++ Compiler
g++ -O0 -g3 -Wall -c -fmessage-length=0 -MMD -MP -MF"src/EjercicioSearchAndReplaceCharacters.d" -MT"src/EjercicioSearchAndReplaceCharacters.o" -o "src/EjercicioSearchAndReplaceCharacters.o" "../src/EjercicioSearchAndReplaceCharacters.cpp"
../src/EjercicioSearchAndReplaceCharacters.cpp: In function ‘bool ContieneSubTexto(char*, char*)’:
../src/EjercicioSearchAndReplaceCharacters.cpp:40:1: warning: no return statement in function returning non-void [-Wreturn-type]
   40 | }
      | ^
../src/EjercicioSearchAndReplaceCharacters.cpp: In function ‘bool BuscarCaracter(char*, char)’:
../src/EjercicioSearchAndReplaceCharacters.cpp:49:35: error: expected primary-expression before ‘return’
   49 |         pos == strlen(texto) -1 ? return false : return true;
      |                                   ^~~~~~
../src/EjercicioSearchAndReplaceCharacters.cpp:49:34: error: expected ‘:’ before ‘return’
   49 |         pos == strlen(texto) -1 ? return false : return true;
      |                                  ^~~~~~~
      |                                  :
../src/EjercicioSearchAndReplaceCharacters.cpp:49:35: error: expected primary-expression before ‘return’
   49 |         pos == strlen(texto) -1 ? return false : return true;
      |                                   ^~~~~~
../src/EjercicioSearchAndReplaceCharacters.cpp:50:1: warning: no return statement in function returning non-void [-Wreturn-type]
   50 | }
      | ^
make: *** [src/subdir.mk:20: src/EjercicioSearchAndReplaceCharacters.o] Error 1
"make all" terminated with exit code 2. Build might be incomplete.
18:58:23 **** Incremental Build of configuration Debug for project Clase03TN ****
make all 
Building file: ../src/EjercicioSearchAndReplaceCharacters.cpp
Invoking: GCC C++ Compiler
g++ -O0 -g3 -Wall -c -fmessage-length=0 -MMD -MP -MF"src/EjercicioSearchAndReplaceCharacters.d" -MT"src/EjercicioSearchAndReplaceCharacters.o" -o "src/EjercicioSearchAndReplaceCharacters.o" "../src/EjercicioSearchAndReplaceCharacters.cpp"
../src/EjercicioSearchAndReplaceCharacters.cpp: In function ‘bool ContieneSubTexto(char*, char*)’:
../src/EjercicioSearchAndReplaceCharacters.cpp:40:1: warning: no return statement in function returning non-void [-Wreturn-type]
   40 | }
      | ^
../src/EjercicioSearchAndReplaceCharacters.cpp: In function ‘bool BuscarCaracter(char*, char)’:
../src/EjercicioSearchAndReplaceCharacters.cpp:49:32: error: expected primary-expression before ‘return’
   49 |         pos == strlen(texto) ? return false : return true
      |                                ^~~~~~
../src/EjercicioSearchAndReplaceCharacters.cpp:49:31: error: expected ‘:’ before ‘return’
   49 |         pos == strlen(texto) ? return false : return true
      |                               ^~~~~~~
      |                               :
../src/EjercicioSearchAndReplaceCharacters.cpp:49:32: error: expected primary-expression before ‘return’
   49 |         pos == strlen(texto) ? return false : return true
      |                                ^~~~~~
../src/EjercicioSearchAndReplaceCharacters.cpp:50:1: warning: no return statement in function returning non-void [-Wreturn-type]
   50 | }
      | ^
make: *** [src/subdir.mk:20: src/EjercicioSearchAndReplaceCharacters.o] Error 1
"make all" terminated with exit code 2. Build might be incomplete.
18:58:31 **** Incremental Build of configuration Debug for project Clase03TN ****
make all 
Building file: ../src/EjercicioSearchAndReplaceCharacters.cpp
Invoking: GCC C++ Compiler
g++ -O0 -g3 -Wall -c -fmessage-length=0 -MMD -MP -MF"src/EjercicioSearchAndReplaceCharacters.d" -MT"src/EjercicioSearchAndReplaceCharacters.o" -o "src/EjercicioSearchAndReplaceCharacters.o" "../src/EjercicioSearchAndReplaceCharacters.cpp"
../src/EjercicioSearchAndReplaceCharacters.cpp: In function ‘bool ContieneSubTexto(char*, char*)’:
../src/EjercicioSearchAndReplaceCharacters.cpp:40:1: warning: no return statement in function returning non-void [-Wreturn-type]
   40 | }
      | ^
../src/EjercicioSearchAndReplaceCharacters.cpp: In function ‘bool BuscarCaracter(char*, char)’:
../src/EjercicioSearchAndReplaceCharacters.cpp:49:32: error: expected primary-expression before ‘return’
   49 |         pos == strlen(texto) ? return false : return true
      |                                ^~~~~~
../src/EjercicioSearchAndReplaceCharacters.cpp:49:31: error: expected ‘:’ before ‘return’
   49 |         pos == strlen(texto) ? return false : return true
      |                               ^~~~~~~
      |                               :
../src/EjercicioSearchAndReplaceCharacters.cpp:49:32: error: expected primary-expression before ‘return’
   49 |         pos == strlen(texto) ? return false : return true
      |                                ^~~~~~
../src/EjercicioSearchAndReplaceCharacters.cpp:50:1: warning: no return statement in function returning non-void [-Wreturn-type]
   50 | }
      | ^
make: *** [src/subdir.mk:20: src/EjercicioSearchAndReplaceCharacters.o] Error 1
"make all" terminated with exit code 2. Build might be incomplete.
18:59:43 **** Incremental Build of configuration Debug for project Clase03TN ****
make all 
Building file: ../src/EjercicioSearchAndReplaceCharacters.cpp
Invoking: GCC C++ Compiler
g++ -O0 -g3 -Wall -c -fmessage-length=0 -MMD -MP -MF"src/EjercicioSearchAndReplaceCharacters.d" -MT"src/EjercicioSearchAndReplaceCharacters.o" -o "src/EjercicioSearchAndReplaceCharacters.o" "../src/EjercicioSearchAndReplaceCharacters.cpp"
../src/EjercicioSearchAndReplaceCharacters.cpp: In function ‘bool ContieneSubTexto(char*, char*)’:
../src/EjercicioSearchAndReplaceCharacters.cpp:40:1: warning: no return statement in function returning non-void [-Wreturn-type]
   40 | }
      | ^
../src/EjercicioSearchAndReplaceCharacters.cpp: In function ‘bool BuscarCaracter(char*, char)’:
../src/EjercicioSearchAndReplaceCharacters.cpp:49:32: error: expected primary-expression before ‘return’
   49 |         pos == strlen(texto) ? return false : return true
      |                                ^~~~~~
../src/EjercicioSearchAndReplaceCharacters.cpp:49:31: error: expected ‘:’ before ‘return’
   49 |         pos == strlen(texto) ? return false : return true
      |                               ^~~~~~~
      |                               :
../src/EjercicioSearchAndReplaceCharacters.cpp:49:32: error: expected primary-expression before ‘return’
   49 |         pos == strlen(texto) ? return false : return true
      |                                ^~~~~~
../src/EjercicioSearchAndReplaceCharacters.cpp:50:1: warning: no return statement in function returning non-void [-Wreturn-type]
   50 | }
      | ^
make: *** [src/subdir.mk:20: src/EjercicioSearchAndReplaceCharacters.o] Error 1
"make all" terminated with exit code 2. Build might be incomplete.
19:00:05 **** Incremental Build of configuration Debug for project Clase03TN ****
make all 
Building file: ../src/EjercicioSearchAndReplaceCharacters.cpp
Invoking: GCC C++ Compiler
g++ -O0 -g3 -Wall -c -fmessage-length=0 -MMD -MP -MF"src/EjercicioSearchAndReplaceCharacters.d" -MT"src/EjercicioSearchAndReplaceCharacters.o" -o "src/EjercicioSearchAndReplaceCharacters.o" "../src/EjercicioSearchAndReplaceCharacters.cpp"
../src/EjercicioSearchAndReplaceCharacters.cpp: In function ‘bool ContieneSubTexto(char*, char*)’:
../src/EjercicioSearchAndReplaceCharacters.cpp:40:1: warning: no return statement in function returning non-void [-Wreturn-type]
   40 | }
      | ^
../src/EjercicioSearchAndReplaceCharacters.cpp: In function ‘bool BuscarCaracter(char*, char)’:
../src/EjercicioSearchAndReplaceCharacters.cpp:49:32: error: expected primary-expression before ‘return’
   49 |         pos == strlen(texto) ? return false : return true
      |                                ^~~~~~
../src/EjercicioSearchAndReplaceCharacters.cpp:49:31: error: expected ‘:’ before ‘return’
   49 |         pos == strlen(texto) ? return false : return true
      |                               ^~~~~~~
      |                               :
../src/EjercicioSearchAndReplaceCharacters.cpp:49:32: error: expected primary-expression before ‘return’
   49 |         pos == strlen(texto) ? return false : return true
      |                                ^~~~~~
../src/EjercicioSearchAndReplaceCharacters.cpp:50:1: warning: no return statement in function returning non-void [-Wreturn-type]
   50 | }
      | ^
make: *** [src/subdir.mk:20: src/EjercicioSearchAndReplaceCharacters.o] Error 1
"make all" terminated with exit code 2. Build might be incomplete.
19:01:33 **** Incremental Build of configuration Debug for project Clase03TN ****
make all 
Building file: ../src/EjercicioSearchAndReplaceCharacters.cpp
Invoking: GCC C++ Compiler
g++ -O0 -g3 -Wall -c -fmessage-length=0 -MMD -MP -MF"src/EjercicioSearchAndReplaceCharacters.d" -MT"src/EjercicioSearchAndReplaceCharacters.o" -o "src/EjercicioSearchAndReplaceCharacters.o" "../src/EjercicioSearchAndReplaceCharacters.cpp"
../src/EjercicioSearchAndReplaceCharacters.cpp: In function ‘bool ContieneSubTexto(char*, char*)’:
../src/EjercicioSearchAndReplaceCharacters.cpp:40:1: warning: no return statement in function returning non-void [-Wreturn-type]
   40 | }
      | ^
../src/EjercicioSearchAndReplaceCharacters.cpp: In function ‘bool BuscarCaracter(char*, char)’:
../src/EjercicioSearchAndReplaceCharacters.cpp:49:32: error: expected primary-expression before ‘return’
   49 |         pos == strlen(texto) ? return false : return true
      |                                ^~~~~~
../src/EjercicioSearchAndReplaceCharacters.cpp:49:31: error: expected ‘:’ before ‘return’
   49 |         pos == strlen(texto) ? return false : return true
      |                               ^~~~~~~
      |                               :
../src/EjercicioSearchAndReplaceCharacters.cpp:49:32: error: expected primary-expression before ‘return’
   49 |         pos == strlen(texto) ? return false : return true
      |                                ^~~~~~
../src/EjercicioSearchAndReplaceCharacters.cpp:50:1: warning: no return statement in function returning non-void [-Wreturn-type]
   50 | }
      | ^
make: *** [src/subdir.mk:20: src/EjercicioSearchAndReplaceCharacters.o] Error 1
"make all" terminated with exit code 2. Build might be incomplete.
19:01:50 **** Incremental Build of configuration Debug for project Clase03TN ****
make all 
Building file: ../src/EjercicioSearchAndReplaceCharacters.cpp
Invoking: GCC C++ Compiler
g++ -O0 -g3 -Wall -c -fmessage-length=0 -MMD -MP -MF"src/EjercicioSearchAndReplaceCharacters.d" -MT"src/EjercicioSearchAndReplaceCharacters.o" -o "src/EjercicioSearchAndReplaceCharacters.o" "../src/EjercicioSearchAndReplaceCharacters.cpp"
../src/EjercicioSearchAndReplaceCharacters.cpp: In function ‘bool ContieneSubTexto(char*, char*)’:
../src/EjercicioSearchAndReplaceCharacters.cpp:40:1: warning: no return statement in function returning non-void [-Wreturn-type]
   40 | }
      | ^
../src/EjercicioSearchAndReplaceCharacters.cpp: In function ‘bool BuscarCaracter(char*, char)’:
../src/EjercicioSearchAndReplaceCharacters.cpp:49:32: error: expected primary-expression before ‘return’
   49 |         pos == strlen(texto) ? return false : return true
      |                                ^~~~~~
../src/EjercicioSearchAndReplaceCharacters.cpp:49:31: error: expected ‘:’ before ‘return’
   49 |         pos == strlen(texto) ? return false : return true
      |                               ^~~~~~~
      |                               :
../src/EjercicioSearchAndReplaceCharacters.cpp:49:32: error: expected primary-expression before ‘return’
   49 |         pos == strlen(texto) ? return false : return true
      |                                ^~~~~~
../src/EjercicioSearchAndReplaceCharacters.cpp:50:1: warning: no return statement in function returning non-void [-Wreturn-type]
   50 | }
      | ^
make: *** [src/subdir.mk:20: src/EjercicioSearchAndReplaceCharacters.o] Error 1
"make all" terminated with exit code 2. Build might be incomplete.
19:03:36 **** Incremental Build of configuration Debug for project Clase03TN ****
make all 
Building file: ../src/EjercicioSearchAndReplaceCharacters.cpp
Invoking: GCC C++ Compiler
g++ -O0 -g3 -Wall -c -fmessage-length=0 -MMD -MP -MF"src/EjercicioSearchAndReplaceCharacters.d" -MT"src/EjercicioSearchAndReplaceCharacters.o" -o "src/EjercicioSearchAndReplaceCharacters.o" "../src/EjercicioSearchAndReplaceCharacters.cpp"
../src/EjercicioSearchAndReplaceCharacters.cpp: In function ‘bool ContieneSubTexto(char*, char*)’:
../src/EjercicioSearchAndReplaceCharacters.cpp:40:1: warning: no return statement in function returning non-void [-Wreturn-type]
   40 | }
      | ^
../src/EjercicioSearchAndReplaceCharacters.cpp: In function ‘bool BuscarCaracter(char*, char)’:
../src/EjercicioSearchAndReplaceCharacters.cpp:49:32: error: expected primary-expression before ‘return’
   49 |         pos == strlen(texto) ? return false : return true
      |                                ^~~~~~
../src/EjercicioSearchAndReplaceCharacters.cpp:49:31: error: expected ‘:’ before ‘return’
   49 |         pos == strlen(texto) ? return false : return true
      |                               ^~~~~~~
      |                               :
../src/EjercicioSearchAndReplaceCharacters.cpp:49:32: error: expected primary-expression before ‘return’
   49 |         pos == strlen(texto) ? return false : return true
      |                                ^~~~~~
../src/EjercicioSearchAndReplaceCharacters.cpp:50:1: warning: no return statement in function returning non-void [-Wreturn-type]
   50 | }
      | ^
make: *** [src/subdir.mk:20: src/EjercicioSearchAndReplaceCharacters.o] Error 1
"make all" terminated with exit code 2. Build might be incomplete.
19:03:53 **** Incremental Build of configuration Debug for project Clase03TN ****
make all 
Building file: ../src/EjercicioSearchAndReplaceCharacters.cpp
Invoking: GCC C++ Compiler
g++ -O0 -g3 -Wall -c -fmessage-length=0 -MMD -MP -MF"src/EjercicioSearchAndReplaceCharacters.d" -MT"src/EjercicioSearchAndReplaceCharacters.o" -o "src/EjercicioSearchAndReplaceCharacters.o" "../src/EjercicioSearchAndReplaceCharacters.cpp"
../src/EjercicioSearchAndReplaceCharacters.cpp: In function ‘bool ContieneSubTexto(char*, char*)’:
../src/EjercicioSearchAndReplaceCharacters.cpp:40:1: warning: no return statement in function returning non-void [-Wreturn-type]
   40 | }
      | ^
../src/EjercicioSearchAndReplaceCharacters.cpp: In function ‘bool BuscarCaracter(char*, char)’:
../src/EjercicioSearchAndReplaceCharacters.cpp:50:37: error: expected primary-expression before ‘return’
   50 |         (pos == strlen(texto)-1) ?  return false : return  true;
      |                                     ^~~~~~
../src/EjercicioSearchAndReplaceCharacters.cpp:50:35: error: expected ‘:’ before ‘return’
   50 |         (pos == strlen(texto)-1) ?  return false : return  true;
      |                                   ^ ~~~~~~
      |                                   :
../src/EjercicioSearchAndReplaceCharacters.cpp:50:37: error: expected primary-expression before ‘return’
   50 |         (pos == strlen(texto)-1) ?  return false : return  true;
      |                                     ^~~~~~
../src/EjercicioSearchAndReplaceCharacters.cpp:54:1: warning: no return statement in function returning non-void [-Wreturn-type]
   54 | }
      | ^
make: *** [src/subdir.mk:20: src/EjercicioSearchAndReplaceCharacters.o] Error 1
"make all" terminated with exit code 2. Build might be incomplete.
19:04:41 **** Incremental Build of configuration Debug for project Clase03TN ****
make all 
Building file: ../src/EjercicioSearchAndReplaceCharacters.cpp
Invoking: GCC C++ Compiler
g++ -O0 -g3 -Wall -c -fmessage-length=0 -MMD -MP -MF"src/EjercicioSearchAndReplaceCharacters.d" -MT"src/EjercicioSearchAndReplaceCharacters.o" -o "src/EjercicioSearchAndReplaceCharacters.o" "../src/EjercicioSearchAndReplaceCharacters.cpp"
../src/EjercicioSearchAndReplaceCharacters.cpp: In function ‘bool ContieneSubTexto(char*, char*)’:
../src/EjercicioSearchAndReplaceCharacters.cpp:40:1: warning: no return statement in function returning non-void [-Wreturn-type]
   40 | }
      | ^
../src/EjercicioSearchAndReplaceCharacters.cpp: In function ‘bool BuscarCaracter(char*, char)’:
../src/EjercicioSearchAndReplaceCharacters.cpp:50:37: error: expected primary-expression before ‘return’
   50 |         (pos == strlen(texto)-1) ?  return false : return  true;
      |                                     ^~~~~~
../src/EjercicioSearchAndReplaceCharacters.cpp:50:35: error: expected ‘:’ before ‘return’
   50 |         (pos == strlen(texto)-1) ?  return false : return  true;
      |                                   ^ ~~~~~~
      |                                   :
../src/EjercicioSearchAndReplaceCharacters.cpp:50:37: error: expected primary-expression before ‘return’
   50 |         (pos == strlen(texto)-1) ?  return false : return  true;
      |                                     ^~~~~~
../src/EjercicioSearchAndReplaceCharacters.cpp:54:1: warning: no return statement in function returning non-void [-Wreturn-type]
   54 | }
      | ^
make: *** [src/subdir.mk:20: src/EjercicioSearchAndReplaceCharacters.o] Error 1
"make all" terminated with exit code 2. Build might be incomplete.
19:05:17 **** Incremental Build of configuration Debug for project Clase03TN ****
make all 
Building file: ../src/EjercicioSearchAndReplaceCharacters.cpp
Invoking: GCC C++ Compiler
g++ -O0 -g3 -Wall -c -fmessage-length=0 -MMD -MP -MF"src/EjercicioSearchAndReplaceCharacters.d" -MT"src/EjercicioSearchAndReplaceCharacters.o" -o "src/EjercicioSearchAndReplaceCharacters.o" "../src/EjercicioSearchAndReplaceCharacters.cpp"
../src/EjercicioSearchAndReplaceCharacters.cpp: In function ‘bool ContieneSubTexto(char*, char*)’:
../src/EjercicioSearchAndReplaceCharacters.cpp:40:1: warning: no return statement in function returning non-void [-Wreturn-type]
   40 | }
      | ^
../src/EjercicioSearchAndReplaceCharacters.cpp: In function ‘bool BuscarCaracter(char*, char)’:
../src/EjercicioSearchAndReplaceCharacters.cpp:50:37: error: expected primary-expression before ‘return’
   50 |         (pos == strlen(texto)-1) ?  return false : return  true;
      |                                     ^~~~~~
../src/EjercicioSearchAndReplaceCharacters.cpp:50:35: error: expected ‘:’ before ‘return’
   50 |         (pos == strlen(texto)-1) ?  return false : return  true;
      |                                   ^ ~~~~~~
      |                                   :
../src/EjercicioSearchAndReplaceCharacters.cpp:50:37: error: expected primary-expression before ‘return’
   50 |         (pos == strlen(texto)-1) ?  return false : return  true;
      |                                     ^~~~~~
../src/EjercicioSearchAndReplaceCharacters.cpp:54:1: warning: no return statement in function returning non-void [-Wreturn-type]
   54 | }
      | ^
make: *** [src/subdir.mk:20: src/EjercicioSearchAndReplaceCharacters.o] Error 1
"make all" terminated with exit code 2. Build might be incomplete.
19:06:09 **** Incremental Build of configuration Debug for project Clase03TN ****
make all 
Building file: ../src/EjercicioSearchAndReplaceCharacters.cpp
Invoking: GCC C++ Compiler
g++ -O0 -g3 -Wall -c -fmessage-length=0 -MMD -MP -MF"src/EjercicioSearchAndReplaceCharacters.d" -MT"src/EjercicioSearchAndReplaceCharacters.o" -o "src/EjercicioSearchAndReplaceCharacters.o" "../src/EjercicioSearchAndReplaceCharacters.cpp"
../src/EjercicioSearchAndReplaceCharacters.cpp: In function ‘bool ContieneSubTexto(char*, char*)’:
../src/EjercicioSearchAndReplaceCharacters.cpp:40:1: warning: no return statement in function returning non-void [-Wreturn-type]
   40 | }
      | ^
../src/EjercicioSearchAndReplaceCharacters.cpp: In function ‘bool BuscarCaracter(char*, char)’:
../src/EjercicioSearchAndReplaceCharacters.cpp:50:37: error: expected primary-expression before ‘return’
   50 |         (pos == strlen(texto)-1) ?  return false : return  true;
      |                                     ^~~~~~
../src/EjercicioSearchAndReplaceCharacters.cpp:50:35: error: expected ‘:’ before ‘return’
   50 |         (pos == strlen(texto)-1) ?  return false : return  true;
      |                                   ^ ~~~~~~
      |                                   :
../src/EjercicioSearchAndReplaceCharacters.cpp:50:37: error: expected primary-expression before ‘return’
   50 |         (pos == strlen(texto)-1) ?  return false : return  true;
      |                                     ^~~~~~
../src/EjercicioSearchAndReplaceCharacters.cpp:54:1: warning: no return statement in function returning non-void [-Wreturn-type]
   54 | }
      | ^
make: *** [src/subdir.mk:20: src/EjercicioSearchAndReplaceCharacters.o] Error 1
"make all" terminated with exit code 2. Build might be incomplete.
19:06:14 **** Incremental Build of configuration Debug for project Clase03TN ****
make all 
Building file: ../src/EjercicioSearchAndReplaceCharacters.cpp
Invoking: GCC C++ Compiler
g++ -O0 -g3 -Wall -c -fmessage-length=0 -MMD -MP -MF"src/EjercicioSearchAndReplaceCharacters.d" -MT"src/EjercicioSearchAndReplaceCharacters.o" -o "src/EjercicioSearchAndReplaceCharacters.o" "../src/EjercicioSearchAndReplaceCharacters.cpp"
../src/EjercicioSearchAndReplaceCharacters.cpp: In function ‘bool ContieneSubTexto(char*, char*)’:
../src/EjercicioSearchAndReplaceCharacters.cpp:40:1: warning: no return statement in function returning non-void [-Wreturn-type]
   40 | }
      | ^
Finished building: ../src/EjercicioSearchAndReplaceCharacters.cpp
 
Building target: Clase03TN
Invoking: GCC C++ Linker
g++  -o "Clase03TN" ./src/EjercicioSearchAndReplaceCharacters.o   
Finished building target: Clase03TN
 
19:06:28 **** Incremental Build of configuration Debug for project Clase03TN ****
make all 
make: Nothing to be done for 'all'.
19:06:47 **** Incremental Build of configuration Debug for project Clase03TN ****
make all 
Building file: ../src/EjercicioSearchAndReplaceCharacters.cpp
Invoking: GCC C++ Compiler
g++ -O0 -g3 -Wall -c -fmessage-length=0 -MMD -MP -MF"src/EjercicioSearchAndReplaceCharacters.d" -MT"src/EjercicioSearchAndReplaceCharacters.o" -o "src/EjercicioSearchAndReplaceCharacters.o" "../src/EjercicioSearchAndReplaceCharacters.cpp"
../src/EjercicioSearchAndReplaceCharacters.cpp: In function ‘bool ContieneSubTexto(char*, char*)’:
../src/EjercicioSearchAndReplaceCharacters.cpp:40:1: warning: no return statement in function returning non-void [-Wreturn-type]
   40 | }
      | ^
Finished building: ../src/EjercicioSearchAndReplaceCharacters.cpp
 
Building target: Clase03TN
Invoking: GCC C++ Linker
g++  -o "Clase03TN" ./src/EjercicioSearchAndReplaceCharacters.o   
Finished building target: Clase03TN
 
19:06:48 **** Incremental Build of configuration Debug for project Clase03TN ****
make all 
make: Nothing to be done for 'all'.
19:06:54 **** Incremental Build of configuration Debug for project Clase03TN ****
make all 
make: Nothing to be done for 'all'.
19:06:56 **** Incremental Build of configuration Debug for project Clase03TN ****
make all 
make: Nothing to be done for 'all'.
19:07:44 **** Incremental Build of configuration Debug for project Clase03TN ****
make all 
make: Nothing to be done for 'all'.
19:07:46 **** Incremental Build of configuration Debug for project Clase03TN ****
make all 
Building file: ../src/EjercicioSearchAndReplaceCharacters.cpp
Invoking: GCC C++ Compiler
g++ -O0 -g3 -Wall -c -fmessage-length=0 -MMD -MP -MF"src/EjercicioSearchAndReplaceCharacters.d" -MT"src/EjercicioSearchAndReplaceCharacters.o" -o "src/EjercicioSearchAndReplaceCharacters.o" "../src/EjercicioSearchAndReplaceCharacters.cpp"
../src/EjercicioSearchAndReplaceCharacters.cpp: In function ‘bool ContieneSubTexto(char*, char*)’:
../src/EjercicioSearchAndReplaceCharacters.cpp:40:1: warning: no return statement in function returning non-void [-Wreturn-type]
   40 | }
      | ^
Finished building: ../src/EjercicioSearchAndReplaceCharacters.cpp
 
Building target: Clase03TN
Invoking: GCC C++ Linker
g++  -o "Clase03TN" ./src/EjercicioSearchAndReplaceCharacters.o   
Finished building target: Clase03TN
 
19:42:01 **** Incremental Build of configuration Debug for project Clase03TN ****
make all 
Building file: ../src/EjercicioSearchAndReplaceCharacters.cpp
Invoking: GCC C++ Compiler
g++ -O0 -g3 -Wall -c -fmessage-length=0 -MMD -MP -MF"src/EjercicioSearchAndReplaceCharacters.d" -MT"src/EjercicioSearchAndReplaceCharacters.o" -o "src/EjercicioSearchAndReplaceCharacters.o" "../src/EjercicioSearchAndReplaceCharacters.cpp"
../src/EjercicioSearchAndReplaceCharacters.cpp: In function ‘bool ContieneSubTexto(char*, char*)’:
../src/EjercicioSearchAndReplaceCharacters.cpp:40:1: warning: no return statement in function returning non-void [-Wreturn-type]
   40 | }
      | ^
../src/EjercicioSearchAndReplaceCharacters.cpp: At global scope:
../src/EjercicioSearchAndReplaceCharacters.cpp:42:5: error: ambiguating new declaration of ‘int BuscarCaracter(char*, char)’
   42 | int BuscarCaracter(char texto[], char caracter){
      |     ^~~~~~~~~~~~~~
../src/EjercicioSearchAndReplaceCharacters.cpp:24:6: note: old declaration ‘bool BuscarCaracter(char*, char)’
   24 | bool BuscarCaracter(char texto[], char caracter);
      |      ^~~~~~~~~~~~~~
../src/EjercicioSearchAndReplaceCharacters.cpp: In function ‘int BuscarCaracter(char*, char)’:
../src/EjercicioSearchAndReplaceCharacters.cpp:46:22: warning: comparison of integer expressions of different signedness: ‘int’ and ‘size_t’ {aka ‘long unsigned int’} [-Wsign-compare]
   46 |         for(pos=0;pos<strlen(texto);pos++){
      |                   ~~~^~~~~~~~~~~~~~
make: *** [src/subdir.mk:20: src/EjercicioSearchAndReplaceCharacters.o] Error 1
"make all" terminated with exit code 2. Build might be incomplete.
19:42:12 **** Incremental Build of configuration Debug for project Clase03TN ****
make all 
Building file: ../src/EjercicioSearchAndReplaceCharacters.cpp
Invoking: GCC C++ Compiler
g++ -O0 -g3 -Wall -c -fmessage-length=0 -MMD -MP -MF"src/EjercicioSearchAndReplaceCharacters.d" -MT"src/EjercicioSearchAndReplaceCharacters.o" -o "src/EjercicioSearchAndReplaceCharacters.o" "../src/EjercicioSearchAndReplaceCharacters.cpp"
../src/EjercicioSearchAndReplaceCharacters.cpp: In function ‘bool ContieneSubTexto(char*, char*)’:
../src/EjercicioSearchAndReplaceCharacters.cpp:40:1: warning: no return statement in function returning non-void [-Wreturn-type]
   40 | }
      | ^
../src/EjercicioSearchAndReplaceCharacters.cpp: At global scope:
../src/EjercicioSearchAndReplaceCharacters.cpp:42:5: error: ambiguating new declaration of ‘int BuscarCaracter(char*, char)’
   42 | int BuscarCaracter(char texto[], char caracter){
      |     ^~~~~~~~~~~~~~
../src/EjercicioSearchAndReplaceCharacters.cpp:24:6: note: old declaration ‘bool BuscarCaracter(char*, char)’
   24 | bool BuscarCaracter(char texto[], char caracter);
      |      ^~~~~~~~~~~~~~
../src/EjercicioSearchAndReplaceCharacters.cpp: In function ‘int BuscarCaracter(char*, char)’:
../src/EjercicioSearchAndReplaceCharacters.cpp:46:22: warning: comparison of integer expressions of different signedness: ‘int’ and ‘size_t’ {aka ‘long unsigned int’} [-Wsign-compare]
   46 |         for(pos=0;pos<strlen(texto);pos++){
      |                   ~~~^~~~~~~~~~~~~~
make: *** [src/subdir.mk:20: src/EjercicioSearchAndReplaceCharacters.o] Error 1
"make all" terminated with exit code 2. Build might be incomplete.
19:42:25 **** Incremental Build of configuration Debug for project Clase03TN ****
make all 
Building file: ../src/EjercicioSearchAndReplaceCharacters.cpp
Invoking: GCC C++ Compiler
g++ -O0 -g3 -Wall -c -fmessage-length=0 -MMD -MP -MF"src/EjercicioSearchAndReplaceCharacters.d" -MT"src/EjercicioSearchAndReplaceCharacters.o" -o "src/EjercicioSearchAndReplaceCharacters.o" "../src/EjercicioSearchAndReplaceCharacters.cpp"
../src/EjercicioSearchAndReplaceCharacters.cpp: In function ‘bool ContieneSubTexto(char*, char*)’:
../src/EjercicioSearchAndReplaceCharacters.cpp:40:1: warning: no return statement in function returning non-void [-Wreturn-type]
   40 | }
      | ^
../src/EjercicioSearchAndReplaceCharacters.cpp: In function ‘int BuscarCaracter(char*, char)’:
../src/EjercicioSearchAndReplaceCharacters.cpp:46:22: warning: comparison of integer expressions of different signedness: ‘int’ and ‘size_t’ {aka ‘long unsigned int’} [-Wsign-compare]
   46 |         for(pos=0;pos<strlen(texto);pos++){
      |                   ~~~^~~~~~~~~~~~~~
Finished building: ../src/EjercicioSearchAndReplaceCharacters.cpp
 
Building target: Clase03TN
Invoking: GCC C++ Linker
g++  -o "Clase03TN" ./src/EjercicioSearchAndReplaceCharacters.o   
Finished building target: Clase03TN
 
19:42:59 **** Incremental Build of configuration Debug for project Clase03TN ****
make all 
Building file: ../src/EjercicioSearchAndReplaceCharacters.cpp
Invoking: GCC C++ Compiler
g++ -O0 -g3 -Wall -c -fmessage-length=0 -MMD -MP -MF"src/EjercicioSearchAndReplaceCharacters.d" -MT"src/EjercicioSearchAndReplaceCharacters.o" -o "src/EjercicioSearchAndReplaceCharacters.o" "../src/EjercicioSearchAndReplaceCharacters.cpp"
../src/EjercicioSearchAndReplaceCharacters.cpp: In function ‘bool ContieneSubTexto(char*, char*)’:
../src/EjercicioSearchAndReplaceCharacters.cpp:40:1: warning: no return statement in function returning non-void [-Wreturn-type]
   40 | }
      | ^
Finished building: ../src/EjercicioSearchAndReplaceCharacters.cpp
 
Building target: Clase03TN
Invoking: GCC C++ Linker
g++  -o "Clase03TN" ./src/EjercicioSearchAndReplaceCharacters.o   
Finished building target: Clase03TN
 
19:43:11 **** Incremental Build of configuration Debug for project Clase03TN ****
make all 
make: Nothing to be done for 'all'.
19:43:24 **** Incremental Build of configuration Debug for project Clase03TN ****
make all 
Building file: ../src/EjercicioSearchAndReplaceCharacters.cpp
Invoking: GCC C++ Compiler
g++ -O0 -g3 -Wall -c -fmessage-length=0 -MMD -MP -MF"src/EjercicioSearchAndReplaceCharacters.d" -MT"src/EjercicioSearchAndReplaceCharacters.o" -o "src/EjercicioSearchAndReplaceCharacters.o" "../src/EjercicioSearchAndReplaceCharacters.cpp"
../src/EjercicioSearchAndReplaceCharacters.cpp: In function ‘bool ContieneSubTexto(char*, char*)’:
../src/EjercicioSearchAndReplaceCharacters.cpp:40:1: warning: no return statement in function returning non-void [-Wreturn-type]
   40 | }
      | ^
Finished building: ../src/EjercicioSearchAndReplaceCharacters.cpp
 
Building target: Clase03TN
Invoking: GCC C++ Linker
g++  -o "Clase03TN" ./src/EjercicioSearchAndReplaceCharacters.o   
Finished building target: Clase03TN
 
19:43:31 **** Incremental Build of configuration Debug for project Clase03TN ****
make all 
Building file: ../src/EjercicioSearchAndReplaceCharacters.cpp
Invoking: GCC C++ Compiler
g++ -O0 -g3 -Wall -c -fmessage-length=0 -MMD -MP -MF"src/EjercicioSearchAndReplaceCharacters.d" -MT"src/EjercicioSearchAndReplaceCharacters.o" -o "src/EjercicioSearchAndReplaceCharacters.o" "../src/EjercicioSearchAndReplaceCharacters.cpp"
../src/EjercicioSearchAndReplaceCharacters.cpp:29:22: warning: character constant too long for its type
   29 |         char letra = 'qipiwoperw';
      |                      ^~~~~~~~~~~~
../src/EjercicioSearchAndReplaceCharacters.cpp: In function ‘int main()’:
../src/EjercicioSearchAndReplaceCharacters.cpp:29:22: warning: overflow in conversion from ‘int’ to ‘char’ changes value from ‘1885696631’ to ‘'w'’ [-Woverflow]
../src/EjercicioSearchAndReplaceCharacters.cpp: In function ‘bool ContieneSubTexto(char*, char*)’:
../src/EjercicioSearchAndReplaceCharacters.cpp:40:1: warning: no return statement in function returning non-void [-Wreturn-type]
   40 | }
      | ^
Finished building: ../src/EjercicioSearchAndReplaceCharacters.cpp
 
Building target: Clase03TN
Invoking: GCC C++ Linker
g++  -o "Clase03TN" ./src/EjercicioSearchAndReplaceCharacters.o   
Finished building target: Clase03TN
 
19:43:38 **** Incremental Build of configuration Debug for project Clase03TN ****
make all 
Building file: ../src/EjercicioSearchAndReplaceCharacters.cpp
Invoking: GCC C++ Compiler
g++ -O0 -g3 -Wall -c -fmessage-length=0 -MMD -MP -MF"src/EjercicioSearchAndReplaceCharacters.d" -MT"src/EjercicioSearchAndReplaceCharacters.o" -o "src/EjercicioSearchAndReplaceCharacters.o" "../src/EjercicioSearchAndReplaceCharacters.cpp"
../src/EjercicioSearchAndReplaceCharacters.cpp: In function ‘bool ContieneSubTexto(char*, char*)’:
../src/EjercicioSearchAndReplaceCharacters.cpp:40:1: warning: no return statement in function returning non-void [-Wreturn-type]
   40 | }
      | ^
Finished building: ../src/EjercicioSearchAndReplaceCharacters.cpp
 
Building target: Clase03TN
Invoking: GCC C++ Linker
g++  -o "Clase03TN" ./src/EjercicioSearchAndReplaceCharacters.o   
Finished building target: Clase03TN
 
05:57:41 **** Incremental Build of configuration Debug for project Clase03TN ****
make all 
make: Nothing to be done for 'all'.
21:41:22 **** Incremental Build of configuration Debug for project Clase03TN ****
make all 
Building file: ../src/EjercicioSearchAndReplaceCharacters.cpp
Invoking: GCC C++ Compiler
g++ -O0 -g3 -Wall -c -fmessage-length=0 -MMD -MP -MF"src/EjercicioSearchAndReplaceCharacters.d" -MT"src/EjercicioSearchAndReplaceCharacters.o" -o "src/EjercicioSearchAndReplaceCharacters.o" "../src/EjercicioSearchAndReplaceCharacters.cpp"
../src/EjercicioSearchAndReplaceCharacters.cpp: In function ‘bool ContieneSubTexto(char*, char*)’:
../src/EjercicioSearchAndReplaceCharacters.cpp:43:27: warning: comparison of integer expressions of different signedness: ‘int’ and ‘size_t’ {aka ‘long unsigned int’} [-Wsign-compare]
   43 |         while(indiceTexto < strlen(texto) && indiceSubtexto <= strlen(subTexto)){
      |               ~~~~~~~~~~~~^~~~~~~~~~~~~~~
../src/EjercicioSearchAndReplaceCharacters.cpp:43:61: warning: comparison of integer expressions of different signedness: ‘int’ and ‘size_t’ {aka ‘long unsigned int’} [-Wsign-compare]
   43 |         while(indiceTexto < strlen(texto) && indiceSubtexto <= strlen(subTexto)){
      |                                              ~~~~~~~~~~~~~~~^~~~~~~~~~~~~~~~~~~
../src/EjercicioSearchAndReplaceCharacters.cpp:50:9: error: ‘j’ was not declared in this scope
   50 |         j == strlen(subTexto) ? return true : return false;
      |         ^
../src/EjercicioSearchAndReplaceCharacters.cpp:50:33: error: expected primary-expression before ‘return’
   50 |         j == strlen(subTexto) ? return true : return false;
      |                                 ^~~~~~
../src/EjercicioSearchAndReplaceCharacters.cpp:50:32: error: expected ‘:’ before ‘return’
   50 |         j == strlen(subTexto) ? return true : return false;
      |                                ^~~~~~~
      |                                :
../src/EjercicioSearchAndReplaceCharacters.cpp:50:33: error: expected primary-expression before ‘return’
   50 |         j == strlen(subTexto) ? return true : return false;
      |                                 ^~~~~~
../src/EjercicioSearchAndReplaceCharacters.cpp:52:1: warning: no return statement in function returning non-void [-Wreturn-type]
   52 | }
      | ^
make: *** [src/subdir.mk:20: src/EjercicioSearchAndReplaceCharacters.o] Error 1
"make all" terminated with exit code 2. Build might be incomplete.
21:41:48 **** Incremental Build of configuration Debug for project Clase03TN ****
make all 
Building file: ../src/EjercicioSearchAndReplaceCharacters.cpp
Invoking: GCC C++ Compiler
g++ -O0 -g3 -Wall -c -fmessage-length=0 -MMD -MP -MF"src/EjercicioSearchAndReplaceCharacters.d" -MT"src/EjercicioSearchAndReplaceCharacters.o" -o "src/EjercicioSearchAndReplaceCharacters.o" "../src/EjercicioSearchAndReplaceCharacters.cpp"
../src/EjercicioSearchAndReplaceCharacters.cpp: In function ‘bool ContieneSubTexto(char*, char*)’:
../src/EjercicioSearchAndReplaceCharacters.cpp:43:27: warning: comparison of integer expressions of different signedness: ‘int’ and ‘size_t’ {aka ‘long unsigned int’} [-Wsign-compare]
   43 |         while(indiceTexto < strlen(texto) && indiceSubtexto <= strlen(subTexto)){
      |               ~~~~~~~~~~~~^~~~~~~~~~~~~~~
../src/EjercicioSearchAndReplaceCharacters.cpp:43:61: warning: comparison of integer expressions of different signedness: ‘int’ and ‘size_t’ {aka ‘long unsigned int’} [-Wsign-compare]
   43 |         while(indiceTexto < strlen(texto) && indiceSubtexto <= strlen(subTexto)){
      |                                              ~~~~~~~~~~~~~~~^~~~~~~~~~~~~~~~~~~
../src/EjercicioSearchAndReplaceCharacters.cpp:50:9: error: ‘j’ was not declared in this scope
   50 |         j == strlen(subTexto) ? return true : return false
      |         ^
../src/EjercicioSearchAndReplaceCharacters.cpp:50:33: error: expected primary-expression before ‘return’
   50 |         j == strlen(subTexto) ? return true : return false
      |                                 ^~~~~~
../src/EjercicioSearchAndReplaceCharacters.cpp:50:32: error: expected ‘:’ before ‘return’
   50 |         j == strlen(subTexto) ? return true : return false
      |                                ^~~~~~~
      |                                :
../src/EjercicioSearchAndReplaceCharacters.cpp:50:33: error: expected primary-expression before ‘return’
   50 |         j == strlen(subTexto) ? return true : return false
      |                                 ^~~~~~
../src/EjercicioSearchAndReplaceCharacters.cpp:52:1: warning: no return statement in function returning non-void [-Wreturn-type]
   52 | }
      | ^
make: *** [src/subdir.mk:20: src/EjercicioSearchAndReplaceCharacters.o] Error 1
"make all" terminated with exit code 2. Build might be incomplete.
21:42:09 **** Incremental Build of configuration Debug for project Clase03TN ****
make all 
Building file: ../src/EjercicioSearchAndReplaceCharacters.cpp
Invoking: GCC C++ Compiler
g++ -O0 -g3 -Wall -c -fmessage-length=0 -MMD -MP -MF"src/EjercicioSearchAndReplaceCharacters.d" -MT"src/EjercicioSearchAndReplaceCharacters.o" -o "src/EjercicioSearchAndReplaceCharacters.o" "../src/EjercicioSearchAndReplaceCharacters.cpp"
../src/EjercicioSearchAndReplaceCharacters.cpp: In function ‘bool ContieneSubTexto(char*, char*)’:
../src/EjercicioSearchAndReplaceCharacters.cpp:43:27: warning: comparison of integer expressions of different signedness: ‘int’ and ‘size_t’ {aka ‘long unsigned int’} [-Wsign-compare]
   43 |         while(indiceTexto < strlen(texto) && indiceSubtexto <= strlen(subTexto)){
      |               ~~~~~~~~~~~~^~~~~~~~~~~~~~~
../src/EjercicioSearchAndReplaceCharacters.cpp:43:61: warning: comparison of integer expressions of different signedness: ‘int’ and ‘size_t’ {aka ‘long unsigned int’} [-Wsign-compare]
   43 |         while(indiceTexto < strlen(texto) && indiceSubtexto <= strlen(subTexto)){
      |                                              ~~~~~~~~~~~~~~~^~~~~~~~~~~~~~~~~~~
../src/EjercicioSearchAndReplaceCharacters.cpp:50:24: warning: comparison of integer expressions of different signedness: ‘int’ and ‘size_t’ {aka ‘long unsigned int’} [-Wsign-compare]
   50 |         indiceSubtexto == strlen(subTexto) ? return true : return false
      |         ~~~~~~~~~~~~~~~^~~~~~~~~~~~~~~~~~~
../src/EjercicioSearchAndReplaceCharacters.cpp:50:46: error: expected primary-expression before ‘return’
   50 |         indiceSubtexto == strlen(subTexto) ? return true : return false
      |                                              ^~~~~~
../src/EjercicioSearchAndReplaceCharacters.cpp:50:45: error: expected ‘:’ before ‘return’
   50 |         indiceSubtexto == strlen(subTexto) ? return true : return false
      |                                             ^~~~~~~
      |                                             :
../src/EjercicioSearchAndReplaceCharacters.cpp:50:46: error: expected primary-expression before ‘return’
   50 |         indiceSubtexto == strlen(subTexto) ? return true : return false
      |                                              ^~~~~~
../src/EjercicioSearchAndReplaceCharacters.cpp:52:1: warning: no return statement in function returning non-void [-Wreturn-type]
   52 | }
      | ^
make: *** [src/subdir.mk:20: src/EjercicioSearchAndReplaceCharacters.o] Error 1
"make all" terminated with exit code 2. Build might be incomplete.
21:42:51 **** Incremental Build of configuration Debug for project Clase03TN ****
make all 
Building file: ../src/EjercicioSearchAndReplaceCharacters.cpp
Invoking: GCC C++ Compiler
g++ -O0 -g3 -Wall -c -fmessage-length=0 -MMD -MP -MF"src/EjercicioSearchAndReplaceCharacters.d" -MT"src/EjercicioSearchAndReplaceCharacters.o" -o "src/EjercicioSearchAndReplaceCharacters.o" "../src/EjercicioSearchAndReplaceCharacters.cpp"
../src/EjercicioSearchAndReplaceCharacters.cpp: In function ‘bool ContieneSubTexto(char*, char*)’:
../src/EjercicioSearchAndReplaceCharacters.cpp:43:27: warning: comparison of integer expressions of different signedness: ‘int’ and ‘size_t’ {aka ‘long unsigned int’} [-Wsign-compare]
   43 |         while(indiceTexto < strlen(texto) && indiceSubtexto <= strlen(subTexto)){
      |               ~~~~~~~~~~~~^~~~~~~~~~~~~~~
../src/EjercicioSearchAndReplaceCharacters.cpp:43:61: warning: comparison of integer expressions of different signedness: ‘int’ and ‘size_t’ {aka ‘long unsigned int’} [-Wsign-compare]
   43 |         while(indiceTexto < strlen(texto) && indiceSubtexto <= strlen(subTexto)){
      |                                              ~~~~~~~~~~~~~~~^~~~~~~~~~~~~~~~~~~
../src/EjercicioSearchAndReplaceCharacters.cpp:50:25: warning: comparison of integer expressions of different signedness: ‘int’ and ‘size_t’ {aka ‘long unsigned int’} [-Wsign-compare]
   50 |         (indiceSubtexto == strlen(subTexto)) ? return true : return false
      |          ~~~~~~~~~~~~~~~^~~~~~~~~~~~~~~~~~~
../src/EjercicioSearchAndReplaceCharacters.cpp:50:48: error: expected primary-expression before ‘return’
   50 |         (indiceSubtexto == strlen(subTexto)) ? return true : return false
      |                                                ^~~~~~
../src/EjercicioSearchAndReplaceCharacters.cpp:50:47: error: expected ‘:’ before ‘return’
   50 |         (indiceSubtexto == strlen(subTexto)) ? return true : return false
      |                                               ^~~~~~~
      |                                               :
../src/EjercicioSearchAndReplaceCharacters.cpp:50:48: error: expected primary-expression before ‘return’
   50 |         (indiceSubtexto == strlen(subTexto)) ? return true : return false
      |                                                ^~~~~~
../src/EjercicioSearchAndReplaceCharacters.cpp:52:1: warning: no return statement in function returning non-void [-Wreturn-type]
   52 | }
      | ^
make: *** [src/subdir.mk:20: src/EjercicioSearchAndReplaceCharacters.o] Error 1
"make all" terminated with exit code 2. Build might be incomplete.
21:44:31 **** Incremental Build of configuration Debug for project Clase03TN ****
make all 
Building file: ../src/EjercicioSearchAndReplaceCharacters.cpp
Invoking: GCC C++ Compiler
g++ -O0 -g3 -Wall -c -fmessage-length=0 -MMD -MP -MF"src/EjercicioSearchAndReplaceCharacters.d" -MT"src/EjercicioSearchAndReplaceCharacters.o" -o "src/EjercicioSearchAndReplaceCharacters.o" "../src/EjercicioSearchAndReplaceCharacters.cpp"
Finished building: ../src/EjercicioSearchAndReplaceCharacters.cpp
 
Building target: Clase03TN
Invoking: GCC C++ Linker
g++  -o "Clase03TN" ./src/EjercicioSearchAndReplaceCharacters.o   
Finished building target: Clase03TN
 
21:45:06 **** Incremental Build of configuration Debug for project Clase03TN ****
make all 
Building file: ../src/EjercicioSearchAndReplaceCharacters.cpp
Invoking: GCC C++ Compiler
g++ -O0 -g3 -Wall -c -fmessage-length=0 -MMD -MP -MF"src/EjercicioSearchAndReplaceCharacters.d" -MT"src/EjercicioSearchAndReplaceCharacters.o" -o "src/EjercicioSearchAndReplaceCharacters.o" "../src/EjercicioSearchAndReplaceCharacters.cpp"
../src/EjercicioSearchAndReplaceCharacters.cpp: In function ‘bool ContieneSubTexto(char*, char*)’:
../src/EjercicioSearchAndReplaceCharacters.cpp:49:46: error: expected primary-expression before ‘return’
   49 |         indiceSubtexto == strlen(subTexto) ? return true; :return false;
      |                                              ^~~~~~
../src/EjercicioSearchAndReplaceCharacters.cpp:49:45: error: expected ‘:’ before ‘return’
   49 |         indiceSubtexto == strlen(subTexto) ? return true; :return false;
      |                                             ^~~~~~~
      |                                             :
../src/EjercicioSearchAndReplaceCharacters.cpp:49:46: error: expected primary-expression before ‘return’
   49 |         indiceSubtexto == strlen(subTexto) ? return true; :return false;
      |                                              ^~~~~~
../src/EjercicioSearchAndReplaceCharacters.cpp:49:59: error: expected primary-expression before ‘:’ token
   49 |         indiceSubtexto == strlen(subTexto) ? return true; :return false;
      |                                                           ^
../src/EjercicioSearchAndReplaceCharacters.cpp:51:1: warning: no return statement in function returning non-void [-Wreturn-type]
   51 | }
      | ^
make: *** [src/subdir.mk:20: src/EjercicioSearchAndReplaceCharacters.o] Error 1
"make all" terminated with exit code 2. Build might be incomplete.
21:45:22 **** Incremental Build of configuration Debug for project Clase03TN ****
make all 
Building file: ../src/EjercicioSearchAndReplaceCharacters.cpp
Invoking: GCC C++ Compiler
g++ -O0 -g3 -Wall -c -fmessage-length=0 -MMD -MP -MF"src/EjercicioSearchAndReplaceCharacters.d" -MT"src/EjercicioSearchAndReplaceCharacters.o" -o "src/EjercicioSearchAndReplaceCharacters.o" "../src/EjercicioSearchAndReplaceCharacters.cpp"
../src/EjercicioSearchAndReplaceCharacters.cpp: In function ‘bool ContieneSubTexto(char*, char*)’:
../src/EjercicioSearchAndReplaceCharacters.cpp:49:46: error: expected primary-expression before ‘return’
   49 |         indiceSubtexto == strlen(subTexto) ? return true; :return false;
      |                                              ^~~~~~
../src/EjercicioSearchAndReplaceCharacters.cpp:49:45: error: expected ‘:’ before ‘return’
   49 |         indiceSubtexto == strlen(subTexto) ? return true; :return false;
      |                                             ^~~~~~~
      |                                             :
../src/EjercicioSearchAndReplaceCharacters.cpp:49:46: error: expected primary-expression before ‘return’
   49 |         indiceSubtexto == strlen(subTexto) ? return true; :return false;
      |                                              ^~~~~~
../src/EjercicioSearchAndReplaceCharacters.cpp:49:59: error: expected primary-expression before ‘:’ token
   49 |         indiceSubtexto == strlen(subTexto) ? return true; :return false;
      |                                                           ^
../src/EjercicioSearchAndReplaceCharacters.cpp:51:1: warning: no return statement in function returning non-void [-Wreturn-type]
   51 | }
      | ^
make: *** [src/subdir.mk:20: src/EjercicioSearchAndReplaceCharacters.o] Error 1
"make all" terminated with exit code 2. Build might be incomplete.
21:45:37 **** Incremental Build of configuration Debug for project Clase03TN ****
make all 
Building file: ../src/EjercicioSearchAndReplaceCharacters.cpp
Invoking: GCC C++ Compiler
g++ -O0 -g3 -Wall -c -fmessage-length=0 -MMD -MP -MF"src/EjercicioSearchAndReplaceCharacters.d" -MT"src/EjercicioSearchAndReplaceCharacters.o" -o "src/EjercicioSearchAndReplaceCharacters.o" "../src/EjercicioSearchAndReplaceCharacters.cpp"
Finished building: ../src/EjercicioSearchAndReplaceCharacters.cpp
 
Building target: Clase03TN
Invoking: GCC C++ Linker
g++  -o "Clase03TN" ./src/EjercicioSearchAndReplaceCharacters.o   
Finished building target: Clase03TN
 
21:47:32 **** Incremental Build of configuration Debug for project Clase03TN ****
make all 
Building file: ../src/EjercicioSearchAndReplaceCharacters.cpp
Invoking: GCC C++ Compiler
g++ -O0 -g3 -Wall -c -fmessage-length=0 -MMD -MP -MF"src/EjercicioSearchAndReplaceCharacters.d" -MT"src/EjercicioSearchAndReplaceCharacters.o" -o "src/EjercicioSearchAndReplaceCharacters.o" "../src/EjercicioSearchAndReplaceCharacters.cpp"
../src/EjercicioSearchAndReplaceCharacters.cpp: In function ‘int main()’:
../src/EjercicioSearchAndReplaceCharacters.cpp:29:22: error: invalid conversion from ‘const char*’ to ‘char’ [-fpermissive]
   29 |         char texto = "hola como andas juan";
      |                      ^~~~~~~~~~~~~~~~~~~~~~
      |                      |
      |                      const char*
../src/EjercicioSearchAndReplaceCharacters.cpp:30:25: error: invalid conversion from ‘const char*’ to ‘char’ [-fpermissive]
   30 |         char SubTexto = "como";
      |                         ^~~~~~
      |                         |
      |                         const char*
../src/EjercicioSearchAndReplaceCharacters.cpp:31:40: error: ‘subTexto’ was not declared in this scope; did you mean ‘SubTexto’?
   31 |         cout << ContieneSubTexto(texto,subTexto)
      |                                        ^~~~~~~~
      |                                        SubTexto
../src/EjercicioSearchAndReplaceCharacters.cpp:30:14: warning: unused variable ‘SubTexto’ [-Wunused-variable]
   30 |         char SubTexto = "como";
      |              ^~~~~~~~
make: *** [src/subdir.mk:20: src/EjercicioSearchAndReplaceCharacters.o] Error 1
"make all" terminated with exit code 2. Build might be incomplete.
21:47:37 **** Incremental Build of configuration Debug for project Clase03TN ****
make all 
Building file: ../src/EjercicioSearchAndReplaceCharacters.cpp
Invoking: GCC C++ Compiler
g++ -O0 -g3 -Wall -c -fmessage-length=0 -MMD -MP -MF"src/EjercicioSearchAndReplaceCharacters.d" -MT"src/EjercicioSearchAndReplaceCharacters.o" -o "src/EjercicioSearchAndReplaceCharacters.o" "../src/EjercicioSearchAndReplaceCharacters.cpp"
../src/EjercicioSearchAndReplaceCharacters.cpp: In function ‘int main()’:
../src/EjercicioSearchAndReplaceCharacters.cpp:29:22: error: invalid conversion from ‘const char*’ to ‘char’ [-fpermissive]
   29 |         char texto = "hola como andas juan";
      |                      ^~~~~~~~~~~~~~~~~~~~~~
      |                      |
      |                      const char*
../src/EjercicioSearchAndReplaceCharacters.cpp:30:25: error: invalid conversion from ‘const char*’ to ‘char’ [-fpermissive]
   30 |         char SubTexto = "como";
      |                         ^~~~~~
      |                         |
      |                         const char*
../src/EjercicioSearchAndReplaceCharacters.cpp:31:40: error: ‘subTexto’ was not declared in this scope; did you mean ‘SubTexto’?
   31 |         cout << ContieneSubTexto(texto,subTexto)
      |                                        ^~~~~~~~
      |                                        SubTexto
../src/EjercicioSearchAndReplaceCharacters.cpp:30:14: warning: unused variable ‘SubTexto’ [-Wunused-variable]
   30 |         char SubTexto = "como";
      |              ^~~~~~~~
make: *** [src/subdir.mk:20: src/EjercicioSearchAndReplaceCharacters.o] Error 1
"make all" terminated with exit code 2. Build might be incomplete.
21:47:42 **** Incremental Build of configuration Debug for project Clase03TN ****
make all 
Building file: ../src/EjercicioSearchAndReplaceCharacters.cpp
Invoking: GCC C++ Compiler
g++ -O0 -g3 -Wall -c -fmessage-length=0 -MMD -MP -MF"src/EjercicioSearchAndReplaceCharacters.d" -MT"src/EjercicioSearchAndReplaceCharacters.o" -o "src/EjercicioSearchAndReplaceCharacters.o" "../src/EjercicioSearchAndReplaceCharacters.cpp"
../src/EjercicioSearchAndReplaceCharacters.cpp: In function ‘int main()’:
../src/EjercicioSearchAndReplaceCharacters.cpp:29:22: error: invalid conversion from ‘const char*’ to ‘char’ [-fpermissive]
   29 |         char texto = "hola como andas juan";
      |                      ^~~~~~~~~~~~~~~~~~~~~~
      |                      |
      |                      const char*
../src/EjercicioSearchAndReplaceCharacters.cpp:30:25: error: invalid conversion from ‘const char*’ to ‘char’ [-fpermissive]
   30 |         char SubTexto = "como";
      |                         ^~~~~~
      |                         |
      |                         const char*
../src/EjercicioSearchAndReplaceCharacters.cpp:31:40: error: ‘subTexto’ was not declared in this scope; did you mean ‘SubTexto’?
   31 |         cout << ContieneSubTexto(texto,subTexto);
      |                                        ^~~~~~~~
      |                                        SubTexto
../src/EjercicioSearchAndReplaceCharacters.cpp:30:14: warning: unused variable ‘SubTexto’ [-Wunused-variable]
   30 |         char SubTexto = "como";
      |              ^~~~~~~~
make: *** [src/subdir.mk:20: src/EjercicioSearchAndReplaceCharacters.o] Error 1
"make all" terminated with exit code 2. Build might be incomplete.
21:47:56 **** Incremental Build of configuration Debug for project Clase03TN ****
make all 
Building file: ../src/EjercicioSearchAndReplaceCharacters.cpp
Invoking: GCC C++ Compiler
g++ -O0 -g3 -Wall -c -fmessage-length=0 -MMD -MP -MF"src/EjercicioSearchAndReplaceCharacters.d" -MT"src/EjercicioSearchAndReplaceCharacters.o" -o "src/EjercicioSearchAndReplaceCharacters.o" "../src/EjercicioSearchAndReplaceCharacters.cpp"
../src/EjercicioSearchAndReplaceCharacters.cpp: In function ‘int main()’:
../src/EjercicioSearchAndReplaceCharacters.cpp:31:40: error: ‘subTexto’ was not declared in this scope; did you mean ‘SubTexto’?
   31 |         cout << ContieneSubTexto(texto,subTexto);
      |                                        ^~~~~~~~
      |                                        SubTexto
../src/EjercicioSearchAndReplaceCharacters.cpp:30:14: warning: unused variable ‘SubTexto’ [-Wunused-variable]
   30 |         char SubTexto[] = "como";
      |              ^~~~~~~~
make: *** [src/subdir.mk:20: src/EjercicioSearchAndReplaceCharacters.o] Error 1
"make all" terminated with exit code 2. Build might be incomplete.
21:48:13 **** Incremental Build of configuration Debug for project Clase03TN ****
make all 
Building file: ../src/EjercicioSearchAndReplaceCharacters.cpp
Invoking: GCC C++ Compiler
g++ -O0 -g3 -Wall -c -fmessage-length=0 -MMD -MP -MF"src/EjercicioSearchAndReplaceCharacters.d" -MT"src/EjercicioSearchAndReplaceCharacters.o" -o "src/EjercicioSearchAndReplaceCharacters.o" "../src/EjercicioSearchAndReplaceCharacters.cpp"
Finished building: ../src/EjercicioSearchAndReplaceCharacters.cpp
 
Building target: Clase03TN
Invoking: GCC C++ Linker
g++  -o "Clase03TN" ./src/EjercicioSearchAndReplaceCharacters.o   
Finished building target: Clase03TN
 
21:48:17 **** Incremental Build of configuration Debug for project Clase03TN ****
make all 
make: Nothing to be done for 'all'.
21:48:28 **** Incremental Build of configuration Debug for project Clase03TN ****
make all 
Building file: ../src/EjercicioSearchAndReplaceCharacters.cpp
Invoking: GCC C++ Compiler
g++ -O0 -g3 -Wall -c -fmessage-length=0 -MMD -MP -MF"src/EjercicioSearchAndReplaceCharacters.d" -MT"src/EjercicioSearchAndReplaceCharacters.o" -o "src/EjercicioSearchAndReplaceCharacters.o" "../src/EjercicioSearchAndReplaceCharacters.cpp"
Finished building: ../src/EjercicioSearchAndReplaceCharacters.cpp
 
Building target: Clase03TN
Invoking: GCC C++ Linker
g++  -o "Clase03TN" ./src/EjercicioSearchAndReplaceCharacters.o   
Finished building target: Clase03TN
 
21:48:40 **** Incremental Build of configuration Debug for project Clase03TN ****
make all 
Building file: ../src/EjercicioSearchAndReplaceCharacters.cpp
Invoking: GCC C++ Compiler
g++ -O0 -g3 -Wall -c -fmessage-length=0 -MMD -MP -MF"src/EjercicioSearchAndReplaceCharacters.d" -MT"src/EjercicioSearchAndReplaceCharacters.o" -o "src/EjercicioSearchAndReplaceCharacters.o" "../src/EjercicioSearchAndReplaceCharacters.cpp"
Finished building: ../src/EjercicioSearchAndReplaceCharacters.cpp
 
Building target: Clase03TN
Invoking: GCC C++ Linker
g++  -o "Clase03TN" ./src/EjercicioSearchAndReplaceCharacters.o   
Finished building target: Clase03TN
 
21:48:46 **** Incremental Build of configuration Debug for project Clase03TN ****
make all 
Building file: ../src/EjercicioSearchAndReplaceCharacters.cpp
Invoking: GCC C++ Compiler
g++ -O0 -g3 -Wall -c -fmessage-length=0 -MMD -MP -MF"src/EjercicioSearchAndReplaceCharacters.d" -MT"src/EjercicioSearchAndReplaceCharacters.o" -o "src/EjercicioSearchAndReplaceCharacters.o" "../src/EjercicioSearchAndReplaceCharacters.cpp"
Finished building: ../src/EjercicioSearchAndReplaceCharacters.cpp
 
Building target: Clase03TN
Invoking: GCC C++ Linker
g++  -o "Clase03TN" ./src/EjercicioSearchAndReplaceCharacters.o   
Finished building target: Clase03TN
 
21:48:54 **** Incremental Build of configuration Debug for project Clase03TN ****
make all 
Building file: ../src/EjercicioSearchAndReplaceCharacters.cpp
Invoking: GCC C++ Compiler
g++ -O0 -g3 -Wall -c -fmessage-length=0 -MMD -MP -MF"src/EjercicioSearchAndReplaceCharacters.d" -MT"src/EjercicioSearchAndReplaceCharacters.o" -o "src/EjercicioSearchAndReplaceCharacters.o" "../src/EjercicioSearchAndReplaceCharacters.cpp"
Finished building: ../src/EjercicioSearchAndReplaceCharacters.cpp
 
Building target: Clase03TN
Invoking: GCC C++ Linker
g++  -o "Clase03TN" ./src/EjercicioSearchAndReplaceCharacters.o   
Finished building target: Clase03TN
 
21:49:04 **** Incremental Build of configuration Debug for project Clase03TN ****
make all 
make: Nothing to be done for 'all'.
21:49:06 **** Incremental Build of configuration Debug for project Clase03TN ****
make all 
make: Nothing to be done for 'all'.
21:49:50 **** Incremental Build of configuration Debug for project Clase03TN ****
make all 
Building file: ../src/EjercicioSearchAndReplaceCharacters.cpp
Invoking: GCC C++ Compiler
g++ -O0 -g3 -Wall -c -fmessage-length=0 -MMD -MP -MF"src/EjercicioSearchAndReplaceCharacters.d" -MT"src/EjercicioSearchAndReplaceCharacters.o" -o "src/EjercicioSearchAndReplaceCharacters.o" "../src/EjercicioSearchAndReplaceCharacters.cpp"
Finished building: ../src/EjercicioSearchAndReplaceCharacters.cpp
 
Building target: Clase03TN
Invoking: GCC C++ Linker
g++  -o "Clase03TN" ./src/EjercicioSearchAndReplaceCharacters.o   
Finished building target: Clase03TN
 
21:50:05 **** Incremental Build of configuration Debug for project Clase03TN ****
make all 
Building file: ../src/EjercicioSearchAndReplaceCharacters.cpp
Invoking: GCC C++ Compiler
g++ -O0 -g3 -Wall -c -fmessage-length=0 -MMD -MP -MF"src/EjercicioSearchAndReplaceCharacters.d" -MT"src/EjercicioSearchAndReplaceCharacters.o" -o "src/EjercicioSearchAndReplaceCharacters.o" "../src/EjercicioSearchAndReplaceCharacters.cpp"
Finished building: ../src/EjercicioSearchAndReplaceCharacters.cpp
 
Building target: Clase03TN
Invoking: GCC C++ Linker
g++  -o "Clase03TN" ./src/EjercicioSearchAndReplaceCharacters.o   
Finished building target: Clase03TN
 
21:50:15 **** Incremental Build of configuration Debug for project Clase03TN ****
make all 
Building file: ../src/EjercicioSearchAndReplaceCharacters.cpp
Invoking: GCC C++ Compiler
g++ -O0 -g3 -Wall -c -fmessage-length=0 -MMD -MP -MF"src/EjercicioSearchAndReplaceCharacters.d" -MT"src/EjercicioSearchAndReplaceCharacters.o" -o "src/EjercicioSearchAndReplaceCharacters.o" "../src/EjercicioSearchAndReplaceCharacters.cpp"
Finished building: ../src/EjercicioSearchAndReplaceCharacters.cpp
 
Building target: Clase03TN
Invoking: GCC C++ Linker
g++  -o "Clase03TN" ./src/EjercicioSearchAndReplaceCharacters.o   
Finished building target: Clase03TN
 
21:50:23 **** Incremental Build of configuration Debug for project Clase03TN ****
make all 
Building file: ../src/EjercicioSearchAndReplaceCharacters.cpp
Invoking: GCC C++ Compiler
g++ -O0 -g3 -Wall -c -fmessage-length=0 -MMD -MP -MF"src/EjercicioSearchAndReplaceCharacters.d" -MT"src/EjercicioSearchAndReplaceCharacters.o" -o "src/EjercicioSearchAndReplaceCharacters.o" "../src/EjercicioSearchAndReplaceCharacters.cpp"
Finished building: ../src/EjercicioSearchAndReplaceCharacters.cpp
 
Building target: Clase03TN
Invoking: GCC C++ Linker
g++  -o "Clase03TN" ./src/EjercicioSearchAndReplaceCharacters.o   
Finished building target: Clase03TN
 
21:52:06 **** Incremental Build of configuration Debug for project Clase03TN ****
make all 
Building file: ../src/EjercicioSearchAndReplaceCharacters.cpp
Invoking: GCC C++ Compiler
g++ -O0 -g3 -Wall -c -fmessage-length=0 -MMD -MP -MF"src/EjercicioSearchAndReplaceCharacters.d" -MT"src/EjercicioSearchAndReplaceCharacters.o" -o "src/EjercicioSearchAndReplaceCharacters.o" "../src/EjercicioSearchAndReplaceCharacters.cpp"
Finished building: ../src/EjercicioSearchAndReplaceCharacters.cpp
 
Building target: Clase03TN
Invoking: GCC C++ Linker
g++  -o "Clase03TN" ./src/EjercicioSearchAndReplaceCharacters.o   
Finished building target: Clase03TN
 
21:55:13 **** Incremental Build of configuration Debug for project Clase03TN ****
make all 
Building file: ../src/EjercicioSearchAndReplaceCharacters.cpp
Invoking: GCC C++ Compiler
g++ -O0 -g3 -Wall -c -fmessage-length=0 -MMD -MP -MF"src/EjercicioSearchAndReplaceCharacters.d" -MT"src/EjercicioSearchAndReplaceCharacters.o" -o "src/EjercicioSearchAndReplaceCharacters.o" "../src/EjercicioSearchAndReplaceCharacters.cpp"
Finished building: ../src/EjercicioSearchAndReplaceCharacters.cpp
 
Building target: Clase03TN
Invoking: GCC C++ Linker
g++  -o "Clase03TN" ./src/EjercicioSearchAndReplaceCharacters.o   
Finished building target: Clase03TN
 
21:55:18 **** Incremental Build of configuration Debug for project Clase03TN ****
make all 
Building file: ../src/EjercicioSearchAndReplaceCharacters.cpp
Invoking: GCC C++ Compiler
g++ -O0 -g3 -Wall -c -fmessage-length=0 -MMD -MP -MF"src/EjercicioSearchAndReplaceCharacters.d" -MT"src/EjercicioSearchAndReplaceCharacters.o" -o "src/EjercicioSearchAndReplaceCharacters.o" "../src/EjercicioSearchAndReplaceCharacters.cpp"
Finished building: ../src/EjercicioSearchAndReplaceCharacters.cpp
 
Building target: Clase03TN
Invoking: GCC C++ Linker
g++  -o "Clase03TN" ./src/EjercicioSearchAndReplaceCharacters.o   
Finished building target: Clase03TN
 
21:55:24 **** Incremental Build of configuration Debug for project Clase03TN ****
make all 
Building file: ../src/EjercicioSearchAndReplaceCharacters.cpp
Invoking: GCC C++ Compiler
g++ -O0 -g3 -Wall -c -fmessage-length=0 -MMD -MP -MF"src/EjercicioSearchAndReplaceCharacters.d" -MT"src/EjercicioSearchAndReplaceCharacters.o" -o "src/EjercicioSearchAndReplaceCharacters.o" "../src/EjercicioSearchAndReplaceCharacters.cpp"
Finished building: ../src/EjercicioSearchAndReplaceCharacters.cpp
 
Building target: Clase03TN
Invoking: GCC C++ Linker
g++  -o "Clase03TN" ./src/EjercicioSearchAndReplaceCharacters.o   
Finished building target: Clase03TN
 
21:55:31 **** Incremental Build of configuration Debug for project Clase03TN ****
make all 
Building file: ../src/EjercicioSearchAndReplaceCharacters.cpp
Invoking: GCC C++ Compiler
g++ -O0 -g3 -Wall -c -fmessage-length=0 -MMD -MP -MF"src/EjercicioSearchAndReplaceCharacters.d" -MT"src/EjercicioSearchAndReplaceCharacters.o" -o "src/EjercicioSearchAndReplaceCharacters.o" "../src/EjercicioSearchAndReplaceCharacters.cpp"
Finished building: ../src/EjercicioSearchAndReplaceCharacters.cpp
 
Building target: Clase03TN
Invoking: GCC C++ Linker
g++  -o "Clase03TN" ./src/EjercicioSearchAndReplaceCharacters.o   
Finished building target: Clase03TN
 
21:56:30 **** Incremental Build of configuration Debug for project Clase03TN ****
make all 
Building file: ../src/EjercicioSearchAndReplaceCharacters.cpp
Invoking: GCC C++ Compiler
g++ -O0 -g3 -Wall -c -fmessage-length=0 -MMD -MP -MF"src/EjercicioSearchAndReplaceCharacters.d" -MT"src/EjercicioSearchAndReplaceCharacters.o" -o "src/EjercicioSearchAndReplaceCharacters.o" "../src/EjercicioSearchAndReplaceCharacters.cpp"
Finished building: ../src/EjercicioSearchAndReplaceCharacters.cpp
 
Building target: Clase03TN
Invoking: GCC C++ Linker
g++  -o "Clase03TN" ./src/EjercicioSearchAndReplaceCharacters.o   
Finished building target: Clase03TN
 
21:56:40 **** Incremental Build of configuration Debug for project Clase03TN ****
make all 
Building file: ../src/EjercicioSearchAndReplaceCharacters.cpp
Invoking: GCC C++ Compiler
g++ -O0 -g3 -Wall -c -fmessage-length=0 -MMD -MP -MF"src/EjercicioSearchAndReplaceCharacters.d" -MT"src/EjercicioSearchAndReplaceCharacters.o" -o "src/EjercicioSearchAndReplaceCharacters.o" "../src/EjercicioSearchAndReplaceCharacters.cpp"
Finished building: ../src/EjercicioSearchAndReplaceCharacters.cpp
 
Building target: Clase03TN
Invoking: GCC C++ Linker
g++  -o "Clase03TN" ./src/EjercicioSearchAndReplaceCharacters.o   
Finished building target: Clase03TN
 
23:21:40 **** Incremental Build of configuration Debug for project Clase03TN ****
make all 
Building file: ../src/EjercicioSearchAndReplaceCharacters.cpp
Invoking: GCC C++ Compiler
g++ -O0 -g3 -Wall -c -fmessage-length=0 -MMD -MP -MF"src/EjercicioSearchAndReplaceCharacters.d" -MT"src/EjercicioSearchAndReplaceCharacters.o" -o "src/EjercicioSearchAndReplaceCharacters.o" "../src/EjercicioSearchAndReplaceCharacters.cpp"
Finished building: ../src/EjercicioSearchAndReplaceCharacters.cpp
 
Building target: Clase03TN
Invoking: GCC C++ Linker
g++  -o "Clase03TN" ./src/EjercicioSearchAndReplaceCharacters.o   
Finished building target: Clase03TN
 
23:21:47 **** Incremental Build of configuration Debug for project Clase03TN ****
make all 
Building file: ../src/EjercicioSearchAndReplaceCharacters.cpp
Invoking: GCC C++ Compiler
g++ -O0 -g3 -Wall -c -fmessage-length=0 -MMD -MP -MF"src/EjercicioSearchAndReplaceCharacters.d" -MT"src/EjercicioSearchAndReplaceCharacters.o" -o "src/EjercicioSearchAndReplaceCharacters.o" "../src/EjercicioSearchAndReplaceCharacters.cpp"
Finished building: ../src/EjercicioSearchAndReplaceCharacters.cpp
 
Building target: Clase03TN
Invoking: GCC C++ Linker
g++  -o "Clase03TN" ./src/EjercicioSearchAndReplaceCharacters.o   
Finished building target: Clase03TN
 
17:37:29 **** Incremental Build of configuration Debug for project Clase03TN ****
make all 
Building file: ../src/EjercicioSearchAndReplaceCharacters.cpp
Invoking: GCC C++ Compiler
g++ -O0 -g3 -Wall -c -fmessage-length=0 -MMD -MP -MF"src/EjercicioSearchAndReplaceCharacters.d" -MT"src/EjercicioSearchAndReplaceCharacters.o" -o "src/EjercicioSearchAndReplaceCharacters.o" "../src/EjercicioSearchAndReplaceCharacters.cpp"
../src/EjercicioSearchAndReplaceCharacters.cpp: In function ‘int BuscarTexto(char*, char)’:
../src/EjercicioSearchAndReplaceCharacters.cpp:33:46: error: ‘indiceSubtexto’ was not declared in this scope; did you mean ‘indiceTexto’?
   33 |         while(indiceTexto < strlen(texto) && indiceSubtexto <= strlen(indiceTextoBusqueda)){
      |                                              ^~~~~~~~~~~~~~
      |                                              indiceTexto
../src/EjercicioSearchAndReplaceCharacters.cpp:33:71: error: invalid conversion from ‘unsigned int’ to ‘const char*’ [-fpermissive]
   33 |         while(indiceTexto < strlen(texto) && indiceSubtexto <= strlen(indiceTextoBusqueda)){
      |                                                                       ^~~~~~~~~~~~~~~~~~~
      |                                                                       |
      |                                                                       unsigned int
In file included from /usr/include/c++/11/cstring:42,
                 from ../src/EjercicioSearchAndReplaceCharacters.cpp:10:
/usr/include/string.h:407:35: note:   initializing argument 1 of ‘size_t strlen(const char*)’
  407 | extern size_t strlen (const char *__s)
      |                       ~~~~~~~~~~~~^~~
../src/EjercicioSearchAndReplaceCharacters.cpp:34:42: error: ‘subTexto’ was not declared in this scope
   34 |                 if(texto[indiceTexto] == subTexto[indiceTextoBusqueda]){
      |                                          ^~~~~~~~
../src/EjercicioSearchAndReplaceCharacters.cpp:39:42: error: invalid conversion from ‘char’ to ‘const char*’ [-fpermissive]
   39 |         if(indiceTextoBusqueda == strlen(textoBusqueda)){
      |                                          ^~~~~~~~~~~~~
      |                                          |
      |                                          char
In file included from /usr/include/c++/11/cstring:42,
                 from ../src/EjercicioSearchAndReplaceCharacters.cpp:10:
/usr/include/string.h:407:35: note:   initializing argument 1 of ‘size_t strlen(const char*)’
  407 | extern size_t strlen (const char *__s)
      |                       ~~~~~~~~~~~~^~~
make: *** [src/subdir.mk:20: src/EjercicioSearchAndReplaceCharacters.o] Error 1
"make all" terminated with exit code 2. Build might be incomplete.
17:37:57 **** Incremental Build of configuration Debug for project Clase03TN ****
make all 
Building file: ../src/EjercicioSearchAndReplaceCharacters.cpp
Invoking: GCC C++ Compiler
g++ -O0 -g3 -Wall -c -fmessage-length=0 -MMD -MP -MF"src/EjercicioSearchAndReplaceCharacters.d" -MT"src/EjercicioSearchAndReplaceCharacters.o" -o "src/EjercicioSearchAndReplaceCharacters.o" "../src/EjercicioSearchAndReplaceCharacters.cpp"
../src/EjercicioSearchAndReplaceCharacters.cpp: In function ‘int BuscarTexto(char*, char)’:
../src/EjercicioSearchAndReplaceCharacters.cpp:33:76: error: invalid conversion from ‘unsigned int’ to ‘const char*’ [-fpermissive]
   33 |         while(indiceTexto < strlen(texto) && indiceTextoBusqueda <= strlen(indiceTextoBusqueda)){
      |                                                                            ^~~~~~~~~~~~~~~~~~~
      |                                                                            |
      |                                                                            unsigned int
In file included from /usr/include/c++/11/cstring:42,
                 from ../src/EjercicioSearchAndReplaceCharacters.cpp:10:
/usr/include/string.h:407:35: note:   initializing argument 1 of ‘size_t strlen(const char*)’
  407 | extern size_t strlen (const char *__s)
      |                       ~~~~~~~~~~~~^~~
../src/EjercicioSearchAndReplaceCharacters.cpp:34:42: error: ‘subTexto’ was not declared in this scope
   34 |                 if(texto[indiceTexto] == subTexto[indiceTextoBusqueda]){
      |                                          ^~~~~~~~
../src/EjercicioSearchAndReplaceCharacters.cpp:39:42: error: invalid conversion from ‘char’ to ‘const char*’ [-fpermissive]
   39 |         if(indiceTextoBusqueda == strlen(textoBusqueda)){
      |                                          ^~~~~~~~~~~~~
      |                                          |
      |                                          char
In file included from /usr/include/c++/11/cstring:42,
                 from ../src/EjercicioSearchAndReplaceCharacters.cpp:10:
/usr/include/string.h:407:35: note:   initializing argument 1 of ‘size_t strlen(const char*)’
  407 | extern size_t strlen (const char *__s)
      |                       ~~~~~~~~~~~~^~~
make: *** [src/subdir.mk:20: src/EjercicioSearchAndReplaceCharacters.o] Error 1
"make all" terminated with exit code 2. Build might be incomplete.
17:38:17 **** Incremental Build of configuration Debug for project Clase03TN ****
make all 
Building file: ../src/EjercicioSearchAndReplaceCharacters.cpp
Invoking: GCC C++ Compiler
g++ -O0 -g3 -Wall -c -fmessage-length=0 -MMD -MP -MF"src/EjercicioSearchAndReplaceCharacters.d" -MT"src/EjercicioSearchAndReplaceCharacters.o" -o "src/EjercicioSearchAndReplaceCharacters.o" "../src/EjercicioSearchAndReplaceCharacters.cpp"
../src/EjercicioSearchAndReplaceCharacters.cpp: In function ‘int BuscarTexto(char*, char)’:
../src/EjercicioSearchAndReplaceCharacters.cpp:33:76: error: invalid conversion from ‘unsigned int’ to ‘const char*’ [-fpermissive]
   33 |         while(indiceTexto < strlen(texto) && indiceTextoBusqueda <= strlen(indiceTextoBusqueda)){
      |                                                                            ^~~~~~~~~~~~~~~~~~~
      |                                                                            |
      |                                                                            unsigned int
In file included from /usr/include/c++/11/cstring:42,
                 from ../src/EjercicioSearchAndReplaceCharacters.cpp:10:
/usr/include/string.h:407:35: note:   initializing argument 1 of ‘size_t strlen(const char*)’
  407 | extern size_t strlen (const char *__s)
      |                       ~~~~~~~~~~~~^~~
../src/EjercicioSearchAndReplaceCharacters.cpp:34:55: error: invalid types ‘char[unsigned int]’ for array subscript
   34 |                 if(texto[indiceTexto] == textoBusqueda[indiceTextoBusqueda]){
      |                                                       ^
../src/EjercicioSearchAndReplaceCharacters.cpp:39:42: error: invalid conversion from ‘char’ to ‘const char*’ [-fpermissive]
   39 |         if(indiceTextoBusqueda == strlen(textoBusqueda)){
      |                                          ^~~~~~~~~~~~~
      |                                          |
      |                                          char
In file included from /usr/include/c++/11/cstring:42,
                 from ../src/EjercicioSearchAndReplaceCharacters.cpp:10:
/usr/include/string.h:407:35: note:   initializing argument 1 of ‘size_t strlen(const char*)’
  407 | extern size_t strlen (const char *__s)
      |                       ~~~~~~~~~~~~^~~
make: *** [src/subdir.mk:20: src/EjercicioSearchAndReplaceCharacters.o] Error 1
"make all" terminated with exit code 2. Build might be incomplete.
17:38:37 **** Incremental Build of configuration Debug for project Clase03TN ****
make all 
Building file: ../src/EjercicioSearchAndReplaceCharacters.cpp
Invoking: GCC C++ Compiler
g++ -O0 -g3 -Wall -c -fmessage-length=0 -MMD -MP -MF"src/EjercicioSearchAndReplaceCharacters.d" -MT"src/EjercicioSearchAndReplaceCharacters.o" -o "src/EjercicioSearchAndReplaceCharacters.o" "../src/EjercicioSearchAndReplaceCharacters.cpp"
../src/EjercicioSearchAndReplaceCharacters.cpp: In function ‘int BuscarTexto(char*, char*)’:
../src/EjercicioSearchAndReplaceCharacters.cpp:33:76: error: invalid conversion from ‘unsigned int’ to ‘const char*’ [-fpermissive]
   33 |         while(indiceTexto < strlen(texto) && indiceTextoBusqueda <= strlen(indiceTextoBusqueda)){
      |                                                                            ^~~~~~~~~~~~~~~~~~~
      |                                                                            |
      |                                                                            unsigned int
In file included from /usr/include/c++/11/cstring:42,
                 from ../src/EjercicioSearchAndReplaceCharacters.cpp:10:
/usr/include/string.h:407:35: note:   initializing argument 1 of ‘size_t strlen(const char*)’
  407 | extern size_t strlen (const char *__s)
      |                       ~~~~~~~~~~~~^~~
make: *** [src/subdir.mk:20: src/EjercicioSearchAndReplaceCharacters.o] Error 1
"make all" terminated with exit code 2. Build might be incomplete.
17:39:05 **** Incremental Build of configuration Debug for project Clase03TN ****
make all 
Building file: ../src/EjercicioSearchAndReplaceCharacters.cpp
Invoking: GCC C++ Compiler
g++ -O0 -g3 -Wall -c -fmessage-length=0 -MMD -MP -MF"src/EjercicioSearchAndReplaceCharacters.d" -MT"src/EjercicioSearchAndReplaceCharacters.o" -o "src/EjercicioSearchAndReplaceCharacters.o" "../src/EjercicioSearchAndReplaceCharacters.cpp"
Finished building: ../src/EjercicioSearchAndReplaceCharacters.cpp
 
Building target: Clase03TN
Invoking: GCC C++ Linker
g++  -o "Clase03TN" ./src/EjercicioSearchAndReplaceCharacters.o   
Finished building target: Clase03TN
 
17:39:18 **** Incremental Build of configuration Debug for project Clase03TN ****
make all 
make: Nothing to be done for 'all'.
17:40:33 **** Incremental Build of configuration Debug for project Clase03TN ****
make all 
Building file: ../src/EjercicioSearchAndReplaceCharacters.cpp
Invoking: GCC C++ Compiler
g++ -O0 -g3 -Wall -c -fmessage-length=0 -MMD -MP -MF"src/EjercicioSearchAndReplaceCharacters.d" -MT"src/EjercicioSearchAndReplaceCharacters.o" -o "src/EjercicioSearchAndReplaceCharacters.o" "../src/EjercicioSearchAndReplaceCharacters.cpp"
Finished building: ../src/EjercicioSearchAndReplaceCharacters.cpp
 
Building target: Clase03TN
Invoking: GCC C++ Linker
g++  -o "Clase03TN" ./src/EjercicioSearchAndReplaceCharacters.o   
Finished building target: Clase03TN
 
17:41:26 **** Incremental Build of configuration Debug for project Clase03TN ****
make all 
Building file: ../src/EjercicioSearchAndReplaceCharacters.cpp
Invoking: GCC C++ Compiler
g++ -O0 -g3 -Wall -c -fmessage-length=0 -MMD -MP -MF"src/EjercicioSearchAndReplaceCharacters.d" -MT"src/EjercicioSearchAndReplaceCharacters.o" -o "src/EjercicioSearchAndReplaceCharacters.o" "../src/EjercicioSearchAndReplaceCharacters.cpp"
Finished building: ../src/EjercicioSearchAndReplaceCharacters.cpp
 
Building target: Clase03TN
Invoking: GCC C++ Linker
g++  -o "Clase03TN" ./src/EjercicioSearchAndReplaceCharacters.o   
Finished building target: Clase03TN
 
17:43:28 **** Incremental Build of configuration Debug for project Clase03TN ****
make all 
Building file: ../src/EjercicioSearchAndReplaceCharacters.cpp
Invoking: GCC C++ Compiler
g++ -O0 -g3 -Wall -c -fmessage-length=0 -MMD -MP -MF"src/EjercicioSearchAndReplaceCharacters.d" -MT"src/EjercicioSearchAndReplaceCharacters.o" -o "src/EjercicioSearchAndReplaceCharacters.o" "../src/EjercicioSearchAndReplaceCharacters.cpp"
Finished building: ../src/EjercicioSearchAndReplaceCharacters.cpp
 
Building target: Clase03TN
Invoking: GCC C++ Linker
g++  -o "Clase03TN" ./src/EjercicioSearchAndReplaceCharacters.o   
Finished building target: Clase03TN
 
17:43:31 **** Incremental Build of configuration Debug for project Clase03TN ****
make all 
make: Nothing to be done for 'all'.
17:46:08 **** Incremental Build of configuration Debug for project Clase03TN ****
make all 
Building file: ../src/EjercicioSearchAndReplaceCharacters.cpp
Invoking: GCC C++ Compiler
g++ -O0 -g3 -Wall -c -fmessage-length=0 -MMD -MP -MF"src/EjercicioSearchAndReplaceCharacters.d" -MT"src/EjercicioSearchAndReplaceCharacters.o" -o "src/EjercicioSearchAndReplaceCharacters.o" "../src/EjercicioSearchAndReplaceCharacters.cpp"
Finished building: ../src/EjercicioSearchAndReplaceCharacters.cpp
 
Building target: Clase03TN
Invoking: GCC C++ Linker
g++  -o "Clase03TN" ./src/EjercicioSearchAndReplaceCharacters.o   
Finished building target: Clase03TN
 
17:46:12 **** Incremental Build of configuration Debug for project Clase03TN ****
make all 
make: Nothing to be done for 'all'.
17:46:13 **** Incremental Build of configuration Debug for project Clase03TN ****
make all 
make: Nothing to be done for 'all'.
17:47:11 **** Incremental Build of configuration Debug for project Clase03TN ****
make all 
make: Nothing to be done for 'all'.
17:47:14 **** Incremental Build of configuration Debug for project Clase03TN ****
make all 
make: Nothing to be done for 'all'.
17:49:58 **** Incremental Build of configuration Debug for project Clase03TN ****
make all 
Building file: ../src/EjercicioSearchAndReplaceCharacters.cpp
Invoking: GCC C++ Compiler
g++ -O0 -g3 -Wall -c -fmessage-length=0 -MMD -MP -MF"src/EjercicioSearchAndReplaceCharacters.d" -MT"src/EjercicioSearchAndReplaceCharacters.o" -o "src/EjercicioSearchAndReplaceCharacters.o" "../src/EjercicioSearchAndReplaceCharacters.cpp"
Finished building: ../src/EjercicioSearchAndReplaceCharacters.cpp
 
Building target: Clase03TN
Invoking: GCC C++ Linker
g++  -o "Clase03TN" ./src/EjercicioSearchAndReplaceCharacters.o   
Finished building target: Clase03TN
 
17:50:01 **** Incremental Build of configuration Debug for project Clase03TN ****
make all 
make: Nothing to be done for 'all'.
17:52:58 **** Incremental Build of configuration Debug for project Clase03TN ****
make all 
Building file: ../src/EjercicioSearchAndReplaceCharacters.cpp
Invoking: GCC C++ Compiler
g++ -O0 -g3 -Wall -c -fmessage-length=0 -MMD -MP -MF"src/EjercicioSearchAndReplaceCharacters.d" -MT"src/EjercicioSearchAndReplaceCharacters.o" -o "src/EjercicioSearchAndReplaceCharacters.o" "../src/EjercicioSearchAndReplaceCharacters.cpp"
Finished building: ../src/EjercicioSearchAndReplaceCharacters.cpp
 
Building target: Clase03TN
Invoking: GCC C++ Linker
g++  -o "Clase03TN" ./src/EjercicioSearchAndReplaceCharacters.o   
Finished building target: Clase03TN
 
17:53:00 **** Incremental Build of configuration Debug for project Clase03TN ****
make all 
make: Nothing to be done for 'all'.
17:59:37 **** Incremental Build of configuration Debug for project Clase03TN ****
make all 
Building file: ../src/EjercicioSearchAndReplaceCharacters.cpp
Invoking: GCC C++ Compiler
g++ -O0 -g3 -Wall -c -fmessage-length=0 -MMD -MP -MF"src/EjercicioSearchAndReplaceCharacters.d" -MT"src/EjercicioSearchAndReplaceCharacters.o" -o "src/EjercicioSearchAndReplaceCharacters.o" "../src/EjercicioSearchAndReplaceCharacters.cpp"
Finished building: ../src/EjercicioSearchAndReplaceCharacters.cpp
 
Building target: Clase03TN
Invoking: GCC C++ Linker
g++  -o "Clase03TN" ./src/EjercicioSearchAndReplaceCharacters.o   
Finished building target: Clase03TN
 
17:59:39 **** Incremental Build of configuration Debug for project Clase03TN ****
make all 
make: Nothing to be done for 'all'.
17:59:48 **** Incremental Build of configuration Debug for project Clase03TN ****
make all 
Building file: ../src/EjercicioSearchAndReplaceCharacters.cpp
Invoking: GCC C++ Compiler
g++ -O0 -g3 -Wall -c -fmessage-length=0 -MMD -MP -MF"src/EjercicioSearchAndReplaceCharacters.d" -MT"src/EjercicioSearchAndReplaceCharacters.o" -o "src/EjercicioSearchAndReplaceCharacters.o" "../src/EjercicioSearchAndReplaceCharacters.cpp"
Finished building: ../src/EjercicioSearchAndReplaceCharacters.cpp
 
Building target: Clase03TN
Invoking: GCC C++ Linker
g++  -o "Clase03TN" ./src/EjercicioSearchAndReplaceCharacters.o   
Finished building target: Clase03TN
 
17:59:51 **** Incremental Build of configuration Debug for project Clase03TN ****
make all 
make: Nothing to be done for 'all'.
18:01:22 **** Incremental Build of configuration Debug for project Clase03TN ****
make all 
Building file: ../src/EjercicioSearchAndReplaceCharacters.cpp
Invoking: GCC C++ Compiler
g++ -O0 -g3 -Wall -c -fmessage-length=0 -MMD -MP -MF"src/EjercicioSearchAndReplaceCharacters.d" -MT"src/EjercicioSearchAndReplaceCharacters.o" -o "src/EjercicioSearchAndReplaceCharacters.o" "../src/EjercicioSearchAndReplaceCharacters.cpp"
Finished building: ../src/EjercicioSearchAndReplaceCharacters.cpp
 
Building target: Clase03TN
Invoking: GCC C++ Linker
g++  -o "Clase03TN" ./src/EjercicioSearchAndReplaceCharacters.o   
Finished building target: Clase03TN
 
18:01:25 **** Incremental Build of configuration Debug for project Clase03TN ****
make all 
make: Nothing to be done for 'all'.
18:02:35 **** Incremental Build of configuration Debug for project Clase03TN ****
make all 
Building file: ../src/EjercicioSearchAndReplaceCharacters.cpp
Invoking: GCC C++ Compiler
g++ -O0 -g3 -Wall -c -fmessage-length=0 -MMD -MP -MF"src/EjercicioSearchAndReplaceCharacters.d" -MT"src/EjercicioSearchAndReplaceCharacters.o" -o "src/EjercicioSearchAndReplaceCharacters.o" "../src/EjercicioSearchAndReplaceCharacters.cpp"
Finished building: ../src/EjercicioSearchAndReplaceCharacters.cpp
 
Building target: Clase03TN
Invoking: GCC C++ Linker
g++  -o "Clase03TN" ./src/EjercicioSearchAndReplaceCharacters.o   
Finished building target: Clase03TN
 
18:02:37 **** Incremental Build of configuration Debug for project Clase03TN ****
make all 
make: Nothing to be done for 'all'.
18:07:04 **** Incremental Build of configuration Debug for project Clase03TN ****
make all 
Building file: ../src/EjercicioSearchAndReplaceCharacters.cpp
Invoking: GCC C++ Compiler
g++ -O0 -g3 -Wall -c -fmessage-length=0 -MMD -MP -MF"src/EjercicioSearchAndReplaceCharacters.d" -MT"src/EjercicioSearchAndReplaceCharacters.o" -o "src/EjercicioSearchAndReplaceCharacters.o" "../src/EjercicioSearchAndReplaceCharacters.cpp"
Finished building: ../src/EjercicioSearchAndReplaceCharacters.cpp
 
Building target: Clase03TN
Invoking: GCC C++ Linker
g++  -o "Clase03TN" ./src/EjercicioSearchAndReplaceCharacters.o   
Finished building target: Clase03TN
 
18:07:16 **** Incremental Build of configuration Debug for project Clase03TN ****
make all 
Building file: ../src/EjercicioSearchAndReplaceCharacters.cpp
Invoking: GCC C++ Compiler
g++ -O0 -g3 -Wall -c -fmessage-length=0 -MMD -MP -MF"src/EjercicioSearchAndReplaceCharacters.d" -MT"src/EjercicioSearchAndReplaceCharacters.o" -o "src/EjercicioSearchAndReplaceCharacters.o" "../src/EjercicioSearchAndReplaceCharacters.cpp"
Finished building: ../src/EjercicioSearchAndReplaceCharacters.cpp
 
Building target: Clase03TN
Invoking: GCC C++ Linker
g++  -o "Clase03TN" ./src/EjercicioSearchAndReplaceCharacters.o   
Finished building target: Clase03TN
 
18:07:18 **** Incremental Build of configuration Debug for project Clase03TN ****
make all 
make: Nothing to be done for 'all'.
18:07:51 **** Incremental Build of configuration Debug for project Clase03TN ****
make all 
Building file: ../src/EjercicioSearchAndReplaceCharacters.cpp
Invoking: GCC C++ Compiler
g++ -O0 -g3 -Wall -c -fmessage-length=0 -MMD -MP -MF"src/EjercicioSearchAndReplaceCharacters.d" -MT"src/EjercicioSearchAndReplaceCharacters.o" -o "src/EjercicioSearchAndReplaceCharacters.o" "../src/EjercicioSearchAndReplaceCharacters.cpp"
Finished building: ../src/EjercicioSearchAndReplaceCharacters.cpp
 
Building target: Clase03TN
Invoking: GCC C++ Linker
g++  -o "Clase03TN" ./src/EjercicioSearchAndReplaceCharacters.o   
Finished building target: Clase03TN
 
18:09:20 **** Incremental Build of configuration Debug for project Clase03TN ****
make all 
Building file: ../src/EjercicioSearchAndReplaceCharacters.cpp
Invoking: GCC C++ Compiler
g++ -O0 -g3 -Wall -c -fmessage-length=0 -MMD -MP -MF"src/EjercicioSearchAndReplaceCharacters.d" -MT"src/EjercicioSearchAndReplaceCharacters.o" -o "src/EjercicioSearchAndReplaceCharacters.o" "../src/EjercicioSearchAndReplaceCharacters.cpp"
Finished building: ../src/EjercicioSearchAndReplaceCharacters.cpp
 
Building target: Clase03TN
Invoking: GCC C++ Linker
g++  -o "Clase03TN" ./src/EjercicioSearchAndReplaceCharacters.o   
Finished building target: Clase03TN
 
18:09:24 **** Incremental Build of configuration Debug for project Clase03TN ****
make all 
make: Nothing to be done for 'all'.
02:28:01 **** Incremental Build of configuration Debug for project Clase03TN ****
make all 
Building file: ../src/EjercicioSearchAndReplaceCharacters.cpp
Invoking: GCC C++ Compiler
g++ -O0 -g3 -Wall -c -fmessage-length=0 -MMD -MP -MF"src/EjercicioSearchAndReplaceCharacters.d" -MT"src/EjercicioSearchAndReplaceCharacters.o" -o "src/EjercicioSearchAndReplaceCharacters.o" "../src/EjercicioSearchAndReplaceCharacters.cpp"
../src/EjercicioSearchAndReplaceCharacters.cpp: In function ‘void Reemplazar(char*, char*, char*)’:
../src/EjercicioSearchAndReplaceCharacters.cpp:49:73: warning: comparison of integer expressions of different signedness: ‘int’ and ‘size_t’ {aka ‘long unsigned int’} [-Wsign-compare]
   49 |                 for(int indiceTextoReemplazo = 0 ; indiceTextoReemplazo < strlen(textoReemplazo);indiceTextoReemplazo++){
      |                                                    ~~~~~~~~~~~~~~~~~~~~~^~~~~~~~~~~~~~~~~~~~~~~~
Finished building: ../src/EjercicioSearchAndReplaceCharacters.cpp
 
Building target: Clase03TN
Invoking: GCC C++ Linker
g++  -o "Clase03TN" ./src/EjercicioSearchAndReplaceCharacters.o   
Finished building target: Clase03TN
 
02:28:50 **** Incremental Build of configuration Debug for project Clase03TN ****
make all 
Building file: ../src/EjercicioSearchAndReplaceCharacters.cpp
Invoking: GCC C++ Compiler
g++ -O0 -g3 -Wall -c -fmessage-length=0 -MMD -MP -MF"src/EjercicioSearchAndReplaceCharacters.d" -MT"src/EjercicioSearchAndReplaceCharacters.o" -o "src/EjercicioSearchAndReplaceCharacters.o" "../src/EjercicioSearchAndReplaceCharacters.cpp"
Finished building: ../src/EjercicioSearchAndReplaceCharacters.cpp
 
Building target: Clase03TN
Invoking: GCC C++ Linker
g++  -o "Clase03TN" ./src/EjercicioSearchAndReplaceCharacters.o   
Finished building target: Clase03TN
 
02:28:53 **** Incremental Build of configuration Debug for project Clase03TN ****
make all 
make: Nothing to be done for 'all'.
02:30:06 **** Incremental Build of configuration Debug for project Clase03TN ****
make all 
make: Nothing to be done for 'all'.
02:30:08 **** Incremental Build of configuration Debug for project Clase03TN ****
make all 
make: Nothing to be done for 'all'.
02:32:28 **** Incremental Build of configuration Debug for project Clase03TN ****
make all 
Building file: ../src/EjercicioSearchAndReplaceCharacters.cpp
Invoking: GCC C++ Compiler
g++ -O0 -g3 -Wall -c -fmessage-length=0 -MMD -MP -MF"src/EjercicioSearchAndReplaceCharacters.d" -MT"src/EjercicioSearchAndReplaceCharacters.o" -o "src/EjercicioSearchAndReplaceCharacters.o" "../src/EjercicioSearchAndReplaceCharacters.cpp"
../src/EjercicioSearchAndReplaceCharacters.cpp: In function ‘int main()’:
../src/EjercicioSearchAndReplaceCharacters.cpp:33:14: warning: unused variable ‘textoReemplazo’ [-Wunused-variable]
   33 |         char textoReemplazo[] = "xxx";
      |              ^~~~~~~~~~~~~~
Finished building: ../src/EjercicioSearchAndReplaceCharacters.cpp
 
Building target: Clase03TN
Invoking: GCC C++ Linker
g++  -o "Clase03TN" ./src/EjercicioSearchAndReplaceCharacters.o   
Finished building target: Clase03TN
 
02:32:32 **** Incremental Build of configuration Debug for project Clase03TN ****
make all 
make: Nothing to be done for 'all'.
02:36:33 **** Incremental Build of configuration Debug for project Clase03TN ****
make all 
Building file: ../src/EjercicioSearchAndReplaceCharacters.cpp
Invoking: GCC C++ Compiler
g++ -O0 -g3 -Wall -c -fmessage-length=0 -MMD -MP -MF"src/EjercicioSearchAndReplaceCharacters.d" -MT"src/EjercicioSearchAndReplaceCharacters.o" -o "src/EjercicioSearchAndReplaceCharacters.o" "../src/EjercicioSearchAndReplaceCharacters.cpp"
../src/EjercicioSearchAndReplaceCharacters.cpp: In function ‘int main()’:
../src/EjercicioSearchAndReplaceCharacters.cpp:33:14: warning: unused variable ‘textoReemplazo’ [-Wunused-variable]
   33 |         char textoReemplazo[] = "xxx";
      |              ^~~~~~~~~~~~~~
Finished building: ../src/EjercicioSearchAndReplaceCharacters.cpp
 
Building target: Clase03TN
Invoking: GCC C++ Linker
g++  -o "Clase03TN" ./src/EjercicioSearchAndReplaceCharacters.o   
Finished building target: Clase03TN
 
02:36:34 **** Incremental Build of configuration Debug for project Clase03TN ****
make all 
make: Nothing to be done for 'all'.
02:36:57 **** Incremental Build of configuration Debug for project Clase03TN ****
make all 
Building file: ../src/EjercicioSearchAndReplaceCharacters.cpp
Invoking: GCC C++ Compiler
g++ -O0 -g3 -Wall -c -fmessage-length=0 -MMD -MP -MF"src/EjercicioSearchAndReplaceCharacters.d" -MT"src/EjercicioSearchAndReplaceCharacters.o" -o "src/EjercicioSearchAndReplaceCharacters.o" "../src/EjercicioSearchAndReplaceCharacters.cpp"
../src/EjercicioSearchAndReplaceCharacters.cpp: In function ‘int main()’:
../src/EjercicioSearchAndReplaceCharacters.cpp:33:14: warning: unused variable ‘textoReemplazo’ [-Wunused-variable]
   33 |         char textoReemplazo[] = "xxx";
      |              ^~~~~~~~~~~~~~
Finished building: ../src/EjercicioSearchAndReplaceCharacters.cpp
 
Building target: Clase03TN
Invoking: GCC C++ Linker
g++  -o "Clase03TN" ./src/EjercicioSearchAndReplaceCharacters.o   
Finished building target: Clase03TN
 
02:37:41 **** Incremental Build of configuration Debug for project Clase03TN ****
make all 
Building file: ../src/EjercicioSearchAndReplaceCharacters.cpp
Invoking: GCC C++ Compiler
g++ -O0 -g3 -Wall -c -fmessage-length=0 -MMD -MP -MF"src/EjercicioSearchAndReplaceCharacters.d" -MT"src/EjercicioSearchAndReplaceCharacters.o" -o "src/EjercicioSearchAndReplaceCharacters.o" "../src/EjercicioSearchAndReplaceCharacters.cpp"
../src/EjercicioSearchAndReplaceCharacters.cpp: In function ‘int main()’:
../src/EjercicioSearchAndReplaceCharacters.cpp:31:14: warning: unused variable ‘texto’ [-Wunused-variable]
   31 |         char texto[] = "stucabatrk";
      |              ^~~~~
../src/EjercicioSearchAndReplaceCharacters.cpp:32:14: warning: unused variable ‘textoBusqueda’ [-Wunused-variable]
   32 |         char textoBusqueda[] = "caba";
      |              ^~~~~~~~~~~~~
../src/EjercicioSearchAndReplaceCharacters.cpp:33:14: warning: unused variable ‘textoReemplazo’ [-Wunused-variable]
   33 |         char textoReemplazo[] = "xxx";
      |              ^~~~~~~~~~~~~~
../src/EjercicioSearchAndReplaceCharacters.cpp: In function ‘bool ContieneSubTexto(char*, char*)’:
../src/EjercicioSearchAndReplaceCharacters.cpp:72:9: error: ‘c’ was not declared in this scope
   72 |         c
      |         ^
../src/EjercicioSearchAndReplaceCharacters.cpp:76:9: error: ‘else’ without a previous ‘if’
   76 |         else{
      |         ^~~~
make: *** [src/subdir.mk:20: src/EjercicioSearchAndReplaceCharacters.o] Error 1
"make all" terminated with exit code 2. Build might be incomplete.
02:38:10 **** Incremental Build of configuration Debug for project Clase03TN ****
make all 
Building file: ../src/EjercicioSearchAndReplaceCharacters.cpp
Invoking: GCC C++ Compiler
g++ -O0 -g3 -Wall -c -fmessage-length=0 -MMD -MP -MF"src/EjercicioSearchAndReplaceCharacters.d" -MT"src/EjercicioSearchAndReplaceCharacters.o" -o "src/EjercicioSearchAndReplaceCharacters.o" "../src/EjercicioSearchAndReplaceCharacters.cpp"
../src/EjercicioSearchAndReplaceCharacters.cpp: In function ‘int main()’:
../src/EjercicioSearchAndReplaceCharacters.cpp:31:14: warning: unused variable ‘texto’ [-Wunused-variable]
   31 |         char texto[] = "stucabatrk";
      |              ^~~~~
../src/EjercicioSearchAndReplaceCharacters.cpp:32:14: warning: unused variable ‘textoBusqueda’ [-Wunused-variable]
   32 |         char textoBusqueda[] = "caba";
      |              ^~~~~~~~~~~~~
../src/EjercicioSearchAndReplaceCharacters.cpp:33:14: warning: unused variable ‘textoReemplazo’ [-Wunused-variable]
   33 |         char textoReemplazo[] = "xxx";
      |              ^~~~~~~~~~~~~~
Finished building: ../src/EjercicioSearchAndReplaceCharacters.cpp
 
Building target: Clase03TN
Invoking: GCC C++ Linker
g++  -o "Clase03TN" ./src/EjercicioSearchAndReplaceCharacters.o   
Finished building target: Clase03TN
 
02:38:23 **** Incremental Build of configuration Debug for project Clase03TN ****
make all 
Building file: ../src/EjercicioSearchAndReplaceCharacters.cpp
Invoking: GCC C++ Compiler
g++ -O0 -g3 -Wall -c -fmessage-length=0 -MMD -MP -MF"src/EjercicioSearchAndReplaceCharacters.d" -MT"src/EjercicioSearchAndReplaceCharacters.o" -o "src/EjercicioSearchAndReplaceCharacters.o" "../src/EjercicioSearchAndReplaceCharacters.cpp"
Finished building: ../src/EjercicioSearchAndReplaceCharacters.cpp
 
Building target: Clase03TN
Invoking: GCC C++ Linker
g++  -o "Clase03TN" ./src/EjercicioSearchAndReplaceCharacters.o   
Finished building target: Clase03TN
 
02:38:26 **** Incremental Build of configuration Debug for project Clase03TN ****
make all 
make: Nothing to be done for 'all'.
02:39:36 **** Incremental Build of configuration Debug for project Clase03TN ****
make all 
Building file: ../src/EjercicioSearchAndReplaceCharacters.cpp
Invoking: GCC C++ Compiler
g++ -O0 -g3 -Wall -c -fmessage-length=0 -MMD -MP -MF"src/EjercicioSearchAndReplaceCharacters.d" -MT"src/EjercicioSearchAndReplaceCharacters.o" -o "src/EjercicioSearchAndReplaceCharacters.o" "../src/EjercicioSearchAndReplaceCharacters.cpp"
Finished building: ../src/EjercicioSearchAndReplaceCharacters.cpp
 
Building target: Clase03TN
Invoking: GCC C++ Linker
g++  -o "Clase03TN" ./src/EjercicioSearchAndReplaceCharacters.o   
Finished building target: Clase03TN
 
02:39:38 **** Incremental Build of configuration Debug for project Clase03TN ****
make all 
make: Nothing to be done for 'all'.
02:40:29 **** Incremental Build of configuration Debug for project Clase03TN ****
make all 
Building file: ../src/EjercicioSearchAndReplaceCharacters.cpp
Invoking: GCC C++ Compiler
g++ -O0 -g3 -Wall -c -fmessage-length=0 -MMD -MP -MF"src/EjercicioSearchAndReplaceCharacters.d" -MT"src/EjercicioSearchAndReplaceCharacters.o" -o "src/EjercicioSearchAndReplaceCharacters.o" "../src/EjercicioSearchAndReplaceCharacters.cpp"
Finished building: ../src/EjercicioSearchAndReplaceCharacters.cpp
 
Building target: Clase03TN
Invoking: GCC C++ Linker
g++  -o "Clase03TN" ./src/EjercicioSearchAndReplaceCharacters.o   
Finished building target: Clase03TN
 
02:40:30 **** Incremental Build of configuration Debug for project Clase03TN ****
make all 
make: Nothing to be done for 'all'.
02:41:05 **** Incremental Build of configuration Debug for project Clase03TN ****
make all 
Building file: ../src/EjercicioSearchAndReplaceCharacters.cpp
Invoking: GCC C++ Compiler
g++ -O0 -g3 -Wall -c -fmessage-length=0 -MMD -MP -MF"src/EjercicioSearchAndReplaceCharacters.d" -MT"src/EjercicioSearchAndReplaceCharacters.o" -o "src/EjercicioSearchAndReplaceCharacters.o" "../src/EjercicioSearchAndReplaceCharacters.cpp"
Finished building: ../src/EjercicioSearchAndReplaceCharacters.cpp
 
Building target: Clase03TN
Invoking: GCC C++ Linker
g++  -o "Clase03TN" ./src/EjercicioSearchAndReplaceCharacters.o   
Finished building target: Clase03TN
 
02:41:08 **** Incremental Build of configuration Debug for project Clase03TN ****
make all 
make: Nothing to be done for 'all'.
02:41:45 **** Incremental Build of configuration Debug for project Clase03TN ****
make all 
Building file: ../src/EjercicioSearchAndReplaceCharacters.cpp
Invoking: GCC C++ Compiler
g++ -O0 -g3 -Wall -c -fmessage-length=0 -MMD -MP -MF"src/EjercicioSearchAndReplaceCharacters.d" -MT"src/EjercicioSearchAndReplaceCharacters.o" -o "src/EjercicioSearchAndReplaceCharacters.o" "../src/EjercicioSearchAndReplaceCharacters.cpp"
Finished building: ../src/EjercicioSearchAndReplaceCharacters.cpp
 
Building target: Clase03TN
Invoking: GCC C++ Linker
g++  -o "Clase03TN" ./src/EjercicioSearchAndReplaceCharacters.o   
Finished building target: Clase03TN
 
02:41:48 **** Incremental Build of configuration Debug for project Clase03TN ****
make all 
make: Nothing to be done for 'all'.
02:42:21 **** Incremental Build of configuration Debug for project Clase03TN ****
make all 
Building file: ../src/EjercicioSearchAndReplaceCharacters.cpp
Invoking: GCC C++ Compiler
g++ -O0 -g3 -Wall -c -fmessage-length=0 -MMD -MP -MF"src/EjercicioSearchAndReplaceCharacters.d" -MT"src/EjercicioSearchAndReplaceCharacters.o" -o "src/EjercicioSearchAndReplaceCharacters.o" "../src/EjercicioSearchAndReplaceCharacters.cpp"
Finished building: ../src/EjercicioSearchAndReplaceCharacters.cpp
 
Building target: Clase03TN
Invoking: GCC C++ Linker
g++  -o "Clase03TN" ./src/EjercicioSearchAndReplaceCharacters.o   
Finished building target: Clase03TN
 
02:42:23 **** Incremental Build of configuration Debug for project Clase03TN ****
make all 
make: Nothing to be done for 'all'.
02:44:23 **** Incremental Build of configuration Debug for project Clase03TN ****
make all 
Building file: ../src/EjercicioSearchAndReplaceCharacters.cpp
Invoking: GCC C++ Compiler
g++ -O0 -g3 -Wall -c -fmessage-length=0 -MMD -MP -MF"src/EjercicioSearchAndReplaceCharacters.d" -MT"src/EjercicioSearchAndReplaceCharacters.o" -o "src/EjercicioSearchAndReplaceCharacters.o" "../src/EjercicioSearchAndReplaceCharacters.cpp"
Finished building: ../src/EjercicioSearchAndReplaceCharacters.cpp
 
Building target: Clase03TN
Invoking: GCC C++ Linker
g++  -o "Clase03TN" ./src/EjercicioSearchAndReplaceCharacters.o   
Finished building target: Clase03TN
 
02:44:25 **** Incremental Build of configuration Debug for project Clase03TN ****
make all 
make: Nothing to be done for 'all'.
02:49:40 **** Incremental Build of configuration Debug for project Clase03TN ****
make all 
Building file: ../src/EjercicioSearchAndReplaceCharacters.cpp
Invoking: GCC C++ Compiler
g++ -O0 -g3 -Wall -c -fmessage-length=0 -MMD -MP -MF"src/EjercicioSearchAndReplaceCharacters.d" -MT"src/EjercicioSearchAndReplaceCharacters.o" -o "src/EjercicioSearchAndReplaceCharacters.o" "../src/EjercicioSearchAndReplaceCharacters.cpp"
Finished building: ../src/EjercicioSearchAndReplaceCharacters.cpp
 
Building target: Clase03TN
Invoking: GCC C++ Linker
g++  -o "Clase03TN" ./src/EjercicioSearchAndReplaceCharacters.o   
Finished building target: Clase03TN
 
02:49:47 **** Incremental Build of configuration Debug for project Clase03TN ****
make all 
make: Nothing to be done for 'all'.
02:49:54 **** Incremental Build of configuration Debug for project Clase03TN ****
make all 
make: Nothing to be done for 'all'.
02:49:55 **** Incremental Build of configuration Debug for project Clase03TN ****
make all 
make: Nothing to be done for 'all'.
02:50:30 **** Incremental Build of configuration Debug for project Clase03TN ****
make all 
Building file: ../src/EjercicioSearchAndReplaceCharacters.cpp
Invoking: GCC C++ Compiler
g++ -O0 -g3 -Wall -c -fmessage-length=0 -MMD -MP -MF"src/EjercicioSearchAndReplaceCharacters.d" -MT"src/EjercicioSearchAndReplaceCharacters.o" -o "src/EjercicioSearchAndReplaceCharacters.o" "../src/EjercicioSearchAndReplaceCharacters.cpp"
Finished building: ../src/EjercicioSearchAndReplaceCharacters.cpp
 
Building target: Clase03TN
Invoking: GCC C++ Linker
g++  -o "Clase03TN" ./src/EjercicioSearchAndReplaceCharacters.o   
Finished building target: Clase03TN
 
03:02:08 **** Incremental Build of configuration Debug for project Clase03TN ****
make all 
Building file: ../src/EjercicioSearchAndReplaceCharacters.cpp
Invoking: GCC C++ Compiler
g++ -O0 -g3 -Wall -c -fmessage-length=0 -MMD -MP -MF"src/EjercicioSearchAndReplaceCharacters.d" -MT"src/EjercicioSearchAndReplaceCharacters.o" -o "src/EjercicioSearchAndReplaceCharacters.o" "../src/EjercicioSearchAndReplaceCharacters.cpp"
Finished building: ../src/EjercicioSearchAndReplaceCharacters.cpp
 
Building target: Clase03TN
Invoking: GCC C++ Linker
g++  -o "Clase03TN" ./src/EjercicioSearchAndReplaceCharacters.o   
Finished building target: Clase03TN
 
03:02:11 **** Incremental Build of configuration Debug for project Clase03TN ****
make all 
make: Nothing to be done for 'all'.
03:03:41 **** Incremental Build of configuration Debug for project Clase03TN ****
make all 
Building file: ../src/EjercicioSearchAndReplaceCharacters.cpp
Invoking: GCC C++ Compiler
g++ -O0 -g3 -Wall -c -fmessage-length=0 -MMD -MP -MF"src/EjercicioSearchAndReplaceCharacters.d" -MT"src/EjercicioSearchAndReplaceCharacters.o" -o "src/EjercicioSearchAndReplaceCharacters.o" "../src/EjercicioSearchAndReplaceCharacters.cpp"
Finished building: ../src/EjercicioSearchAndReplaceCharacters.cpp
 
Building target: Clase03TN
Invoking: GCC C++ Linker
g++  -o "Clase03TN" ./src/EjercicioSearchAndReplaceCharacters.o   
Finished building target: Clase03TN
 
03:03:46 **** Incremental Build of configuration Debug for project Clase03TN ****
make all 
make: Nothing to be done for 'all'.
03:03:47 **** Incremental Build of configuration Debug for project Clase03TN ****
make all 
make: Nothing to be done for 'all'.
03:15:32 **** Incremental Build of configuration Debug for project Clase03TN ****
make all 
Building file: ../src/EjercicioSearchAndReplaceCharacters.cpp
Invoking: GCC C++ Compiler
g++ -O0 -g3 -Wall -c -fmessage-length=0 -MMD -MP -MF"src/EjercicioSearchAndReplaceCharacters.d" -MT"src/EjercicioSearchAndReplaceCharacters.o" -o "src/EjercicioSearchAndReplaceCharacters.o" "../src/EjercicioSearchAndReplaceCharacters.cpp"
Finished building: ../src/EjercicioSearchAndReplaceCharacters.cpp
 
Building target: Clase03TN
Invoking: GCC C++ Linker
g++  -o "Clase03TN" ./src/EjercicioSearchAndReplaceCharacters.o   
Finished building target: Clase03TN
 
03:15:33 **** Incremental Build of configuration Debug for project Clase03TN ****
make all 
make: Nothing to be done for 'all'.
03:16:11 **** Incremental Build of configuration Debug for project Clase03TN ****
make all 
Building file: ../src/EjercicioSearchAndReplaceCharacters.cpp
Invoking: GCC C++ Compiler
g++ -O0 -g3 -Wall -c -fmessage-length=0 -MMD -MP -MF"src/EjercicioSearchAndReplaceCharacters.d" -MT"src/EjercicioSearchAndReplaceCharacters.o" -o "src/EjercicioSearchAndReplaceCharacters.o" "../src/EjercicioSearchAndReplaceCharacters.cpp"
Finished building: ../src/EjercicioSearchAndReplaceCharacters.cpp
 
Building target: Clase03TN
Invoking: GCC C++ Linker
g++  -o "Clase03TN" ./src/EjercicioSearchAndReplaceCharacters.o   
Finished building target: Clase03TN
 
03:19:43 **** Incremental Build of configuration Debug for project Clase03TN ****
make all 
Building file: ../src/EjercicioSearchAndReplaceCharacters.cpp
Invoking: GCC C++ Compiler
g++ -O0 -g3 -Wall -c -fmessage-length=0 -MMD -MP -MF"src/EjercicioSearchAndReplaceCharacters.d" -MT"src/EjercicioSearchAndReplaceCharacters.o" -o "src/EjercicioSearchAndReplaceCharacters.o" "../src/EjercicioSearchAndReplaceCharacters.cpp"
Finished building: ../src/EjercicioSearchAndReplaceCharacters.cpp
 
Building target: Clase03TN
Invoking: GCC C++ Linker
g++  -o "Clase03TN" ./src/EjercicioSearchAndReplaceCharacters.o   
Finished building target: Clase03TN
 
03:19:45 **** Incremental Build of configuration Debug for project Clase03TN ****
make all 
make: Nothing to be done for 'all'.
03:21:19 **** Incremental Build of configuration Debug for project Clase03TN ****
make all 
Building file: ../src/EjercicioSearchAndReplaceCharacters.cpp
Invoking: GCC C++ Compiler
g++ -O0 -g3 -Wall -c -fmessage-length=0 -MMD -MP -MF"src/EjercicioSearchAndReplaceCharacters.d" -MT"src/EjercicioSearchAndReplaceCharacters.o" -o "src/EjercicioSearchAndReplaceCharacters.o" "../src/EjercicioSearchAndReplaceCharacters.cpp"
Finished building: ../src/EjercicioSearchAndReplaceCharacters.cpp
 
Building target: Clase03TN
Invoking: GCC C++ Linker
g++  -o "Clase03TN" ./src/EjercicioSearchAndReplaceCharacters.o   
Finished building target: Clase03TN
 
03:21:22 **** Incremental Build of configuration Debug for project Clase03TN ****
make all 
make: Nothing to be done for 'all'.
03:32:16 **** Incremental Build of configuration Debug for project Clase03TN ****
make all 
make: Nothing to be done for 'all'.
03:32:19 **** Incremental Build of configuration Debug for project Clase03TN ****
make all 
Building file: ../src/EjercicioSearchAndReplaceCharacters.cpp
Invoking: GCC C++ Compiler
g++ -O0 -g3 -Wall -c -fmessage-length=0 -MMD -MP -MF"src/EjercicioSearchAndReplaceCharacters.d" -MT"src/EjercicioSearchAndReplaceCharacters.o" -o "src/EjercicioSearchAndReplaceCharacters.o" "../src/EjercicioSearchAndReplaceCharacters.cpp"
Finished building: ../src/EjercicioSearchAndReplaceCharacters.cpp
 
Building target: Clase03TN
Invoking: GCC C++ Linker
g++  -o "Clase03TN" ./src/EjercicioSearchAndReplaceCharacters.o   
Finished building target: Clase03TN
 
04:00:52 **** Incremental Build of configuration Debug for project Clase03TN ****
make all 
Building file: ../src/EjercicioSearchAndReplaceCharacters.cpp
Invoking: GCC C++ Compiler
g++ -O0 -g3 -Wall -c -fmessage-length=0 -MMD -MP -MF"src/EjercicioSearchAndReplaceCharacters.d" -MT"src/EjercicioSearchAndReplaceCharacters.o" -o "src/EjercicioSearchAndReplaceCharacters.o" "../src/EjercicioSearchAndReplaceCharacters.cpp"
../src/EjercicioSearchAndReplaceCharacters.cpp: In function ‘int BuscarTexto(char*, char*)’:
../src/EjercicioSearchAndReplaceCharacters.cpp:114:34: warning: comparison of integer expressions of different signedness: ‘int’ and ‘size_t’ {aka ‘long unsigned int’} [-Wsign-compare]
  114 |         if(contadorCoincidencias == strlen(textoBusqueda)){
      |            ~~~~~~~~~~~~~~~~~~~~~~^~~~~~~~~~~~~~~~~~~~~~~~
Finished building: ../src/EjercicioSearchAndReplaceCharacters.cpp
 
Building target: Clase03TN
Invoking: GCC C++ Linker
g++  -o "Clase03TN" ./src/EjercicioSearchAndReplaceCharacters.o   
Finished building target: Clase03TN
 
04:01:21 **** Incremental Build of configuration Debug for project Clase03TN ****
make all 
Building file: ../src/EjercicioSearchAndReplaceCharacters.cpp
Invoking: GCC C++ Compiler
g++ -O0 -g3 -Wall -c -fmessage-length=0 -MMD -MP -MF"src/EjercicioSearchAndReplaceCharacters.d" -MT"src/EjercicioSearchAndReplaceCharacters.o" -o "src/EjercicioSearchAndReplaceCharacters.o" "../src/EjercicioSearchAndReplaceCharacters.cpp"
Finished building: ../src/EjercicioSearchAndReplaceCharacters.cpp
 
Building target: Clase03TN
Invoking: GCC C++ Linker
g++  -o "Clase03TN" ./src/EjercicioSearchAndReplaceCharacters.o   
Finished building target: Clase03TN
 
04:01:22 **** Incremental Build of configuration Debug for project Clase03TN ****
make all 
make: Nothing to be done for 'all'.
04:01:25 **** Incremental Build of configuration Debug for project Clase03TN ****
make all 
make: Nothing to be done for 'all'.
04:01:26 **** Incremental Build of configuration Debug for project Clase03TN ****
make all 
make: Nothing to be done for 'all'.
04:02:00 **** Incremental Build of configuration Debug for project Clase03TN ****
make all 
Building file: ../src/EjercicioSearchAndReplaceCharacters.cpp
Invoking: GCC C++ Compiler
g++ -O0 -g3 -Wall -c -fmessage-length=0 -MMD -MP -MF"src/EjercicioSearchAndReplaceCharacters.d" -MT"src/EjercicioSearchAndReplaceCharacters.o" -o "src/EjercicioSearchAndReplaceCharacters.o" "../src/EjercicioSearchAndReplaceCharacters.cpp"
Finished building: ../src/EjercicioSearchAndReplaceCharacters.cpp
 
Building target: Clase03TN
Invoking: GCC C++ Linker
g++  -o "Clase03TN" ./src/EjercicioSearchAndReplaceCharacters.o   
Finished building target: Clase03TN
 
04:02:02 **** Incremental Build of configuration Debug for project Clase03TN ****
make all 
make: Nothing to be done for 'all'.
04:04:49 **** Incremental Build of configuration Debug for project Clase03TN ****
make all 
Building file: ../src/EjercicioSearchAndReplaceCharacters.cpp
Invoking: GCC C++ Compiler
g++ -O0 -g3 -Wall -c -fmessage-length=0 -MMD -MP -MF"src/EjercicioSearchAndReplaceCharacters.d" -MT"src/EjercicioSearchAndReplaceCharacters.o" -o "src/EjercicioSearchAndReplaceCharacters.o" "../src/EjercicioSearchAndReplaceCharacters.cpp"
Finished building: ../src/EjercicioSearchAndReplaceCharacters.cpp
 
Building target: Clase03TN
Invoking: GCC C++ Linker
g++  -o "Clase03TN" ./src/EjercicioSearchAndReplaceCharacters.o   
Finished building target: Clase03TN
 
04:04:51 **** Incremental Build of configuration Debug for project Clase03TN ****
make all 
make: Nothing to be done for 'all'.
04:05:00 **** Incremental Build of configuration Debug for project Clase03TN ****
make all 
Building file: ../src/EjercicioSearchAndReplaceCharacters.cpp
Invoking: GCC C++ Compiler
g++ -O0 -g3 -Wall -c -fmessage-length=0 -MMD -MP -MF"src/EjercicioSearchAndReplaceCharacters.d" -MT"src/EjercicioSearchAndReplaceCharacters.o" -o "src/EjercicioSearchAndReplaceCharacters.o" "../src/EjercicioSearchAndReplaceCharacters.cpp"
Finished building: ../src/EjercicioSearchAndReplaceCharacters.cpp
 
Building target: Clase03TN
Invoking: GCC C++ Linker
g++  -o "Clase03TN" ./src/EjercicioSearchAndReplaceCharacters.o   
Finished building target: Clase03TN
 
04:05:01 **** Incremental Build of configuration Debug for project Clase03TN ****
make all 
make: Nothing to be done for 'all'.
05:14:45 **** Incremental Build of configuration Debug for project Clase03TN ****
make all 
Building file: ../src/EjercicioSearchAndReplaceCharacters.cpp
Invoking: GCC C++ Compiler
g++ -O0 -g3 -Wall -c -fmessage-length=0 -MMD -MP -MF"src/EjercicioSearchAndReplaceCharacters.d" -MT"src/EjercicioSearchAndReplaceCharacters.o" -o "src/EjercicioSearchAndReplaceCharacters.o" "../src/EjercicioSearchAndReplaceCharacters.cpp"
Finished building: ../src/EjercicioSearchAndReplaceCharacters.cpp
 
Building target: Clase03TN
Invoking: GCC C++ Linker
g++  -o "Clase03TN" ./src/EjercicioSearchAndReplaceCharacters.o   
Finished building target: Clase03TN
 
05:15:14 **** Incremental Build of configuration Debug for project Clase03TN ****
make all 
Building file: ../src/EjercicioSearchAndReplaceCharacters.cpp
Invoking: GCC C++ Compiler
g++ -O0 -g3 -Wall -c -fmessage-length=0 -MMD -MP -MF"src/EjercicioSearchAndReplaceCharacters.d" -MT"src/EjercicioSearchAndReplaceCharacters.o" -o "src/EjercicioSearchAndReplaceCharacters.o" "../src/EjercicioSearchAndReplaceCharacters.cpp"
Finished building: ../src/EjercicioSearchAndReplaceCharacters.cpp
 
Building target: Clase03TN
Invoking: GCC C++ Linker
g++  -o "Clase03TN" ./src/EjercicioSearchAndReplaceCharacters.o   
Finished building target: Clase03TN
 
05:15:59 **** Incremental Build of configuration Debug for project Clase03TN ****
make all 
Building file: ../src/EjercicioSearchAndReplaceCharacters.cpp
Invoking: GCC C++ Compiler
g++ -O0 -g3 -Wall -c -fmessage-length=0 -MMD -MP -MF"src/EjercicioSearchAndReplaceCharacters.d" -MT"src/EjercicioSearchAndReplaceCharacters.o" -o "src/EjercicioSearchAndReplaceCharacters.o" "../src/EjercicioSearchAndReplaceCharacters.cpp"
Finished building: ../src/EjercicioSearchAndReplaceCharacters.cpp
 
Building target: Clase03TN
Invoking: GCC C++ Linker
g++  -o "Clase03TN" ./src/EjercicioSearchAndReplaceCharacters.o   
Finished building target: Clase03TN
 
05:16:10 **** Incremental Build of configuration Debug for project Clase03TN ****
make all 
Building file: ../src/EjercicioSearchAndReplaceCharacters.cpp
Invoking: GCC C++ Compiler
g++ -O0 -g3 -Wall -c -fmessage-length=0 -MMD -MP -MF"src/EjercicioSearchAndReplaceCharacters.d" -MT"src/EjercicioSearchAndReplaceCharacters.o" -o "src/EjercicioSearchAndReplaceCharacters.o" "../src/EjercicioSearchAndReplaceCharacters.cpp"
Finished building: ../src/EjercicioSearchAndReplaceCharacters.cpp
 
Building target: Clase03TN
Invoking: GCC C++ Linker
g++  -o "Clase03TN" ./src/EjercicioSearchAndReplaceCharacters.o   
Finished building target: Clase03TN
 
05:16:17 **** Incremental Build of configuration Debug for project Clase03TN ****
make all 
Building file: ../src/EjercicioSearchAndReplaceCharacters.cpp
Invoking: GCC C++ Compiler
g++ -O0 -g3 -Wall -c -fmessage-length=0 -MMD -MP -MF"src/EjercicioSearchAndReplaceCharacters.d" -MT"src/EjercicioSearchAndReplaceCharacters.o" -o "src/EjercicioSearchAndReplaceCharacters.o" "../src/EjercicioSearchAndReplaceCharacters.cpp"
Finished building: ../src/EjercicioSearchAndReplaceCharacters.cpp
 
Building target: Clase03TN
Invoking: GCC C++ Linker
g++  -o "Clase03TN" ./src/EjercicioSearchAndReplaceCharacters.o   
Finished building target: Clase03TN
 
05:16:45 **** Incremental Build of configuration Debug for project Clase03TN ****
make all 
Building file: ../src/EjercicioSearchAndReplaceCharacters.cpp
Invoking: GCC C++ Compiler
g++ -O0 -g3 -Wall -c -fmessage-length=0 -MMD -MP -MF"src/EjercicioSearchAndReplaceCharacters.d" -MT"src/EjercicioSearchAndReplaceCharacters.o" -o "src/EjercicioSearchAndReplaceCharacters.o" "../src/EjercicioSearchAndReplaceCharacters.cpp"
Finished building: ../src/EjercicioSearchAndReplaceCharacters.cpp
 
Building target: Clase03TN
Invoking: GCC C++ Linker
g++  -o "Clase03TN" ./src/EjercicioSearchAndReplaceCharacters.o   
Finished building target: Clase03TN
 
05:16:59 **** Incremental Build of configuration Debug for project Clase03TN ****
make all 
Building file: ../src/EjercicioSearchAndReplaceCharacters.cpp
Invoking: GCC C++ Compiler
g++ -O0 -g3 -Wall -c -fmessage-length=0 -MMD -MP -MF"src/EjercicioSearchAndReplaceCharacters.d" -MT"src/EjercicioSearchAndReplaceCharacters.o" -o "src/EjercicioSearchAndReplaceCharacters.o" "../src/EjercicioSearchAndReplaceCharacters.cpp"
Finished building: ../src/EjercicioSearchAndReplaceCharacters.cpp
 
Building target: Clase03TN
Invoking: GCC C++ Linker
g++  -o "Clase03TN" ./src/EjercicioSearchAndReplaceCharacters.o   
Finished building target: Clase03TN
 
05:17:14 **** Incremental Build of configuration Debug for project Clase03TN ****
make all 
Building file: ../src/EjercicioSearchAndReplaceCharacters.cpp
Invoking: GCC C++ Compiler
g++ -O0 -g3 -Wall -c -fmessage-length=0 -MMD -MP -MF"src/EjercicioSearchAndReplaceCharacters.d" -MT"src/EjercicioSearchAndReplaceCharacters.o" -o "src/EjercicioSearchAndReplaceCharacters.o" "../src/EjercicioSearchAndReplaceCharacters.cpp"
Finished building: ../src/EjercicioSearchAndReplaceCharacters.cpp
 
Building target: Clase03TN
Invoking: GCC C++ Linker
g++  -o "Clase03TN" ./src/EjercicioSearchAndReplaceCharacters.o   
Finished building target: Clase03TN
 
05:19:55 **** Incremental Build of configuration Debug for project Clase03TN ****
make all 
Building file: ../src/EjercicioSearchAndReplaceCharacters.cpp
Invoking: GCC C++ Compiler
g++ -O0 -g3 -Wall -c -fmessage-length=0 -MMD -MP -MF"src/EjercicioSearchAndReplaceCharacters.d" -MT"src/EjercicioSearchAndReplaceCharacters.o" -o "src/EjercicioSearchAndReplaceCharacters.o" "../src/EjercicioSearchAndReplaceCharacters.cpp"
../src/EjercicioSearchAndReplaceCharacters.cpp: In function ‘int main()’:
../src/EjercicioSearchAndReplaceCharacters.cpp:33:14: warning: unused variable ‘textoReemplazo’ [-Wunused-variable]
   33 |         char textoReemplazo[] = "rau";
      |              ^~~~~~~~~~~~~~
Finished building: ../src/EjercicioSearchAndReplaceCharacters.cpp
 
Building target: Clase03TN
Invoking: GCC C++ Linker
g++  -o "Clase03TN" ./src/EjercicioSearchAndReplaceCharacters.o   
Finished building target: Clase03TN
 
05:20:26 **** Incremental Build of configuration Debug for project Clase03TN ****
make all 
Building file: ../src/EjercicioSearchAndReplaceCharacters.cpp
Invoking: GCC C++ Compiler
g++ -O0 -g3 -Wall -c -fmessage-length=0 -MMD -MP -MF"src/EjercicioSearchAndReplaceCharacters.d" -MT"src/EjercicioSearchAndReplaceCharacters.o" -o "src/EjercicioSearchAndReplaceCharacters.o" "../src/EjercicioSearchAndReplaceCharacters.cpp"
../src/EjercicioSearchAndReplaceCharacters.cpp: In function ‘int main()’:
../src/EjercicioSearchAndReplaceCharacters.cpp:33:14: warning: unused variable ‘textoReemplazo’ [-Wunused-variable]
   33 |         char textoReemplazo[] = "rau";
      |              ^~~~~~~~~~~~~~
Finished building: ../src/EjercicioSearchAndReplaceCharacters.cpp
 
Building target: Clase03TN
Invoking: GCC C++ Linker
g++  -o "Clase03TN" ./src/EjercicioSearchAndReplaceCharacters.o   
Finished building target: Clase03TN
 
05:20:46 **** Incremental Build of configuration Debug for project Clase03TN ****
make all 
Building file: ../src/EjercicioSearchAndReplaceCharacters.cpp
Invoking: GCC C++ Compiler
g++ -O0 -g3 -Wall -c -fmessage-length=0 -MMD -MP -MF"src/EjercicioSearchAndReplaceCharacters.d" -MT"src/EjercicioSearchAndReplaceCharacters.o" -o "src/EjercicioSearchAndReplaceCharacters.o" "../src/EjercicioSearchAndReplaceCharacters.cpp"
../src/EjercicioSearchAndReplaceCharacters.cpp: In function ‘int main()’:
../src/EjercicioSearchAndReplaceCharacters.cpp:33:14: warning: unused variable ‘textoReemplazo’ [-Wunused-variable]
   33 |         char textoReemplazo[] = "rau";
      |              ^~~~~~~~~~~~~~
Finished building: ../src/EjercicioSearchAndReplaceCharacters.cpp
 
Building target: Clase03TN
Invoking: GCC C++ Linker
g++  -o "Clase03TN" ./src/EjercicioSearchAndReplaceCharacters.o   
Finished building target: Clase03TN
 
05:22:10 **** Incremental Build of configuration Debug for project Clase03TN ****
make all 
Building file: ../src/EjercicioSearchAndReplaceCharacters.cpp
Invoking: GCC C++ Compiler
g++ -O0 -g3 -Wall -c -fmessage-length=0 -MMD -MP -MF"src/EjercicioSearchAndReplaceCharacters.d" -MT"src/EjercicioSearchAndReplaceCharacters.o" -o "src/EjercicioSearchAndReplaceCharacters.o" "../src/EjercicioSearchAndReplaceCharacters.cpp"
../src/EjercicioSearchAndReplaceCharacters.cpp: In function ‘int main()’:
../src/EjercicioSearchAndReplaceCharacters.cpp:33:14: warning: unused variable ‘textoReemplazo’ [-Wunused-variable]
   33 |         char textoReemplazo[] = "rau";
      |              ^~~~~~~~~~~~~~
Finished building: ../src/EjercicioSearchAndReplaceCharacters.cpp
 
Building target: Clase03TN
Invoking: GCC C++ Linker
g++  -o "Clase03TN" ./src/EjercicioSearchAndReplaceCharacters.o   
Finished building target: Clase03TN
 
05:22:12 **** Incremental Build of configuration Debug for project Clase03TN ****
make all 
make: Nothing to be done for 'all'.
05:22:21 **** Incremental Build of configuration Debug for project Clase03TN ****
make all 
Building file: ../src/EjercicioSearchAndReplaceCharacters.cpp
Invoking: GCC C++ Compiler
g++ -O0 -g3 -Wall -c -fmessage-length=0 -MMD -MP -MF"src/EjercicioSearchAndReplaceCharacters.d" -MT"src/EjercicioSearchAndReplaceCharacters.o" -o "src/EjercicioSearchAndReplaceCharacters.o" "../src/EjercicioSearchAndReplaceCharacters.cpp"
../src/EjercicioSearchAndReplaceCharacters.cpp: In function ‘int main()’:
../src/EjercicioSearchAndReplaceCharacters.cpp:33:14: warning: unused variable ‘textoReemplazo’ [-Wunused-variable]
   33 |         char textoReemplazo[] = "rau";
      |              ^~~~~~~~~~~~~~
Finished building: ../src/EjercicioSearchAndReplaceCharacters.cpp
 
Building target: Clase03TN
Invoking: GCC C++ Linker
g++  -o "Clase03TN" ./src/EjercicioSearchAndReplaceCharacters.o   
Finished building target: Clase03TN
 
05:22:23 **** Incremental Build of configuration Debug for project Clase03TN ****
make all 
make: Nothing to be done for 'all'.
05:23:50 **** Incremental Build of configuration Debug for project Clase03TN ****
make all 
Building file: ../src/EjercicioSearchAndReplaceCharacters.cpp
Invoking: GCC C++ Compiler
g++ -O0 -g3 -Wall -c -fmessage-length=0 -MMD -MP -MF"src/EjercicioSearchAndReplaceCharacters.d" -MT"src/EjercicioSearchAndReplaceCharacters.o" -o "src/EjercicioSearchAndReplaceCharacters.o" "../src/EjercicioSearchAndReplaceCharacters.cpp"
../src/EjercicioSearchAndReplaceCharacters.cpp: In function ‘int main()’:
../src/EjercicioSearchAndReplaceCharacters.cpp:33:14: warning: unused variable ‘textoReemplazo’ [-Wunused-variable]
   33 |         char textoReemplazo[] = "rau";
      |              ^~~~~~~~~~~~~~
Finished building: ../src/EjercicioSearchAndReplaceCharacters.cpp
 
Building target: Clase03TN
Invoking: GCC C++ Linker
g++  -o "Clase03TN" ./src/EjercicioSearchAndReplaceCharacters.o   
Finished building target: Clase03TN
 
05:24:12 **** Incremental Build of configuration Debug for project Clase03TN ****
make all 
make: Nothing to be done for 'all'.
05:24:33 **** Incremental Build of configuration Debug for project Clase03TN ****
make all 
Building file: ../src/EjercicioSearchAndReplaceCharacters.cpp
Invoking: GCC C++ Compiler
g++ -O0 -g3 -Wall -c -fmessage-length=0 -MMD -MP -MF"src/EjercicioSearchAndReplaceCharacters.d" -MT"src/EjercicioSearchAndReplaceCharacters.o" -o "src/EjercicioSearchAndReplaceCharacters.o" "../src/EjercicioSearchAndReplaceCharacters.cpp"
Finished building: ../src/EjercicioSearchAndReplaceCharacters.cpp
 
Building target: Clase03TN
Invoking: GCC C++ Linker
g++  -o "Clase03TN" ./src/EjercicioSearchAndReplaceCharacters.o   
Finished building target: Clase03TN
 
05:26:36 **** Incremental Build of configuration Debug for project Clase03TN ****
make all 
Building file: ../src/EjercicioSearchAndReplaceCharacters.cpp
Invoking: GCC C++ Compiler
g++ -O0 -g3 -Wall -c -fmessage-length=0 -MMD -MP -MF"src/EjercicioSearchAndReplaceCharacters.d" -MT"src/EjercicioSearchAndReplaceCharacters.o" -o "src/EjercicioSearchAndReplaceCharacters.o" "../src/EjercicioSearchAndReplaceCharacters.cpp"
Finished building: ../src/EjercicioSearchAndReplaceCharacters.cpp
 
Building target: Clase03TN
Invoking: GCC C++ Linker
g++  -o "Clase03TN" ./src/EjercicioSearchAndReplaceCharacters.o   
Finished building target: Clase03TN
 
05:32:23 **** Incremental Build of configuration Debug for project Clase03TN ****
make all 
Building file: ../src/EjercicioSearchAndReplaceCharacters.cpp
Invoking: GCC C++ Compiler
g++ -O0 -g3 -Wall -c -fmessage-length=0 -MMD -MP -MF"src/EjercicioSearchAndReplaceCharacters.d" -MT"src/EjercicioSearchAndReplaceCharacters.o" -o "src/EjercicioSearchAndReplaceCharacters.o" "../src/EjercicioSearchAndReplaceCharacters.cpp"
Finished building: ../src/EjercicioSearchAndReplaceCharacters.cpp
 
Building target: Clase03TN
Invoking: GCC C++ Linker
g++  -o "Clase03TN" ./src/EjercicioSearchAndReplaceCharacters.o   
Finished building target: Clase03TN
 
05:33:57 **** Incremental Build of configuration Debug for project Clase03TN ****
make all 
Building file: ../src/EjercicioSearchAndReplaceCharacters.cpp
Invoking: GCC C++ Compiler
g++ -O0 -g3 -Wall -c -fmessage-length=0 -MMD -MP -MF"src/EjercicioSearchAndReplaceCharacters.d" -MT"src/EjercicioSearchAndReplaceCharacters.o" -o "src/EjercicioSearchAndReplaceCharacters.o" "../src/EjercicioSearchAndReplaceCharacters.cpp"
Finished building: ../src/EjercicioSearchAndReplaceCharacters.cpp
 
Building target: Clase03TN
Invoking: GCC C++ Linker
g++  -o "Clase03TN" ./src/EjercicioSearchAndReplaceCharacters.o   
Finished building target: Clase03TN
 
05:36:21 **** Incremental Build of configuration Debug for project Clase03TN ****
make all 
Building file: ../src/EjercicioSearchAndReplaceCharacters.cpp
Invoking: GCC C++ Compiler
g++ -O0 -g3 -Wall -c -fmessage-length=0 -MMD -MP -MF"src/EjercicioSearchAndReplaceCharacters.d" -MT"src/EjercicioSearchAndReplaceCharacters.o" -o "src/EjercicioSearchAndReplaceCharacters.o" "../src/EjercicioSearchAndReplaceCharacters.cpp"
Finished building: ../src/EjercicioSearchAndReplaceCharacters.cpp
 
Building target: Clase03TN
Invoking: GCC C++ Linker
g++  -o "Clase03TN" ./src/EjercicioSearchAndReplaceCharacters.o   
Finished building target: Clase03TN
 
05:36:23 **** Incremental Build of configuration Debug for project Clase03TN ****
make all 
make: Nothing to be done for 'all'.
05:37:50 **** Incremental Build of configuration Debug for project Clase03TN ****
make all 
Building file: ../src/EjercicioSearchAndReplaceCharacters.cpp
Invoking: GCC C++ Compiler
g++ -O0 -g3 -Wall -c -fmessage-length=0 -MMD -MP -MF"src/EjercicioSearchAndReplaceCharacters.d" -MT"src/EjercicioSearchAndReplaceCharacters.o" -o "src/EjercicioSearchAndReplaceCharacters.o" "../src/EjercicioSearchAndReplaceCharacters.cpp"
Finished building: ../src/EjercicioSearchAndReplaceCharacters.cpp
 
Building target: Clase03TN
Invoking: GCC C++ Linker
g++  -o "Clase03TN" ./src/EjercicioSearchAndReplaceCharacters.o   
Finished building target: Clase03TN
 
05:38:06 **** Incremental Build of configuration Debug for project Clase03TN ****
make all 
Building file: ../src/EjercicioSearchAndReplaceCharacters.cpp
Invoking: GCC C++ Compiler
g++ -O0 -g3 -Wall -c -fmessage-length=0 -MMD -MP -MF"src/EjercicioSearchAndReplaceCharacters.d" -MT"src/EjercicioSearchAndReplaceCharacters.o" -o "src/EjercicioSearchAndReplaceCharacters.o" "../src/EjercicioSearchAndReplaceCharacters.cpp"
Finished building: ../src/EjercicioSearchAndReplaceCharacters.cpp
 
Building target: Clase03TN
Invoking: GCC C++ Linker
g++  -o "Clase03TN" ./src/EjercicioSearchAndReplaceCharacters.o   
Finished building target: Clase03TN
 
05:38:43 **** Incremental Build of configuration Debug for project Clase03TN ****
make all 
Building file: ../src/EjercicioSearchAndReplaceCharacters.cpp
Invoking: GCC C++ Compiler
g++ -O0 -g3 -Wall -c -fmessage-length=0 -MMD -MP -MF"src/EjercicioSearchAndReplaceCharacters.d" -MT"src/EjercicioSearchAndReplaceCharacters.o" -o "src/EjercicioSearchAndReplaceCharacters.o" "../src/EjercicioSearchAndReplaceCharacters.cpp"
Finished building: ../src/EjercicioSearchAndReplaceCharacters.cpp
 
Building target: Clase03TN
Invoking: GCC C++ Linker
g++  -o "Clase03TN" ./src/EjercicioSearchAndReplaceCharacters.o   
Finished building target: Clase03TN
 
05:45:38 **** Incremental Build of configuration Debug for project Clase03TN ****
make all 
Building file: ../src/EjercicioSearchAndReplaceCharacters.cpp
Invoking: GCC C++ Compiler
g++ -O0 -g3 -Wall -c -fmessage-length=0 -MMD -MP -MF"src/EjercicioSearchAndReplaceCharacters.d" -MT"src/EjercicioSearchAndReplaceCharacters.o" -o "src/EjercicioSearchAndReplaceCharacters.o" "../src/EjercicioSearchAndReplaceCharacters.cpp"
Finished building: ../src/EjercicioSearchAndReplaceCharacters.cpp
 
Building target: Clase03TN
Invoking: GCC C++ Linker
g++  -o "Clase03TN" ./src/EjercicioSearchAndReplaceCharacters.o   
Finished building target: Clase03TN
 
05:45:54 **** Incremental Build of configuration Debug for project Clase03TN ****
make all 
Building file: ../src/EjercicioSearchAndReplaceCharacters.cpp
Invoking: GCC C++ Compiler
g++ -O0 -g3 -Wall -c -fmessage-length=0 -MMD -MP -MF"src/EjercicioSearchAndReplaceCharacters.d" -MT"src/EjercicioSearchAndReplaceCharacters.o" -o "src/EjercicioSearchAndReplaceCharacters.o" "../src/EjercicioSearchAndReplaceCharacters.cpp"
Finished building: ../src/EjercicioSearchAndReplaceCharacters.cpp
 
Building target: Clase03TN
Invoking: GCC C++ Linker
g++  -o "Clase03TN" ./src/EjercicioSearchAndReplaceCharacters.o   
Finished building target: Clase03TN
 
05:46:07 **** Incremental Build of configuration Debug for project Clase03TN ****
make all 
Building file: ../src/EjercicioSearchAndReplaceCharacters.cpp
Invoking: GCC C++ Compiler
g++ -O0 -g3 -Wall -c -fmessage-length=0 -MMD -MP -MF"src/EjercicioSearchAndReplaceCharacters.d" -MT"src/EjercicioSearchAndReplaceCharacters.o" -o "src/EjercicioSearchAndReplaceCharacters.o" "../src/EjercicioSearchAndReplaceCharacters.cpp"
Finished building: ../src/EjercicioSearchAndReplaceCharacters.cpp
 
Building target: Clase03TN
Invoking: GCC C++ Linker
g++  -o "Clase03TN" ./src/EjercicioSearchAndReplaceCharacters.o   
Finished building target: Clase03TN
 
05:48:35 **** Incremental Build of configuration Debug for project Clase03TN ****
make all 
Building file: ../src/EjercicioSearchAndReplaceCharacters.cpp
Invoking: GCC C++ Compiler
g++ -O0 -g3 -Wall -c -fmessage-length=0 -MMD -MP -MF"src/EjercicioSearchAndReplaceCharacters.d" -MT"src/EjercicioSearchAndReplaceCharacters.o" -o "src/EjercicioSearchAndReplaceCharacters.o" "../src/EjercicioSearchAndReplaceCharacters.cpp"
Finished building: ../src/EjercicioSearchAndReplaceCharacters.cpp
 
Building target: Clase03TN
Invoking: GCC C++ Linker
g++  -o "Clase03TN" ./src/EjercicioSearchAndReplaceCharacters.o   
Finished building target: Clase03TN
 
05:49:03 **** Incremental Build of configuration Debug for project Clase03TN ****
make all 
Building file: ../src/EjercicioSearchAndReplaceCharacters.cpp
Invoking: GCC C++ Compiler
g++ -O0 -g3 -Wall -c -fmessage-length=0 -MMD -MP -MF"src/EjercicioSearchAndReplaceCharacters.d" -MT"src/EjercicioSearchAndReplaceCharacters.o" -o "src/EjercicioSearchAndReplaceCharacters.o" "../src/EjercicioSearchAndReplaceCharacters.cpp"
Finished building: ../src/EjercicioSearchAndReplaceCharacters.cpp
 
Building target: Clase03TN
Invoking: GCC C++ Linker
g++  -o "Clase03TN" ./src/EjercicioSearchAndReplaceCharacters.o   
Finished building target: Clase03TN
 
05:50:00 **** Incremental Build of configuration Debug for project Clase03TN ****
make all 
Building file: ../src/EjercicioSearchAndReplaceCharacters.cpp
Invoking: GCC C++ Compiler
g++ -O0 -g3 -Wall -c -fmessage-length=0 -MMD -MP -MF"src/EjercicioSearchAndReplaceCharacters.d" -MT"src/EjercicioSearchAndReplaceCharacters.o" -o "src/EjercicioSearchAndReplaceCharacters.o" "../src/EjercicioSearchAndReplaceCharacters.cpp"
Finished building: ../src/EjercicioSearchAndReplaceCharacters.cpp
 
Building target: Clase03TN
Invoking: GCC C++ Linker
g++  -o "Clase03TN" ./src/EjercicioSearchAndReplaceCharacters.o   
Finished building target: Clase03TN
 
05:50:30 **** Incremental Build of configuration Debug for project Clase03TN ****
make all 
Building file: ../src/EjercicioSearchAndReplaceCharacters.cpp
Invoking: GCC C++ Compiler
g++ -O0 -g3 -Wall -c -fmessage-length=0 -MMD -MP -MF"src/EjercicioSearchAndReplaceCharacters.d" -MT"src/EjercicioSearchAndReplaceCharacters.o" -o "src/EjercicioSearchAndReplaceCharacters.o" "../src/EjercicioSearchAndReplaceCharacters.cpp"
Finished building: ../src/EjercicioSearchAndReplaceCharacters.cpp
 
Building target: Clase03TN
Invoking: GCC C++ Linker
g++  -o "Clase03TN" ./src/EjercicioSearchAndReplaceCharacters.o   
Finished building target: Clase03TN
 
05:54:05 **** Incremental Build of configuration Debug for project Clase03TN ****
make all 
Building file: ../src/EjercicioSearchAndReplaceCharacters.cpp
Invoking: GCC C++ Compiler
g++ -O0 -g3 -Wall -c -fmessage-length=0 -MMD -MP -MF"src/EjercicioSearchAndReplaceCharacters.d" -MT"src/EjercicioSearchAndReplaceCharacters.o" -o "src/EjercicioSearchAndReplaceCharacters.o" "../src/EjercicioSearchAndReplaceCharacters.cpp"
Finished building: ../src/EjercicioSearchAndReplaceCharacters.cpp
 
Building target: Clase03TN
Invoking: GCC C++ Linker
g++  -o "Clase03TN" ./src/EjercicioSearchAndReplaceCharacters.o   
Finished building target: Clase03TN
 
05:54:44 **** Incremental Build of configuration Debug for project Clase03TN ****
make all 
make: Nothing to be done for 'all'.
05:54:47 **** Incremental Build of configuration Debug for project Clase03TN ****
make all 
make: Nothing to be done for 'all'.
05:55:20 **** Incremental Build of configuration Debug for project Clase03TN ****
make all 
Building file: ../src/EjercicioSearchAndReplaceCharacters.cpp
Invoking: GCC C++ Compiler
g++ -O0 -g3 -Wall -c -fmessage-length=0 -MMD -MP -MF"src/EjercicioSearchAndReplaceCharacters.d" -MT"src/EjercicioSearchAndReplaceCharacters.o" -o "src/EjercicioSearchAndReplaceCharacters.o" "../src/EjercicioSearchAndReplaceCharacters.cpp"
Finished building: ../src/EjercicioSearchAndReplaceCharacters.cpp
 
Building target: Clase03TN
Invoking: GCC C++ Linker
g++  -o "Clase03TN" ./src/EjercicioSearchAndReplaceCharacters.o   
Finished building target: Clase03TN
 
06:03:15 **** Incremental Build of configuration Debug for project Clase03TN ****
make all 
Building file: ../src/EjercicioSearchAndReplaceCharacters.cpp
Invoking: GCC C++ Compiler
g++ -O0 -g3 -Wall -c -fmessage-length=0 -MMD -MP -MF"src/EjercicioSearchAndReplaceCharacters.d" -MT"src/EjercicioSearchAndReplaceCharacters.o" -o "src/EjercicioSearchAndReplaceCharacters.o" "../src/EjercicioSearchAndReplaceCharacters.cpp"
Finished building: ../src/EjercicioSearchAndReplaceCharacters.cpp
 
Building target: Clase03TN
Invoking: GCC C++ Linker
g++  -o "Clase03TN" ./src/EjercicioSearchAndReplaceCharacters.o   
Finished building target: Clase03TN
 
06:05:18 **** Incremental Build of configuration Debug for project Clase03TN ****
make all 
Building file: ../src/EjercicioSearchAndReplaceCharacters.cpp
Invoking: GCC C++ Compiler
g++ -O0 -g3 -Wall -c -fmessage-length=0 -MMD -MP -MF"src/EjercicioSearchAndReplaceCharacters.d" -MT"src/EjercicioSearchAndReplaceCharacters.o" -o "src/EjercicioSearchAndReplaceCharacters.o" "../src/EjercicioSearchAndReplaceCharacters.cpp"
../src/EjercicioSearchAndReplaceCharacters.cpp: In function ‘int main()’:
../src/EjercicioSearchAndReplaceCharacters.cpp:33:14: warning: unused variable ‘textoReemplazo’ [-Wunused-variable]
   33 |         char textoReemplazo[] = "raul";
      |              ^~~~~~~~~~~~~~
Finished building: ../src/EjercicioSearchAndReplaceCharacters.cpp
 
Building target: Clase03TN
Invoking: GCC C++ Linker
g++  -o "Clase03TN" ./src/EjercicioSearchAndReplaceCharacters.o   
Finished building target: Clase03TN
 
06:05:31 **** Incremental Build of configuration Debug for project Clase03TN ****
make all 
Building file: ../src/EjercicioSearchAndReplaceCharacters.cpp
Invoking: GCC C++ Compiler
g++ -O0 -g3 -Wall -c -fmessage-length=0 -MMD -MP -MF"src/EjercicioSearchAndReplaceCharacters.d" -MT"src/EjercicioSearchAndReplaceCharacters.o" -o "src/EjercicioSearchAndReplaceCharacters.o" "../src/EjercicioSearchAndReplaceCharacters.cpp"
../src/EjercicioSearchAndReplaceCharacters.cpp: In function ‘int main()’:
../src/EjercicioSearchAndReplaceCharacters.cpp:33:14: warning: unused variable ‘textoReemplazo’ [-Wunused-variable]
   33 |         char textoReemplazo[] = "raul";
      |              ^~~~~~~~~~~~~~
Finished building: ../src/EjercicioSearchAndReplaceCharacters.cpp
 
Building target: Clase03TN
Invoking: GCC C++ Linker
g++  -o "Clase03TN" ./src/EjercicioSearchAndReplaceCharacters.o   
Finished building target: Clase03TN
 
06:05:46 **** Incremental Build of configuration Debug for project Clase03TN ****
make all 
Building file: ../src/EjercicioSearchAndReplaceCharacters.cpp
Invoking: GCC C++ Compiler
g++ -O0 -g3 -Wall -c -fmessage-length=0 -MMD -MP -MF"src/EjercicioSearchAndReplaceCharacters.d" -MT"src/EjercicioSearchAndReplaceCharacters.o" -o "src/EjercicioSearchAndReplaceCharacters.o" "../src/EjercicioSearchAndReplaceCharacters.cpp"
../src/EjercicioSearchAndReplaceCharacters.cpp: In function ‘int main()’:
../src/EjercicioSearchAndReplaceCharacters.cpp:33:14: warning: unused variable ‘textoReemplazo’ [-Wunused-variable]
   33 |         char textoReemplazo[] = "raul";
      |              ^~~~~~~~~~~~~~
Finished building: ../src/EjercicioSearchAndReplaceCharacters.cpp
 
Building target: Clase03TN
Invoking: GCC C++ Linker
g++  -o "Clase03TN" ./src/EjercicioSearchAndReplaceCharacters.o   
Finished building target: Clase03TN
 
06:22:05 **** Incremental Build of configuration Debug for project Clase03TN ****
make all 
Building file: ../src/EjercicioSearchAndReplaceCharacters.cpp
Invoking: GCC C++ Compiler
g++ -O0 -g3 -Wall -c -fmessage-length=0 -MMD -MP -MF"src/EjercicioSearchAndReplaceCharacters.d" -MT"src/EjercicioSearchAndReplaceCharacters.o" -o "src/EjercicioSearchAndReplaceCharacters.o" "../src/EjercicioSearchAndReplaceCharacters.cpp"
Finished building: ../src/EjercicioSearchAndReplaceCharacters.cpp
 
Building target: Clase03TN
Invoking: GCC C++ Linker
g++  -o "Clase03TN" ./src/EjercicioSearchAndReplaceCharacters.o   
Finished building target: Clase03TN
 
06:22:24 **** Incremental Build of configuration Debug for project Clase03TN ****
make all 
Building file: ../src/EjercicioSearchAndReplaceCharacters.cpp
Invoking: GCC C++ Compiler
g++ -O0 -g3 -Wall -c -fmessage-length=0 -MMD -MP -MF"src/EjercicioSearchAndReplaceCharacters.d" -MT"src/EjercicioSearchAndReplaceCharacters.o" -o "src/EjercicioSearchAndReplaceCharacters.o" "../src/EjercicioSearchAndReplaceCharacters.cpp"
Finished building: ../src/EjercicioSearchAndReplaceCharacters.cpp
 
Building target: Clase03TN
Invoking: GCC C++ Linker
g++  -o "Clase03TN" ./src/EjercicioSearchAndReplaceCharacters.o   
Finished building target: Clase03TN
 
06:23:32 **** Incremental Build of configuration Debug for project Clase03TN ****
make all 
Building file: ../src/EjercicioSearchAndReplaceCharacters.cpp
Invoking: GCC C++ Compiler
g++ -O0 -g3 -Wall -c -fmessage-length=0 -MMD -MP -MF"src/EjercicioSearchAndReplaceCharacters.d" -MT"src/EjercicioSearchAndReplaceCharacters.o" -o "src/EjercicioSearchAndReplaceCharacters.o" "../src/EjercicioSearchAndReplaceCharacters.cpp"
Finished building: ../src/EjercicioSearchAndReplaceCharacters.cpp
 
Building target: Clase03TN
Invoking: GCC C++ Linker
g++  -o "Clase03TN" ./src/EjercicioSearchAndReplaceCharacters.o   
Finished building target: Clase03TN
 
16:36:53 **** Build of configuration Debug for project Matrices ****
make all 
Building file: ../src/Matrices.cpp
Invoking: Cross G++ Compiler
g++ -O0 -g3 -Wall -c -fmessage-length=0 -MMD -MP -MF"src/Matrices.d" -MT"src/Matrices.o" -o "src/Matrices.o" "../src/Matrices.cpp"
Finished building: ../src/Matrices.cpp
 
Building target: Matrices
Invoking: Cross G++ Linker
g++  -o "Matrices" ./src/Matrices.o   
/bin/ld: /usr/lib/gcc/x86_64-linux-gnu/11/../../../x86_64-linux-gnu/Scrt1.o: in function `_start':
(.text+0x1b): undefined reference to `main'
collect2: error: ld returned 1 exit status
make: *** [makefile:58: Matrices] Error 1
"make all" terminated with exit code 2. Build might be incomplete.
16:37:06 **** Incremental Build of configuration Debug for project Matrices ****
make all 
Building target: Matrices
Invoking: Cross G++ Linker
g++  -o "Matrices" ./src/Matrices.o   
/bin/ld: /usr/lib/gcc/x86_64-linux-gnu/11/../../../x86_64-linux-gnu/Scrt1.o: in function `_start':
(.text+0x1b): undefined reference to `main'
collect2: error: ld returned 1 exit status
make: *** [makefile:58: Matrices] Error 1
"make all" terminated with exit code 2. Build might be incomplete.
16:37:34 **** Incremental Build of configuration Debug for project Matrices ****
make all 
Building target: Matrices
Invoking: Cross G++ Linker
g++  -o "Matrices" ./src/Matrices.o   
/bin/ld: /usr/lib/gcc/x86_64-linux-gnu/11/../../../x86_64-linux-gnu/Scrt1.o: in function `_start':
(.text+0x1b): undefined reference to `main'
collect2: error: ld returned 1 exit status
make: *** [makefile:58: Matrices] Error 1
"make all" terminated with exit code 2. Build might be incomplete.
16:37:39 **** Incremental Build of configuration Debug for project Matrices ****
make all 
Building file: ../src/Matrices.cpp
Invoking: Cross G++ Compiler
g++ -O0 -g3 -Wall -c -fmessage-length=0 -MMD -MP -MF"src/Matrices.d" -MT"src/Matrices.o" -o "src/Matrices.o" "../src/Matrices.cpp"
../src/Matrices.cpp: In function ‘int main()’:
../src/Matrices.cpp:9:15: warning: unused variable ‘matrix’ [-Wunused-variable]
    9 |         int **matrix = new int*[3];
      |               ^~~~~~
Finished building: ../src/Matrices.cpp
 
Building target: Matrices
Invoking: Cross G++ Linker
g++  -o "Matrices" ./src/Matrices.o   
Finished building target: Matrices
 
16:41:24 **** Incremental Build of configuration Debug for project Matrices ****
make all 
Building file: ../src/Matrices.cpp
Invoking: Cross G++ Compiler
g++ -O0 -g3 -Wall -c -fmessage-length=0 -MMD -MP -MF"src/Matrices.d" -MT"src/Matrices.o" -o "src/Matrices.o" "../src/Matrices.cpp"
Finished building: ../src/Matrices.cpp
 
Building target: Matrices
Invoking: Cross G++ Linker
g++  -o "Matrices" ./src/Matrices.o   
Finished building target: Matrices
 
16:47:56 **** Incremental Build of configuration Debug for project Matrices ****
make all 
Building file: ../src/Matrices.cpp
Invoking: Cross G++ Compiler
g++ -O0 -g3 -Wall -c -fmessage-length=0 -MMD -MP -MF"src/Matrices.d" -MT"src/Matrices.o" -o "src/Matrices.o" "../src/Matrices.cpp"
../src/Matrices.cpp: In function ‘void PrintMatrix(int**)’:
../src/Matrices.cpp:28:31: error: ‘rows’ was not declared in this scope; did you mean ‘row’?
   28 |         for(int row = 0;row < rows ; row++){
      |                               ^~~~
      |                               row
../src/Matrices.cpp:29:45: error: ‘columns’ was not declared in this scope; did you mean ‘column’?
   29 |                 for(int column = 0;column < columns;column++){
      |                                             ^~~~~~~
      |                                             column
make: *** [src/subdir.mk:20: src/Matrices.o] Error 1
"make all" terminated with exit code 2. Build might be incomplete.
16:49:09 **** Incremental Build of configuration Debug for project Matrices ****
make all 
Building file: ../src/Matrices.cpp
Invoking: Cross G++ Compiler
g++ -O0 -g3 -Wall -c -fmessage-length=0 -MMD -MP -MF"src/Matrices.d" -MT"src/Matrices.o" -o "src/Matrices.o" "../src/Matrices.cpp"
../src/Matrices.cpp: In function ‘void PrintMatrix(int**)’:
../src/Matrices.cpp:28:31: error: ‘rows’ was not declared in this scope; did you mean ‘row’?
   28 |         for(int row = 0;row < rows ; row++){
      |                               ^~~~
      |                               row
../src/Matrices.cpp:29:45: error: ‘columns’ was not declared in this scope; did you mean ‘column’?
   29 |                 for(int column = 0;column < columns;column++){
      |                                             ^~~~~~~
      |                                             column
make: *** [src/subdir.mk:20: src/Matrices.o] Error 1
"make all" terminated with exit code 2. Build might be incomplete.
16:49:30 **** Incremental Build of configuration Debug for project Matrices ****
make all 
Building file: ../src/Matrices.cpp
Invoking: Cross G++ Compiler
g++ -O0 -g3 -Wall -c -fmessage-length=0 -MMD -MP -MF"src/Matrices.d" -MT"src/Matrices.o" -o "src/Matrices.o" "../src/Matrices.cpp"
../src/Matrices.cpp: In function ‘void PrintMatrix(int**)’:
../src/Matrices.cpp:28:31: error: ‘rows’ was not declared in this scope; did you mean ‘row’?
   28 |         for(int row = 0;row < rows ; row++){
      |                               ^~~~
      |                               row
../src/Matrices.cpp:29:45: error: ‘columns’ was not declared in this scope; did you mean ‘column’?
   29 |                 for(int column = 0;column < columns;column++){
      |                                             ^~~~~~~
      |                                             column
make: *** [src/subdir.mk:20: src/Matrices.o] Error 1
"make all" terminated with exit code 2. Build might be incomplete.
16:50:02 **** Incremental Build of configuration Debug for project Matrices ****
make all 
Building file: ../src/Matrices.cpp
Invoking: Cross G++ Compiler
g++ -O0 -g3 -Wall -c -fmessage-length=0 -MMD -MP -MF"src/Matrices.d" -MT"src/Matrices.o" -o "src/Matrices.o" "../src/Matrices.cpp"
../src/Matrices.cpp: In function ‘void PrintMatrix(int**)’:
../src/Matrices.cpp:28:31: error: ‘rows’ was not declared in this scope; did you mean ‘row’?
   28 |         for(int row = 0;row < rows ; row++){
      |                               ^~~~
      |                               row
../src/Matrices.cpp:29:45: error: ‘columns’ was not declared in this scope; did you mean ‘column’?
   29 |                 for(int column = 0;column < columns;column++){
      |                                             ^~~~~~~
      |                                             column
make: *** [src/subdir.mk:20: src/Matrices.o] Error 1
"make all" terminated with exit code 2. Build might be incomplete.
16:50:27 **** Incremental Build of configuration Debug for project Matrices ****
make all 
Building file: ../src/Matrices.cpp
Invoking: Cross G++ Compiler
g++ -O0 -g3 -Wall -c -fmessage-length=0 -MMD -MP -MF"src/Matrices.d" -MT"src/Matrices.o" -o "src/Matrices.o" "../src/Matrices.cpp"
../src/Matrices.cpp: In function ‘void PrintMatrix(int**)’:
../src/Matrices.cpp:28:31: error: ‘rows’ was not declared in this scope; did you mean ‘row’?
   28 |         for(int row = 0;row < rows ; row++){
      |                               ^~~~
      |                               row
../src/Matrices.cpp:29:45: error: ‘columns’ was not declared in this scope; did you mean ‘column’?
   29 |                 for(int column = 0;column < columns;column++){
      |                                             ^~~~~~~
      |                                             column
make: *** [src/subdir.mk:20: src/Matrices.o] Error 1
"make all" terminated with exit code 2. Build might be incomplete.
16:50:46 **** Incremental Build of configuration Debug for project Matrices ****
make all 
Building file: ../src/Matrices.cpp
Invoking: Cross G++ Compiler
g++ -O0 -g3 -Wall -c -fmessage-length=0 -MMD -MP -MF"src/Matrices.d" -MT"src/Matrices.o" -o "src/Matrices.o" "../src/Matrices.cpp"
Finished building: ../src/Matrices.cpp
 
Building target: Matrices
Invoking: Cross G++ Linker
g++  -o "Matrices" ./src/Matrices.o   
Finished building target: Matrices
 
17:20:44 **** Incremental Build of configuration Debug for project Matrices ****
make all 
make: Nothing to be done for 'all'.
05:19:30 **** Build of configuration Debug for project Clase13TN ****
make all 
Building file: ../src/Clase13.cpp
Invoking: Cross G++ Compiler
g++ -O0 -g3 -Wall -c -fmessage-length=0 -MMD -MP -MF"src/Clase13.d" -MT"src/Clase13.o" -o "src/Clase13.o" "../src/Clase13.cpp"
Finished building: ../src/Clase13.cpp
 
Building file: ../main.cpp
Invoking: Cross G++ Compiler
g++ -O0 -g3 -Wall -c -fmessage-length=0 -MMD -MP -MF"main.d" -MT"main.o" -o "main.o" "../main.cpp"
../main.cpp:2:10: fatal error: Clase13.h: No such file or directory
    2 | #include "Clase13.h"
      |          ^~~~~~~~~~~
compilation terminated.
make: *** [subdir.mk:20: main.o] Error 1
"make all" terminated with exit code 2. Build might be incomplete.
05:20:11 **** Incremental Build of configuration Debug for project Clase13TN ****
make all 
Building file: ../src/Clase13.cpp
Invoking: Cross G++ Compiler
g++ -O0 -g3 -Wall -c -fmessage-length=0 -MMD -MP -MF"src/Clase13.d" -MT"src/Clase13.o" -o "src/Clase13.o" "../src/Clase13.cpp"
Finished building: ../src/Clase13.cpp
 
Building file: ../src/main.cpp
Invoking: Cross G++ Compiler
g++ -O0 -g3 -Wall -c -fmessage-length=0 -MMD -MP -MF"src/main.d" -MT"src/main.o" -o "src/main.o" "../src/main.cpp"
../src/main.cpp: In function ‘int main()’:
../src/main.cpp:7:14: error: ‘funcion’ was not declared in this scope; did you mean ‘union’?
    7 |         int (funcion*)(int,int);
      |              ^~~~~~~
      |              union
../src/main.cpp:7:9: error: expected primary-expression before ‘int’
    7 |         int (funcion*)(int,int);
      |         ^~~
make: *** [src/subdir.mk:23: src/main.o] Error 1
"make all" terminated with exit code 2. Build might be incomplete.
05:20:42 **** Incremental Build of configuration Debug for project Clase13TN ****
make all 
Building file: ../src/main.cpp
Invoking: Cross G++ Compiler
g++ -O0 -g3 -Wall -c -fmessage-length=0 -MMD -MP -MF"src/main.d" -MT"src/main.o" -o "src/main.o" "../src/main.cpp"
../src/main.cpp: In function ‘int main()’:
../src/main.cpp:7:15: warning: unused variable ‘funcion’ [-Wunused-variable]
    7 |         int (*funcion)(int,int);
      |               ^~~~~~~
Finished building: ../src/main.cpp
 
Building target: Clase13TN
Invoking: Cross G++ Linker
g++  -o "Clase13TN" ./src/Clase13.o ./src/main.o   
Finished building target: Clase13TN
 
05:22:19 **** Incremental Build of configuration Debug for project Clase13TN ****
make all 
Building file: ../src/main.cpp
Invoking: Cross G++ Compiler
g++ -O0 -g3 -Wall -c -fmessage-length=0 -MMD -MP -MF"src/main.d" -MT"src/main.o" -o "src/main.o" "../src/main.cpp"
../src/main.cpp: In function ‘int main()’:
../src/main.cpp:9:1: error: expected primary-expression before ‘|’ token
    9 | |       funcion = Suma;
      | ^
make: *** [src/subdir.mk:23: src/main.o] Error 1
"make all" terminated with exit code 2. Build might be incomplete.
05:23:48 **** Incremental Build of configuration Debug for project Clase13TN ****
make all 
Building file: ../src/main.cpp
Invoking: Cross G++ Compiler
g++ -O0 -g3 -Wall -c -fmessage-length=0 -MMD -MP -MF"src/main.d" -MT"src/main.o" -o "src/main.o" "../src/main.cpp"
Finished building: ../src/main.cpp
 
Building target: Clase13TN
Invoking: Cross G++ Linker
g++  -o "Clase13TN" ./src/Clase13.o ./src/main.o   
Finished building target: Clase13TN
 
05:23:53 **** Incremental Build of configuration Debug for project Clase13TN ****
make all 
make: Nothing to be done for 'all'.
07:09:36 **** Incremental Build of configuration Debug for project Clase13TN ****
make all 
Building file: ../src/main.cpp
Invoking: Cross G++ Compiler
g++ -O0 -g3 -Wall -c -fmessage-length=0 -MMD -MP -MF"src/main.d" -MT"src/main.o" -o "src/main.o" "../src/main.cpp"
../src/main.cpp: In function ‘int main()’:
../src/main.cpp:10:41: error: expected initializer before ‘punteroFuncion’
   10 |         typedef int (*funcion)(int,int) punteroFuncion;
      |                                         ^~~~~~~~~~~~~~
../src/main.cpp:12:10: error: ‘punteroFuncion’ was not declared in this scope; did you mean ‘PunterosAFuncion’?
   12 |         *punteroFuncion = Suma;
      |          ^~~~~~~~~~~~~~
      |          PunterosAFuncion
../src/main.cpp:14:17: error: ‘funcion’ was not declared in this scope; did you mean ‘union’?
   14 |         cout << funcion(10,20);
      |                 ^~~~~~~
      |                 union
make: *** [src/subdir.mk:23: src/main.o] Error 1
"make all" terminated with exit code 2. Build might be incomplete.
07:10:26 **** Incremental Build of configuration Debug for project Clase13TN ****
make all 
Building file: ../src/main.cpp
Invoking: Cross G++ Compiler
g++ -O0 -g3 -Wall -c -fmessage-length=0 -MMD -MP -MF"src/main.d" -MT"src/main.o" -o "src/main.o" "../src/main.cpp"
../src/main.cpp: In function ‘int main()’:
../src/main.cpp:12:17: error: expected unqualified-id before ‘=’ token
   12 |         funcion = Suma;
      |                 ^
../src/main.cpp:14:30: error: expression list treated as compound expression in functional cast [-fpermissive]
   14 |         cout << funcion(10,20);
      |                              ^
../src/main.cpp:14:25: warning: left operand of comma operator has no effect [-Wunused-value]
   14 |         cout << funcion(10,20);
      |                         ^~
../src/main.cpp:14:17: warning: cast to pointer from integer of different size [-Wint-to-pointer-cast]
   14 |         cout << funcion(10,20);
      |                 ^~~~~~~~~~~~~~
make: *** [src/subdir.mk:23: src/main.o] Error 1
"make all" terminated with exit code 2. Build might be incomplete.
07:14:12 **** Incremental Build of configuration Debug for project Clase13TN ****
make all 
Building file: ../src/main.cpp
Invoking: Cross G++ Compiler
g++ -O0 -g3 -Wall -c -fmessage-length=0 -MMD -MP -MF"src/main.d" -MT"src/main.o" -o "src/main.o" "../src/main.cpp"
../src/main.cpp: In function ‘int main()’:
../src/main.cpp:10:41: error: expected initializer before ‘funcion’
   10 |         typedef int (*funcion)(int,int) funcion;
      |                                         ^~~~~~~
../src/main.cpp:12:9: error: ‘funcion’ was not declared in this scope; did you mean ‘union’?
   12 |         funcion miFuncion = Suma;
      |         ^~~~~~~
      |         union
../src/main.cpp:14:17: error: ‘miFuncion’ was not declared in this scope
   14 |         cout << miFuncion(10,20);
      |                 ^~~~~~~~~
make: *** [src/subdir.mk:23: src/main.o] Error 1
"make all" terminated with exit code 2. Build might be incomplete.
07:17:16 **** Incremental Build of configuration Debug for project Clase13TN ****
make all 
Building file: ../src/main.cpp
Invoking: Cross G++ Compiler
g++ -O0 -g3 -Wall -c -fmessage-length=0 -MMD -MP -MF"src/main.d" -MT"src/main.o" -o "src/main.o" "../src/main.cpp"
Finished building: ../src/main.cpp
 
Building target: Clase13TN
Invoking: Cross G++ Linker
g++  -o "Clase13TN" ./src/Clase13.o ./src/main.o   
Finished building target: Clase13TN
 
07:17:21 **** Incremental Build of configuration Debug for project Clase13TN ****
make all 
make: Nothing to be done for 'all'.
07:18:19 **** Incremental Build of configuration Debug for project Clase13TN ****
make all 
Building file: ../src/main.cpp
Invoking: Cross G++ Compiler
g++ -O0 -g3 -Wall -c -fmessage-length=0 -MMD -MP -MF"src/main.d" -MT"src/main.o" -o "src/main.o" "../src/main.cpp"
Finished building: ../src/main.cpp
 
Building target: Clase13TN
Invoking: Cross G++ Linker
g++  -o "Clase13TN" ./src/Clase13.o ./src/main.o   
Finished building target: Clase13TN
 
07:18:21 **** Incremental Build of configuration Debug for project Clase13TN ****
make all 
make: Nothing to be done for 'all'.
